#
# A fatal error has been detected by the Java Runtime Environment:
#
#  SIGSEGV (0xb) at pc=0x00007f88fa5f1824, pid=14565, tid=3080
#
# JRE version: OpenJDK Runtime Environment (11.0.13+8) (build 11.0.13+8)
# Java VM: OpenJDK 64-Bit Server VM (11.0.13+8, mixed mode, tiered, compressed oops, g1 gc, linux-amd64)
# Problematic frame:
# V  [libjvm.so+0x8bb824]
#
# No core dump will be written. Core dumps have been disabled. To enable core dumping, try "ulimit -c unlimited" before starting Java again
#
# If you would like to submit a bug report, please visit:
#   https://bugreport.java.com/bugreport/crash.jsp
#

---------------  S U M M A R Y ------------

Command Line: -Xverify:none -XX:TieredStopAtLevel=1 com.irdaislakhuafa.kopmart.KopmartApplication

Host: Intel(R) Core(TM) i3-8145U CPU @ 2.10GHz, 4 cores, 3G, Artix Linux
Time: Wed Feb  9 20:07:54 2022 WIB elapsed time: 168.539037 seconds (0d 0h 2m 48s)

---------------  T H R E A D  ---------------

Current thread (0x00007f8898054800):  JavaThread "restartedMain" [_thread_in_vm, id=3080, stack(0x00007f88b6c0a000,0x00007f88b6d0b000)]

Stack: [0x00007f88b6c0a000,0x00007f88b6d0b000],  sp=0x00007f88dc8618de,  free space=618846k
Native frames: (J=compiled Java code, A=aot compiled Java code, j=interpreted, Vv=VM code, C=native code)
V  [libjvm.so+0x8bb824]

Java frames: (J=compiled Java code, j=interpreted, Vv=VM code)

[error occurred during error reporting (printing Java stack), id 0xb, SIGSEGV (0xb) at pc=0x00007f88fa916d54]


siginfo: si_signo: 11 (SIGSEGV), si_code: 128 (SI_KERNEL), si_addr: 0x0000000000000000

Register to memory mapping:

RAX=0x00007f88fb033ea0: <offset 0x00000000012fdea0> in /usr/lib/jvm/java-11-openjdk/lib/server/libjvm.so at 0x00007f88f9d36000
RBX=0x00007f8898054800 is a thread
RCX=0x000000000000006a is an unknown value
RDX=0x00007f8898054800 is a thread
RSP=
[error occurred during error reporting (printing register info), id 0xb, SIGSEGV (0xb) at pc=0x00007f88faaca341]

Registers:
RAX=0x00007f88fb033ea0, RBX=0x00007f8898054800, RCX=0x000000000000006a, RDX=0x00007f8898054800
RSP=0x00007f88dc8618de, RBP=0x00007f88dc86197e, RSI=0x00007f8898054800, RDI=0x00007f8898054b28
R8 =0x000000007e75fe2d, R9 =0x00007f88f4098750, R10=0x000000000000001e, R11=0x000000000000001d
R12=0x00007f88f82e90f8, R13=0x0000000000000001, R14=0x00007f88dc8618ee, R15=0x00007f88dc86191e
RIP=0x00007f88fa5f1824, EFLAGS=0x0000000000010216, CSGSFS=0x002b000000000033, ERR=0x0000000000000000
  TRAPNO=0x000000000000000d

Top of Stack: (sp=0x00007f88dc8618de)
0x00007f88dc8618d8:   e8da24ff4100007f 000092e900000005
0x00007f88dc8618e8:   894c0824448d4800 77f8c5ff8b49c06d
0x00007f88dc8618f8:   4900000338af8949 c4f7000003288789
0x00007f88dc861908:   0012840f0000000f 99f608ec83480000
0x00007f88dc861918:   e90800007f88faae 

Instructions: (pc=0x00007f88fa5f1824)
0x00007f88fa5f1724:   a6 0f 1f 00 48 8d 05 93 78 a0 00 80 38 00 74 4a
0x00007f88fa5f1734:   48 8d 05 55 3f 9f 00 4c 39 30 74 3e 4c 8d 2d b9
0x00007f88fa5f1744:   15 a2 00 49 8b 7d 00 67 e8 0f da 3a 00 48 8b 05
0x00007f88fa5f1754:   20 93 a0 00 49 8b 7d 00 4d 89 e0 4c 89 f1 48 8d
0x00007f88fa5f1764:   35 67 12 67 00 8b 10 31 c0 67 e8 6d d4 3a 00 4c
0x00007f88fa5f1774:   8b 2d 06 93 a0 00 49 63 75 00 41 39 75 04 74 52
0x00007f88fa5f1784:   8d 46 01 41 89 45 00 49 8b 45 18 4c 89 24 f0 48
0x00007f88fa5f1794:   8b 1d de 92 a0 00 48 63 33 3b 73 04 74 27 8d 46
0x00007f88fa5f17a4:   01 89 03 48 8b 43 18 4c 89 34 f0 e9 17 ff ff ff
0x00007f88fa5f17b4:   0f 1f 40 00 e8 e3 bb ff ff 4c 8b 2d bc 92 a0 00
0x00007f88fa5f17c4:   e9 c5 fe ff ff 48 89 df e8 6f 5c 00 00 48 63 33
0x00007f88fa5f17d4:   eb cc 4c 89 ef e8 62 5b 00 00 49 63 75 00 eb a0
0x00007f88fa5f17e4:   f3 0f 1e fa 49 89 c4 e9 9a a5 9d ff f3 0f 1e fa
0x00007f88fa5f17f4:   55 66 0f ef c0 48 89 e5 41 57 41 56 4c 8d 7d a0
0x00007f88fa5f1804:   4c 8d b5 70 ff ff ff 41 55 41 89 f5 41 54 53 48
0x00007f88fa5f1814:   89 fb 48 81 c7 28 03 00 00 48 89 de 48 83 ec 78
0x00007f88fa5f1824:   0f 29 85 70 ff ff ff 0f 29 45 90 48 89 95 68 ff
0x00007f88fa5f1834:   ff ff 48 c7 45 80 00 00 00 00 c7 45 88 02 00 00
0x00007f88fa5f1844:   00 67 e8 95 e2 ec ff 48 89 de 4c 89 ff 67 e8 d9
0x00007f88fa5f1854:   db 54 00 66 0f 6f 4d a0 66 0f 6f 55 b0 4c 89 f7
0x00007f88fa5f1864:   66 0f 6f 5d c0 0f 29 8d 70 ff ff ff 0f 29 55 80
0x00007f88fa5f1874:   0f 29 5d 90 67 e8 92 b0 ec ff 66 48 0f 6e e3 66
0x00007f88fa5f1884:   48 0f 6e c0 49 89 c4 66 0f 6c c4 0f 29 45 a0 48
0x00007f88fa5f1894:   85 c0 74 20 48 8b 9b 88 02 00 00 48 63 33 3b 73
0x00007f88fa5f18a4:   04 74 69 8d 46 01 89 03 48 8b 43 18 4c 89 24 f0
0x00007f88fa5f18b4:   4c 8b 65 a0 4c 89 f7 67 e8 bf b0 ec ff 48 89 c6
0x00007f88fa5f18c4:   4c 89 e7 67 e8 a3 57 32 00 41 89 c4 48 8b 45 a0
0x00007f88fa5f18d4:   48 85 c0 74 15 48 8b 78 10 48 85 ff 74 3e 44 89
0x00007f88fa5f18e4:   ea 44 89 e6 67 e8 f2 f8 e1 ff 4c 89 ff 67 e8 e9
0x00007f88fa5f18f4:   8a f9 ff 48 83 c4 78 5b 41 5c 41 5d 41 5e 41 5f
0x00007f88fa5f1904:   5d c3 66 2e 0f 1f 84 00 00 00 00 00 48 89 df e8
0x00007f88fa5f1914:   18 ea b9 ff 48 63 33 eb 8a 0f 1f 00 48 8b 9d 68 




---------------  P R O C E S S  ---------------

Threads class SMR info:
_java_thread_list=0x00007f88802d5610, length=15, elements={
0x00007f88f40f6800, 0x00007f88f40fb000, 0x00007f88f410f800, 0x00007f88f4111800,
0x00007f88f4114000, 0x00007f88f4116000, 0x00007f88f41a8000, 0x00007f889550e000,
0x00007f88f4017800, 0x00007f887400c800, 0x00007f8898054800, 0x00007f88802d1000,
0x00007f88802d2000, 0x00007f887c003800, 0x00007f88802d4800
}

Java Threads: ( => current thread )
  0x00007f88f40f6800 JavaThread "Reference Handler" daemon [_thread_blocked, id=14574, stack(0x00007f88f8064000,0x00007f88f8165000)]
  0x00007f88f40fb000 JavaThread "Finalizer" daemon [_thread_blocked, id=14575, stack(0x00007f88d412f000,0x00007f88d4230000)]
  0x00007f88f410f800 JavaThread "Signal Dispatcher" daemon [_thread_blocked, id=14576, stack(0x00007f88d402e000,0x00007f88d412f000)]
  0x00007f88f4111800 JavaThread "Service Thread" daemon [_thread_blocked, id=14577, stack(0x00007f88b7c18000,0x00007f88b7d19000)]
  0x00007f88f4114000 JavaThread "C1 CompilerThread0" daemon [_thread_blocked, id=14578, stack(0x00007f88b7b17000,0x00007f88b7c18000)]
  0x00007f88f4116000 JavaThread "Sweeper thread" daemon [_thread_blocked, id=14579, stack(0x00007f88b7a16000,0x00007f88b7b17000)]
  0x00007f88f41a8000 JavaThread "Common-Cleaner" daemon [_thread_blocked, id=14581, stack(0x00007f88b7813000,0x00007f88b7914000)]
  0x00007f889550e000 JavaThread "Live Reload Server" daemon [_thread_in_native, id=15498, stack(0x00007f886fbfc000,0x00007f886fcfd000)]
  0x00007f88f4017800 JavaThread "DestroyJavaVM" [_thread_blocked, id=14566, stack(0x00007f88f98bf000,0x00007f88f99c0000)]
  0x00007f887400c800 JavaThread "Thread-5" [_thread_blocked, id=2997, stack(0x00007f886edf6000,0x00007f886eef7000)]
=>0x00007f8898054800 JavaThread "restartedMain" [_thread_in_vm, id=3080, stack(0x00007f88b6c0a000,0x00007f88b6d0b000)]
  0x00007f88802d1000 JavaThread "Catalina-utility-1" [_thread_blocked, id=3194, stack(0x00007f88b5307000,0x00007f88b5408000)]
  0x00007f88802d2000 JavaThread "container-0" [_thread_blocked, id=3195, stack(0x00007f88b6509000,0x00007f88b660a000)]
  0x00007f887c003800 JavaThread "Catalina-utility-2" [_thread_blocked, id=3200, stack(0x00007f88b5808000,0x00007f88b5909000)]
  0x00007f88802d4800 JavaThread "HikariPool-2 housekeeper" daemon [_thread_in_Java, id=3225, stack(0x00007f886f9fa000,0x00007f886fafb000)]

Other Threads:
  0x00007f88f40ee800 VMThread "VM Thread" [stack: 0x00007f88f8167000,0x00007f88f8267000] [id=14573]
  0x00007f88f419e800 WatcherThread [stack: 0x00007f88b7916000,0x00007f88b7a16000] [id=14580]
  0x00007f88f402f000 GCTaskThread "GC Thread#0" [stack: 0x00007f88f9576000,0x00007f88f9676000] [id=14568]
  0x00007f88c4001000 GCTaskThread "GC Thread#1" [stack: 0x00007f88b7713000,0x00007f88b7813000] [id=14651]
  0x00007f88c4004000 GCTaskThread "GC Thread#2" [stack: 0x00007f88b6e0f000,0x00007f88b6f0f000] [id=14672]
  0x00007f88c4005000 GCTaskThread "GC Thread#3" [stack: 0x00007f88b6d0d000,0x00007f88b6e0d000] [id=14673]
  0x00007f88f4049800 ConcurrentGCThread "G1 Main Marker" [stack: 0x00007f88f8ab9000,0x00007f88f8bb9000] [id=14569]
  0x00007f88f404b800 ConcurrentGCThread "G1 Conc#0" [stack: 0x00007f88f89b7000,0x00007f88f8ab7000] [id=14570]
  0x00007f88f408d000 ConcurrentGCThread "G1 Refine#0" [stack: 0x00007f88f84b1000,0x00007f88f85b1000] [id=14571]
  0x00007f88f408f000 ConcurrentGCThread "G1 Young RemSet Sampling" [stack: 0x00007f88f83af000,0x00007f88f84af000] [id=14572]

Threads with active compile tasks:

VM state:not at safepoint (normal execution)

VM Mutex/Monitor currently owned by a thread: None

Heap address: 0x00000000c4600000, size: 954 MB, Compressed Oops mode: 32-bit
Narrow klass base: 0x0000000000000000, Narrow klass shift: 3
Compressed class space size: 1073741824 Address: 0x0000000100000000

Heap:
 garbage-first heap   total 99328K, used 73659K [0x00000000c4600000, 0x0000000100000000)
  region size 1024K, 48 young (49152K), 4 survivors (4096K)
 Metaspace       used 67800K, capacity 69803K, committed 69968K, reserved 1110016K
  class space    used 8892K, capacity 9698K, committed 9728K, reserved 1048576K
Heap Regions: E=young(eden), S=young(survivor), O=old, HS=humongous(starts), HC=humongous(continues), CS=collection set, F=free, A=archive, TAMS=top-at-mark-start (previous, next)
|   0|0x00000000c4600000, 0x00000000c4700000, 0x00000000c4700000|100%|HS|  |TAMS 0x00000000c4600000, 0x00000000c4600000| Untracked 
|   1|0x00000000c4700000, 0x00000000c47ffff8, 0x00000000c4800000| 99%| O|  |TAMS 0x00000000c4700000, 0x00000000c4700000| Untracked 
|   2|0x00000000c4800000, 0x00000000c48fffa0, 0x00000000c4900000| 99%| O|  |TAMS 0x00000000c4800000, 0x00000000c4800000| Untracked 
|   3|0x00000000c4900000, 0x00000000c4a00000, 0x00000000c4a00000|100%| O|  |TAMS 0x00000000c4900000, 0x00000000c4900000| Untracked 
|   4|0x00000000c4a00000, 0x00000000c4afbb10, 0x00000000c4b00000| 98%| O|  |TAMS 0x00000000c4a00000, 0x00000000c4a00000| Untracked 
|   5|0x00000000c4b00000, 0x00000000c4bfffe0, 0x00000000c4c00000| 99%| O|  |TAMS 0x00000000c4b00000, 0x00000000c4b00000| Untracked 
|   6|0x00000000c4c00000, 0x00000000c4d00000, 0x00000000c4d00000|100%| O|  |TAMS 0x00000000c4c00000, 0x00000000c4c00000| Untracked 
|   7|0x00000000c4d00000, 0x00000000c4dffff0, 0x00000000c4e00000| 99%| O|  |TAMS 0x00000000c4d00000, 0x00000000c4d00000| Untracked 
|   8|0x00000000c4e00000, 0x00000000c4effff0, 0x00000000c4f00000| 99%| O|  |TAMS 0x00000000c4e00000, 0x00000000c4e00000| Untracked 
|   9|0x00000000c4f00000, 0x00000000c4ffffb0, 0x00000000c5000000| 99%| O|  |TAMS 0x00000000c4f00000, 0x00000000c4f00000| Untracked 
|  10|0x00000000c5000000, 0x00000000c5100000, 0x00000000c5100000|100%| O|  |TAMS 0x00000000c5000000, 0x00000000c5000000| Untracked 
|  11|0x00000000c5100000, 0x00000000c5200000, 0x00000000c5200000|100%| O|  |TAMS 0x00000000c5100000, 0x00000000c5100000| Untracked 
|  12|0x00000000c5200000, 0x00000000c52fffb8, 0x00000000c5300000| 99%| O|  |TAMS 0x00000000c5200000, 0x00000000c5200000| Untracked 
|  13|0x00000000c5300000, 0x00000000c5400000, 0x00000000c5400000|100%| O|  |TAMS 0x00000000c5300000, 0x00000000c5300000| Untracked 
|  14|0x00000000c5400000, 0x00000000c54ffff0, 0x00000000c5500000| 99%| O|  |TAMS 0x00000000c5400000, 0x00000000c5400000| Untracked 
|  15|0x00000000c5500000, 0x00000000c55ffff8, 0x00000000c5600000| 99%| O|  |TAMS 0x00000000c5500000, 0x00000000c5500000| Untracked 
|  16|0x00000000c5600000, 0x00000000c56fffc0, 0x00000000c5700000| 99%| O|  |TAMS 0x00000000c5600000, 0x00000000c5600000| Untracked 
|  17|0x00000000c5700000, 0x00000000c5785cc8, 0x00000000c5800000| 52%| O|  |TAMS 0x00000000c5700000, 0x00000000c5700000| Untracked 
|  18|0x00000000c5800000, 0x00000000c580dc20, 0x00000000c5900000|  5%| O|  |TAMS 0x00000000c5800000, 0x00000000c5800000| Untracked 
|  19|0x00000000c5900000, 0x00000000c5900000, 0x00000000c5a00000|  0%| F|  |TAMS 0x00000000c5900000, 0x00000000c5900000| Untracked 
|  20|0x00000000c5a00000, 0x00000000c5a00000, 0x00000000c5b00000|  0%| F|  |TAMS 0x00000000c5a00000, 0x00000000c5a00000| Untracked 
|  21|0x00000000c5b00000, 0x00000000c5b00000, 0x00000000c5c00000|  0%| F|  |TAMS 0x00000000c5b00000, 0x00000000c5b00000| Untracked 
|  22|0x00000000c5c00000, 0x00000000c5c00000, 0x00000000c5d00000|  0%| F|  |TAMS 0x00000000c5c00000, 0x00000000c5c00000| Untracked 
|  23|0x00000000c5d00000, 0x00000000c5d00000, 0x00000000c5e00000|  0%| F|  |TAMS 0x00000000c5d00000, 0x00000000c5d00000| Untracked 
|  24|0x00000000c5e00000, 0x00000000c5e00000, 0x00000000c5f00000|  0%| F|  |TAMS 0x00000000c5e00000, 0x00000000c5e00000| Untracked 
|  25|0x00000000c5f00000, 0x00000000c5f00000, 0x00000000c6000000|  0%| F|  |TAMS 0x00000000c5f00000, 0x00000000c5f00000| Untracked 
|  26|0x00000000c6000000, 0x00000000c6000000, 0x00000000c6100000|  0%| F|  |TAMS 0x00000000c6000000, 0x00000000c6000000| Untracked 
|  27|0x00000000c6100000, 0x00000000c6100000, 0x00000000c6200000|  0%| F|  |TAMS 0x00000000c6100000, 0x00000000c6100000| Untracked 
|  28|0x00000000c6200000, 0x00000000c6200000, 0x00000000c6300000|  0%| F|  |TAMS 0x00000000c6200000, 0x00000000c6200000| Untracked 
|  29|0x00000000c6300000, 0x00000000c6300000, 0x00000000c6400000|  0%| F|  |TAMS 0x00000000c6300000, 0x00000000c6300000| Untracked 
|  30|0x00000000c6400000, 0x00000000c6400000, 0x00000000c6500000|  0%| F|  |TAMS 0x00000000c6400000, 0x00000000c6400000| Untracked 
|  31|0x00000000c6500000, 0x00000000c6500000, 0x00000000c6600000|  0%| F|  |TAMS 0x00000000c6500000, 0x00000000c6500000| Untracked 
|  32|0x00000000c6600000, 0x00000000c6600000, 0x00000000c6700000|  0%| F|  |TAMS 0x00000000c6600000, 0x00000000c6600000| Untracked 
|  33|0x00000000c6700000, 0x00000000c6700000, 0x00000000c6800000|  0%| F|  |TAMS 0x00000000c6700000, 0x00000000c6700000| Untracked 
|  34|0x00000000c6800000, 0x00000000c6800000, 0x00000000c6900000|  0%| F|  |TAMS 0x00000000c6800000, 0x00000000c6800000| Untracked 
|  35|0x00000000c6900000, 0x00000000c696f880, 0x00000000c6a00000| 43%| S|CS|TAMS 0x00000000c6900000, 0x00000000c6900000| Complete 
|  36|0x00000000c6a00000, 0x00000000c6b00000, 0x00000000c6b00000|100%| S|CS|TAMS 0x00000000c6a00000, 0x00000000c6a00000| Complete 
|  37|0x00000000c6b00000, 0x00000000c6c00000, 0x00000000c6c00000|100%| S|CS|TAMS 0x00000000c6b00000, 0x00000000c6b00000| Complete 
|  38|0x00000000c6c00000, 0x00000000c6d00000, 0x00000000c6d00000|100%| S|CS|TAMS 0x00000000c6c00000, 0x00000000c6c00000| Complete 
|  39|0x00000000c6d00000, 0x00000000c6d00000, 0x00000000c6e00000|  0%| F|  |TAMS 0x00000000c6d00000, 0x00000000c6d00000| Untracked 
|  40|0x00000000c6e00000, 0x00000000c6e00000, 0x00000000c6f00000|  0%| F|  |TAMS 0x00000000c6e00000, 0x00000000c6e00000| Untracked 
|  41|0x00000000c6f00000, 0x00000000c6f00000, 0x00000000c7000000|  0%| F|  |TAMS 0x00000000c6f00000, 0x00000000c6f00000| Untracked 
|  42|0x00000000c7000000, 0x00000000c7000000, 0x00000000c7100000|  0%| F|  |TAMS 0x00000000c7000000, 0x00000000c7000000| Untracked 
|  43|0x00000000c7100000, 0x00000000c7200000, 0x00000000c7200000|100%| E|  |TAMS 0x00000000c7100000, 0x00000000c7100000| Complete 
|  44|0x00000000c7200000, 0x00000000c7300000, 0x00000000c7300000|100%| E|CS|TAMS 0x00000000c7200000, 0x00000000c7200000| Complete 
|  45|0x00000000c7300000, 0x00000000c7400000, 0x00000000c7400000|100%| E|CS|TAMS 0x00000000c7300000, 0x00000000c7300000| Complete 
|  46|0x00000000c7400000, 0x00000000c7500000, 0x00000000c7500000|100%| E|CS|TAMS 0x00000000c7400000, 0x00000000c7400000| Complete 
|  47|0x00000000c7500000, 0x00000000c7600000, 0x00000000c7600000|100%| E|CS|TAMS 0x00000000c7500000, 0x00000000c7500000| Complete 
|  48|0x00000000c7600000, 0x00000000c7700000, 0x00000000c7700000|100%| E|CS|TAMS 0x00000000c7600000, 0x00000000c7600000| Complete 
|  49|0x00000000c7700000, 0x00000000c7800000, 0x00000000c7800000|100%| E|CS|TAMS 0x00000000c7700000, 0x00000000c7700000| Complete 
|  50|0x00000000c7800000, 0x00000000c7900000, 0x00000000c7900000|100%| E|CS|TAMS 0x00000000c7800000, 0x00000000c7800000| Complete 
|  51|0x00000000c7900000, 0x00000000c7a00000, 0x00000000c7a00000|100%| E|CS|TAMS 0x00000000c7900000, 0x00000000c7900000| Complete 
|  52|0x00000000c7a00000, 0x00000000c7b00000, 0x00000000c7b00000|100%| E|CS|TAMS 0x00000000c7a00000, 0x00000000c7a00000| Complete 
|  53|0x00000000c7b00000, 0x00000000c7c00000, 0x00000000c7c00000|100%| E|CS|TAMS 0x00000000c7b00000, 0x00000000c7b00000| Complete 
|  54|0x00000000c7c00000, 0x00000000c7d00000, 0x00000000c7d00000|100%| E|CS|TAMS 0x00000000c7c00000, 0x00000000c7c00000| Complete 
|  55|0x00000000c7d00000, 0x00000000c7e00000, 0x00000000c7e00000|100%| E|CS|TAMS 0x00000000c7d00000, 0x00000000c7d00000| Complete 
|  56|0x00000000c7e00000, 0x00000000c7f00000, 0x00000000c7f00000|100%| E|CS|TAMS 0x00000000c7e00000, 0x00000000c7e00000| Complete 
|  57|0x00000000c7f00000, 0x00000000c7ffff30, 0x00000000c8000000| 99%| O|  |TAMS 0x00000000c7f00000, 0x00000000c7f00000| Untracked 
|  58|0x00000000c8000000, 0x00000000c8100000, 0x00000000c8100000|100%| E|  |TAMS 0x00000000c8000000, 0x00000000c8000000| Complete 
|  59|0x00000000c8100000, 0x00000000c81fffe8, 0x00000000c8200000| 99%| O|  |TAMS 0x00000000c8100000, 0x00000000c8100000| Untracked 
|  60|0x00000000c8200000, 0x00000000c82ffff8, 0x00000000c8300000| 99%| O|  |TAMS 0x00000000c8200000, 0x00000000c8200000| Untracked 
|  61|0x00000000c8300000, 0x00000000c8400000, 0x00000000c8400000|100%| E|CS|TAMS 0x00000000c8300000, 0x00000000c8300000| Complete 
|  62|0x00000000c8400000, 0x00000000c8500000, 0x00000000c8500000|100%| E|CS|TAMS 0x00000000c8400000, 0x00000000c8400000| Complete 
|  63|0x00000000c8500000, 0x00000000c85fffb8, 0x00000000c8600000| 99%| O|  |TAMS 0x00000000c8500000, 0x00000000c8500000| Untracked 
|  64|0x00000000c8600000, 0x00000000c8700000, 0x00000000c8700000|100%| E|CS|TAMS 0x00000000c8600000, 0x00000000c8600000| Complete 
|  65|0x00000000c8700000, 0x00000000c87cdb98, 0x00000000c8800000| 80%| O|  |TAMS 0x00000000c8700000, 0x00000000c8700000| Untracked 
|  66|0x00000000c8800000, 0x00000000c8900000, 0x00000000c8900000|100%| E|CS|TAMS 0x00000000c8800000, 0x00000000c8800000| Complete 
|  67|0x00000000c8900000, 0x00000000c8a00000, 0x00000000c8a00000|100%| E|CS|TAMS 0x00000000c8900000, 0x00000000c8900000| Complete 
|  68|0x00000000c8a00000, 0x00000000c8b00000, 0x00000000c8b00000|100%| E|CS|TAMS 0x00000000c8a00000, 0x00000000c8a00000| Complete 
|  69|0x00000000c8b00000, 0x00000000c8c00000, 0x00000000c8c00000|100%| E|CS|TAMS 0x00000000c8b00000, 0x00000000c8b00000| Complete 
|  70|0x00000000c8c00000, 0x00000000c8d00000, 0x00000000c8d00000|100%| E|CS|TAMS 0x00000000c8c00000, 0x00000000c8c00000| Complete 
|  71|0x00000000c8d00000, 0x00000000c8e00000, 0x00000000c8e00000|100%| E|CS|TAMS 0x00000000c8d00000, 0x00000000c8d00000| Complete 
|  72|0x00000000c8e00000, 0x00000000c8f00000, 0x00000000c8f00000|100%| E|CS|TAMS 0x00000000c8e00000, 0x00000000c8e00000| Complete 
|  73|0x00000000c8f00000, 0x00000000c9000000, 0x00000000c9000000|100%| E|CS|TAMS 0x00000000c8f00000, 0x00000000c8f00000| Complete 
|  74|0x00000000c9000000, 0x00000000c9100000, 0x00000000c9100000|100%| E|CS|TAMS 0x00000000c9000000, 0x00000000c9000000| Complete 
|  75|0x00000000c9100000, 0x00000000c9200000, 0x00000000c9200000|100%| E|CS|TAMS 0x00000000c9100000, 0x00000000c9100000| Complete 
|  76|0x00000000c9200000, 0x00000000c9300000, 0x00000000c9300000|100%| E|CS|TAMS 0x00000000c9200000, 0x00000000c9200000| Complete 
|  77|0x00000000c9300000, 0x00000000c9400000, 0x00000000c9400000|100%| E|CS|TAMS 0x00000000c9300000, 0x00000000c9300000| Complete 
|  78|0x00000000c9400000, 0x00000000c9500000, 0x00000000c9500000|100%| E|CS|TAMS 0x00000000c9400000, 0x00000000c9400000| Complete 
|  79|0x00000000c9500000, 0x00000000c9600000, 0x00000000c9600000|100%| E|CS|TAMS 0x00000000c9500000, 0x00000000c9500000| Complete 
|  80|0x00000000c9600000, 0x00000000c9700000, 0x00000000c9700000|100%| E|CS|TAMS 0x00000000c9600000, 0x00000000c9600000| Complete 
|  81|0x00000000c9700000, 0x00000000c9800000, 0x00000000c9800000|100%| E|CS|TAMS 0x00000000c9700000, 0x00000000c9700000| Complete 
|  82|0x00000000c9800000, 0x00000000c9900000, 0x00000000c9900000|100%| E|CS|TAMS 0x00000000c9800000, 0x00000000c9800000| Complete 
|  83|0x00000000c9900000, 0x00000000c9a00000, 0x00000000c9a00000|100%| E|CS|TAMS 0x00000000c9900000, 0x00000000c9900000| Complete 
|  84|0x00000000c9a00000, 0x00000000c9b00000, 0x00000000c9b00000|100%| E|CS|TAMS 0x00000000c9a00000, 0x00000000c9a00000| Complete 
|  85|0x00000000c9b00000, 0x00000000c9c00000, 0x00000000c9c00000|100%| E|CS|TAMS 0x00000000c9b00000, 0x00000000c9b00000| Complete 
|  86|0x00000000c9c00000, 0x00000000c9d00000, 0x00000000c9d00000|100%| E|CS|TAMS 0x00000000c9c00000, 0x00000000c9c00000| Complete 
|  87|0x00000000c9d00000, 0x00000000c9e00000, 0x00000000c9e00000|100%| E|CS|TAMS 0x00000000c9d00000, 0x00000000c9d00000| Complete 
|  88|0x00000000c9e00000, 0x00000000c9f00000, 0x00000000c9f00000|100%| E|CS|TAMS 0x00000000c9e00000, 0x00000000c9e00000| Complete 
|  89|0x00000000c9f00000, 0x00000000ca000000, 0x00000000ca000000|100%| E|CS|TAMS 0x00000000c9f00000, 0x00000000c9f00000| Complete 
|  90|0x00000000ca000000, 0x00000000ca100000, 0x00000000ca100000|100%| E|CS|TAMS 0x00000000ca000000, 0x00000000ca000000| Complete 
|  91|0x00000000ca100000, 0x00000000ca200000, 0x00000000ca200000|100%| E|CS|TAMS 0x00000000ca100000, 0x00000000ca100000| Complete 
| 121|0x00000000cbf00000, 0x00000000cbfffff0, 0x00000000cc000000| 99%| O|  |TAMS 0x00000000cbf00000, 0x00000000cbf00000| Untracked 
| 122|0x00000000cc000000, 0x00000000cc0fffa8, 0x00000000cc100000| 99%| O|  |TAMS 0x00000000cc000000, 0x00000000cc000000| Untracked 
| 124|0x00000000cc200000, 0x00000000cc300000, 0x00000000cc300000|100%| O|  |TAMS 0x00000000cc200000, 0x00000000cc200000| Untracked 
| 126|0x00000000cc400000, 0x00000000cc4ffff0, 0x00000000cc500000| 99%| O|  |TAMS 0x00000000cc400000, 0x00000000cc400000| Untracked 
| 128|0x00000000cc600000, 0x00000000cc622a60, 0x00000000cc700000| 13%| O|  |TAMS 0x00000000cc600000, 0x00000000cc600000| Untracked 

Card table byte_map: [0x00007f88f8db6000,0x00007f88f8f93000] _byte_map_base: 0x00007f88f8793000

Marking Bits (Prev, Next): (CMBitMap*) 0x00007f88f4044e80, (CMBitMap*) 0x00007f88f4044e48
 Prev Bits: [0x00007f88d6230000, 0x00007f88d7118000)
 Next Bits: [0x00007f88d7118000, 0x00007f88d8000000)

Polling page: 0x00007f88f9885000

Metaspace:

Usage:
  Non-class:     58.70 MB capacity,    57.53 MB ( 98%) used,   961.95 KB (  2%) free+waste,   235.69 KB ( <1%) overhead. 
      Class:      9.47 MB capacity,     8.68 MB ( 92%) used,   691.40 KB (  7%) free+waste,   113.94 KB (  1%) overhead. 
       Both:     68.17 MB capacity,    66.21 MB ( 97%) used,     1.61 MB (  2%) free+waste,   349.62 KB ( <1%) overhead. 

Virtual space:
  Non-class space:       60.00 MB reserved,      58.83 MB ( 98%) committed 
      Class space:        1.00 GB reserved,       9.50 MB ( <1%) committed 
             Both:        1.06 GB reserved,      68.33 MB (  6%) committed 

Chunk freelists:
   Non-Class:  3.00 KB
       Class:  0 bytes
        Both:  3.00 KB

MaxMetaspaceSize: unlimited
CompressedClassSpaceSize: 1.00 GB
Initial GC threshold: 20.80 MB
Current GC threshold: 113.46 MB
CDS: off

CodeHeap 'non-profiled nmethods': size=238948Kb used=12229Kb max_used=12229Kb free=226719Kb
 bounds [0x00007f88dcefa000, 0x00007f88ddafa000, 0x00007f88eb853000]
CodeHeap 'non-nmethods': size=6812Kb used=1290Kb max_used=1290Kb free=5522Kb
 bounds [0x00007f88dc853000, 0x00007f88dcac3000, 0x00007f88dcefa000]
 total_blobs=8304 nmethods=7716 adapters=515
 compilation: enabled
              stopped_count=0, restarted_count=0
 full_count=0

Compilation events (20 events):
Event: 168.499 Thread 0x00007f88f4114000 nmethod 7704 0x00007f88ddae6b90 code [0x00007f88ddae6da0, 0x00007f88ddae71c0]
Event: 168.499 Thread 0x00007f88f4114000 7705       1       org.hibernate.engine.jdbc.spi.TypeInfo::<init> (80 bytes)
Event: 168.500 Thread 0x00007f88f4114000 nmethod 7705 0x00007f88ddae7410 code [0x00007f88ddae75c0, 0x00007f88ddae78f0]
Event: 168.500 Thread 0x00007f88f4114000 7695       1       org.postgresql.core.v3.QueryExecutorImpl::sendOneQuery (542 bytes)
Event: 168.502 Thread 0x00007f88f4114000 nmethod 7695 0x00007f88ddae7990 code [0x00007f88ddae7c20, 0x00007f88ddae86b0]
Event: 168.502 Thread 0x00007f88f4114000 7698       1       org.postgresql.core.v3.SimpleQuery::hasUnresolvedTypes (32 bytes)
Event: 168.502 Thread 0x00007f88f4114000 nmethod 7698 0x00007f88ddae8d10 code [0x00007f88ddae8ec0, 0x00007f88ddae8fe0]
Event: 168.510 Thread 0x00007f88f4114000 7706       1       org.hibernate.boot.internal.BootstrapContextImpl::getTypeConfiguration (5 bytes)
Event: 168.510 Thread 0x00007f88f4114000 nmethod 7706 0x00007f88ddae9090 code [0x00007f88ddae9240, 0x00007f88ddae92f0]
Event: 168.510 Thread 0x00007f88f4114000 7707       1       org.hibernate.boot.internal.MetadataBuilderImpl$MetadataBuildingOptionsImpl::getImplicitNamingStrategy (5 bytes)
Event: 168.510 Thread 0x00007f88f4114000 nmethod 7707 0x00007f88ddae9390 code [0x00007f88ddae9540, 0x00007f88ddae95f0]
Event: 168.511 Thread 0x00007f88f4114000 7708       1       org.hibernate.annotations.common.reflection.ReflectionUtil::isPropertyType (13 bytes)
Event: 168.511 Thread 0x00007f88f4114000 nmethod 7708 0x00007f88ddae9690 code [0x00007f88ddae9840, 0x00007f88ddae9910]
Event: 168.511 Thread 0x00007f88f4114000 7709       1       org.hibernate.annotations.common.reflection.java.generics.TypeUtils::isVoid (8 bytes)
Event: 168.512 Thread 0x00007f88f4114000 nmethod 7709 0x00007f88ddae9990 code [0x00007f88ddae9b40, 0x00007f88ddae9bf0]
Event: 168.512 Thread 0x00007f88f4114000 7710       1       org.hibernate.annotations.common.reflection.java.JavaXMember::getType (8 bytes)
Event: 168.512 Thread 0x00007f88f4114000 nmethod 7710 0x00007f88ddae9c90 code [0x00007f88ddae9e40, 0x00007f88ddae9f20]
Event: 168.512 Thread 0x00007f88f4114000 7711       1       org.hibernate.boot.internal.MetadataBuildingContextRootImpl::getBootstrapContext (5 bytes)
Event: 168.512 Thread 0x00007f88f4114000 nmethod 7711 0x00007f88ddae9f90 code [0x00007f88ddaea140, 0x00007f88ddaea1f0]
Event: 168.513 Thread 0x00007f88f4114000 7712       1       org.hibernate.annotations.common.reflection.java.JavaXSimpleType::getType (9 bytes)

GC Heap History (20 events):
Event: 1.420 GC heap before
{Heap before GC invocations=8 (full 0):
 garbage-first heap   total 88064K, used 53454K [0x00000000c4600000, 0x0000000100000000)
  region size 1024K, 47 young (48128K), 4 survivors (4096K)
 Metaspace       used 25103K, capacity 25856K, committed 26160K, reserved 1073152K
  class space    used 3038K, capacity 3342K, committed 3456K, reserved 1048576K
}
Event: 1.431 GC heap after
{Heap after GC invocations=9 (full 0):
 garbage-first heap   total 88064K, used 11519K [0x00000000c4600000, 0x0000000100000000)
  region size 1024K, 5 young (5120K), 5 survivors (5120K)
 Metaspace       used 25103K, capacity 25856K, committed 26160K, reserved 1073152K
  class space    used 3038K, capacity 3342K, committed 3456K, reserved 1048576K
}
Event: 1.915 GC heap before
{Heap before GC invocations=9 (full 0):
 garbage-first heap   total 88064K, used 58623K [0x00000000c4600000, 0x0000000100000000)
  region size 1024K, 51 young (52224K), 5 survivors (5120K)
 Metaspace       used 29010K, capacity 29848K, committed 30000K, reserved 1075200K
  class space    used 3605K, capacity 3941K, committed 3968K, reserved 1048576K
}
Event: 1.934 GC heap after
{Heap after GC invocations=10 (full 0):
 garbage-first heap   total 88064K, used 13114K [0x00000000c4600000, 0x0000000100000000)
  region size 1024K, 5 young (5120K), 5 survivors (5120K)
 Metaspace       used 29010K, capacity 29848K, committed 30000K, reserved 1075200K
  class space    used 3605K, capacity 3941K, committed 3968K, reserved 1048576K
}
Event: 2.279 GC heap before
{Heap before GC invocations=10 (full 0):
 garbage-first heap   total 88064K, used 59194K [0x00000000c4600000, 0x0000000100000000)
  region size 1024K, 51 young (52224K), 5 survivors (5120K)
 Metaspace       used 33084K, capacity 34167K, committed 34480K, reserved 1079296K
  class space    used 4171K, capacity 4606K, committed 4608K, reserved 1048576K
}
Event: 2.338 GC heap after
{Heap after GC invocations=11 (full 0):
 garbage-first heap   total 150528K, used 15838K [0x00000000c4600000, 0x0000000100000000)
  region size 1024K, 6 young (6144K), 6 survivors (6144K)
 Metaspace       used 33084K, capacity 34167K, committed 34480K, reserved 1079296K
  class space    used 4171K, capacity 4606K, committed 4608K, reserved 1048576K
}
Event: 2.734 GC heap before
{Heap before GC invocations=11 (full 0):
 garbage-first heap   total 150528K, used 90590K [0x00000000c4600000, 0x0000000100000000)
  region size 1024K, 81 young (82944K), 6 survivors (6144K)
 Metaspace       used 34721K, capacity 35853K, committed 35920K, reserved 1081344K
  class space    used 4358K, capacity 4828K, committed 4864K, reserved 1048576K
}
Event: 2.743 GC heap after
{Heap after GC invocations=12 (full 0):
 garbage-first heap   total 150528K, used 16804K [0x00000000c4600000, 0x0000000100000000)
  region size 1024K, 7 young (7168K), 7 survivors (7168K)
 Metaspace       used 34721K, capacity 35853K, committed 35920K, reserved 1081344K
  class space    used 4358K, capacity 4828K, committed 4864K, reserved 1048576K
}
Event: 4.410 GC heap before
{Heap before GC invocations=13 (full 0):
 garbage-first heap   total 150528K, used 99748K [0x00000000c4600000, 0x0000000100000000)
  region size 1024K, 88 young (90112K), 7 survivors (7168K)
 Metaspace       used 48949K, capacity 50282K, committed 50640K, reserved 1093632K
  class space    used 6407K, capacity 6949K, committed 7040K, reserved 1048576K
}
Event: 4.444 GC heap after
{Heap after GC invocations=14 (full 0):
 garbage-first heap   total 150528K, used 20087K [0x00000000c4600000, 0x0000000100000000)
  region size 1024K, 9 young (9216K), 9 survivors (9216K)
 Metaspace       used 48949K, capacity 50282K, committed 50640K, reserved 1093632K
  class space    used 6407K, capacity 6949K, committed 7040K, reserved 1048576K
}
Event: 5.813 GC heap before
{Heap before GC invocations=14 (full 0):
 garbage-first heap   total 150528K, used 100983K [0x00000000c4600000, 0x0000000100000000)
  region size 1024K, 88 young (90112K), 9 survivors (9216K)
 Metaspace       used 55672K, capacity 57248K, committed 57552K, reserved 1099776K
  class space    used 7339K, capacity 7944K, committed 8064K, reserved 1048576K
}
Event: 5.835 GC heap after
{Heap after GC invocations=15 (full 0):
 garbage-first heap   total 150528K, used 23679K [0x00000000c4600000, 0x0000000100000000)
  region size 1024K, 9 young (9216K), 9 survivors (9216K)
 Metaspace       used 55672K, capacity 57248K, committed 57552K, reserved 1099776K
  class space    used 7339K, capacity 7944K, committed 8064K, reserved 1048576K
}
Event: 6.199 GC heap before
{Heap before GC invocations=15 (full 0):
 garbage-first heap   total 150528K, used 51327K [0x00000000c4600000, 0x0000000100000000)
  region size 1024K, 37 young (37888K), 9 survivors (9216K)
 Metaspace       used 58473K, capacity 60119K, committed 60240K, reserved 1101824K
  class space    used 7711K, capacity 8389K, committed 8448K, reserved 1048576K
}
Event: 6.213 GC heap after
{Heap after GC invocations=16 (full 0):
 garbage-first heap   total 301056K, used 26256K [0x00000000c4600000, 0x0000000100000000)
  region size 1024K, 6 young (6144K), 6 survivors (6144K)
 Metaspace       used 58473K, capacity 60119K, committed 60240K, reserved 1101824K
  class space    used 7711K, capacity 8389K, committed 8448K, reserved 1048576K
}
Event: 37.930 GC heap before
{Heap before GC invocations=17 (full 0):
 garbage-first heap   total 301056K, used 190096K [0x00000000c4600000, 0x0000000100000000)
  region size 1024K, 164 young (167936K), 6 survivors (6144K)
 Metaspace       used 65853K, capacity 67731K, committed 68176K, reserved 1107968K
  class space    used 8641K, capacity 9385K, committed 9472K, reserved 1048576K
}
Event: 37.986 GC heap after
{Heap after GC invocations=18 (full 0):
 garbage-first heap   total 301056K, used 30245K [0x00000000c4600000, 0x0000000100000000)
  region size 1024K, 10 young (10240K), 10 survivors (10240K)
 Metaspace       used 65853K, capacity 67731K, committed 68176K, reserved 1107968K
  class space    used 8641K, capacity 9385K, committed 9472K, reserved 1048576K
}
Event: 167.253 GC heap before
{Heap before GC invocations=18 (full 0):
 garbage-first heap   total 301056K, used 125477K [0x00000000c4600000, 0x0000000100000000)
  region size 1024K, 105 young (107520K), 10 survivors (10240K)
 Metaspace       used 67609K, capacity 69583K, committed 69712K, reserved 1110016K
  class space    used 8866K, capacity 9649K, committed 9728K, reserved 1048576K
}
Event: 167.505 GC heap after
{Heap after GC invocations=19 (full 1):
 garbage-first heap   total 99328K, used 27133K [0x00000000c4600000, 0x0000000100000000)
  region size 1024K, 0 young (0K), 0 survivors (0K)
 Metaspace       used 67596K, capacity 69562K, committed 69712K, reserved 1110016K
  class space    used 8864K, capacity 9645K, committed 9728K, reserved 1048576K
}
Event: 168.220 GC heap before
{Heap before GC invocations=19 (full 1):
 garbage-first heap   total 99328K, used 75261K [0x00000000c4600000, 0x0000000100000000)
  region size 1024K, 48 young (49152K), 0 survivors (0K)
 Metaspace       used 67777K, capacity 69779K, committed 69968K, reserved 1110016K
  class space    used 8889K, capacity 9694K, committed 9728K, reserved 1048576K
}
Event: 168.247 GC heap after
{Heap after GC invocations=20 (full 1):
 garbage-first heap   total 99328K, used 30651K [0x00000000c4600000, 0x0000000100000000)
  region size 1024K, 4 young (4096K), 4 survivors (4096K)
 Metaspace       used 67777K, capacity 69779K, committed 69968K, reserved 1110016K
  class space    used 8889K, capacity 9694K, committed 9728K, reserved 1048576K
}

Deoptimization events (8 events):
Event: 1.695 Thread 0x00007f8890002000 DEOPT PACKING pc=0x00007f88dd1ab6cc sp=0x00007f88b740c9b0
Event: 1.695 Thread 0x00007f8890002000 DEOPT UNPACKING pc=0x00007f88dc89d64a sp=0x00007f88b740bf38 mode 0
Event: 5.058 Thread 0x00007f8890002000 DEOPT PACKING pc=0x00007f88dd1ccdd5 sp=0x00007f88b740af40
Event: 5.059 Thread 0x00007f8890002000 DEOPT UNPACKING pc=0x00007f88dc89d64a sp=0x00007f88b740a468 mode 3
Event: 38.111 Thread 0x00007f8868009800 DEOPT PACKING pc=0x00007f88dcf9c33c sp=0x00007f886fbf55c0
Event: 38.112 Thread 0x00007f8868009800 DEOPT UNPACKING pc=0x00007f88dc89d64a sp=0x00007f886fbf4af8 mode 0
Event: 38.112 Thread 0x00007f886800f000 DEOPT PACKING pc=0x00007f88dcf9c4b3 sp=0x00007f886f2f25c0
Event: 38.112 Thread 0x00007f886800f000 DEOPT UNPACKING pc=0x00007f88dc89d64a sp=0x00007f886f2f1af8 mode 0

Classes redefined (0 events):
No events

Internal exceptions (20 events):
Event: 6.103 Thread 0x00007f8890002000 Exception <a 'java/lang/IncompatibleClassChangeError'{0x00000000cc191ac0}: Found class java.lang.Object, but interface was expected> (0x00000000cc191ac0) thrown at [src/hotspot/share/interpreter/linkResolver.cpp, line 839]
Event: 6.664 Thread 0x00007f8890002000 Exception <a 'java/lang/NoSuchMethodError'{0x00000000d1b77568}: 'int java.lang.invoke.DirectMethodHandle$Holder.invokeStaticInit(java.lang.Object, java.lang.Object, java.lang.Object, java.lang.Object)'> (0x00000000d1b77568) thrown at [src/hotspot/share/interpreter/linkResolver.cpp, line 772]
Event: 6.854 Thread 0x00007f8890002000 Exception <a 'java/lang/NoSuchMethodError'{0x00000000d1270cf0}: 'java.lang.Object java.lang.invoke.DirectMethodHandle$Holder.invokeSpecial(java.lang.Object, java.lang.Object, int, java.lang.Object, int, java.lang.Object)'> (0x00000000d1270cf0) thrown at [src/hotspot/share/interpreter/linkResolver.cpp, line 772]
Event: 6.854 Thread 0x00007f8890002000 Exception <a 'java/lang/NoSuchMethodError'{0x00000000d1278480}: 'java.lang.Object java.lang.invoke.DirectMethodHandle$Holder.invokeStatic(java.lang.Object, java.lang.Object, int, java.lang.Object, int)'> (0x00000000d1278480) thrown at [src/hotspot/share/interpreter/linkResolver.cpp, line 772]
Event: 6.854 Thread 0x00007f8890002000 Exception <a 'java/lang/NoSuchMethodError'{0x00000000d127bc60}: 'java.lang.Object java.lang.invoke.DirectMethodHandle$Holder.invokeSpecial(java.lang.Object, java.lang.Object, java.lang.Object, int, java.lang.Object, int)'> (0x00000000d127bc60) thrown at [src/hotspot/share/interpreter/linkResolver.cpp, line 772]
Event: 6.855 Thread 0x00007f8890002000 Exception <a 'java/lang/NoSuchMethodError'{0x00000000d1287e98}: 'void java.lang.invoke.DirectMethodHandle$Holder.invokeVirtual(java.lang.Object, java.lang.Object)'> (0x00000000d1287e98) thrown at [src/hotspot/share/interpreter/linkResolver.cpp, line 772]
Event: 36.522 Thread 0x00007f8868005000 Exception <a 'java/lang/NoClassDefFoundError'{0x00000000cf13c2e8}: sun/reflect/Reflection> (0x00000000cf13c2e8) thrown at [src/hotspot/share/classfile/systemDictionary.cpp, line 220]
Event: 73.207 Thread 0x00007f8868005000 Exception <a 'java/lang/NoSuchMethodError'{0x00000000d5737c38}: 'java.lang.Object java.lang.invoke.DirectMethodHandle$Holder.invokeStaticInit(java.lang.Object, java.lang.Object, java.lang.Object, java.lang.Object, java.lang.Object, java.lang.Object)'> (0x00000000d5737c38) thrown at [src/hotspot/share/interpreter/linkResolver.cpp, line 772]
Event: 167.109 Thread 0x00007f887400c800 Exception <a 'java/lang/NoSuchMethodError'{0x00000000d0eaf948}: <clinit>> (0x00000000d0eaf948) thrown at [src/hotspot/share/prims/jni.cpp, line 1366]
Event: 167.131 Thread 0x00007f887400c800 Exception <a 'java/lang/NoSuchMethodError'{0x00000000d0ee1598}: <clinit>> (0x00000000d0ee1598) thrown at [src/hotspot/share/prims/jni.cpp, line 1366]
Event: 167.200 Thread 0x00007f88949e1000 Exception <a 'java/lang/InterruptedException'{0x00000000d0d00040}: sleep interrupted> (0x00000000d0d00040) thrown at [src/hotspot/share/prims/jvm.cpp, line 3125]
Event: 167.532 Thread 0x00007f8898054800 Exception <a 'java/io/FileNotFoundException'{0x00000000ca0220b8}> (0x00000000ca0220b8) thrown at [src/hotspot/share/prims/jni.cpp, line 616]
Event: 168.123 Thread 0x00007f8898054800 Exception <a 'java/lang/NoClassDefFoundError'{0x00000000c778a0a0}: org/flywaydb/core/Flyway> (0x00000000c778a0a0) thrown at [src/hotspot/share/oops/constantPool.cpp, line 775]
Event: 168.123 Thread 0x00007f8898054800 Exception <a 'java/lang/NoClassDefFoundError'{0x00000000c778a3c8}: liquibase/integration/spring/SpringLiquibase> (0x00000000c778a3c8) thrown at [src/hotspot/share/oops/constantPool.cpp, line 775]
Event: 168.133 Thread 0x00007f8898054800 Exception <a 'java/lang/NoClassDefFoundError'{0x00000000c7605e18}: org/jooq/DSLContext> (0x00000000c7605e18) thrown at [src/hotspot/share/oops/constantPool.cpp, line 775]
Event: 168.135 Thread 0x00007f8898054800 Exception <a 'java/lang/NoClassDefFoundError'{0x00000000c76133c8}: org/springframework/batch/core/repository/JobRepository> (0x00000000c76133c8) thrown at [src/hotspot/share/oops/constantPool.cpp, line 775]
Event: 168.135 Thread 0x00007f8898054800 Exception <a 'java/lang/NoClassDefFoundError'{0x00000000c7613700}: org/quartz/Scheduler> (0x00000000c7613700) thrown at [src/hotspot/share/oops/constantPool.cpp, line 775]
Event: 168.135 Thread 0x00007f8898054800 Exception <a 'java/lang/NoClassDefFoundError'{0x00000000c7613a38}: org/springframework/session/jdbc/JdbcIndexedSessionRepository> (0x00000000c7613a38) thrown at [src/hotspot/share/oops/constantPool.cpp, line 775]
Event: 168.279 Thread 0x00007f8898054800 Exception <a 'java/io/FileNotFoundException'{0x00000000c7a2e290}> (0x00000000c7a2e290) thrown at [src/hotspot/share/prims/jni.cpp, line 616]
Event: 168.331 Thread 0x00007f8898054800 Exception <a 'java/lang/NoSuchMethodError'{0x00000000c78455e8}: <clinit>> (0x00000000c78455e8) thrown at [src/hotspot/share/prims/jni.cpp, line 1366]

Events (20 events):
Event: 168.358 loading class org/hsqldb/jdbc$JDBCDriver
Event: 168.358 loading class org/hsqldb/jdbc$JDBCDriver done
Event: 168.401 loading class org/springframework/boot/orm/jpa/hibernate/SpringImplicitNamingStrategy
Event: 168.401 loading class org/springframework/boot/orm/jpa/hibernate/SpringImplicitNamingStrategy done
Event: 168.401 loading class org/springframework/boot/orm/jpa/hibernate/SpringPhysicalNamingStrategy
Event: 168.401 loading class org/springframework/boot/orm/jpa/hibernate/SpringPhysicalNamingStrategy done
Event: 168.403 loading class org/hibernate/boot/archive/scan/internal/DisabledScanner
Event: 168.403 loading class org/hibernate/boot/archive/scan/internal/DisabledScanner done
Event: 168.437 Thread 0x00007f88802d4800 Thread added: 0x00007f88802d4800
Event: 168.437 Protecting memory [0x00007f886f9fa000,0x00007f886f9fe000] with protection modes 0
Event: 168.510 loading class com/irdaislakhuafa/kopmart/models/entities/BasicEntity
Event: 168.510 loading class com/irdaislakhuafa/kopmart/models/entities/BasicEntity done
Event: 168.510 loading class com/irdaislakhuafa/kopmart/models/entities/Category
Event: 168.510 loading class com/irdaislakhuafa/kopmart/models/entities/Category done
Event: 168.510 loading class com/irdaislakhuafa/kopmart/models/entities/Keranjang
Event: 168.510 loading class com/irdaislakhuafa/kopmart/models/entities/Keranjang done
Event: 168.510 loading class com/irdaislakhuafa/kopmart/models/entities/Product
Event: 168.510 loading class com/irdaislakhuafa/kopmart/models/entities/Product done
Event: 168.510 loading class com/irdaislakhuafa/kopmart/models/entities/User
Event: 168.510 loading class com/irdaislakhuafa/kopmart/models/entities/User done


Dynamic libraries:
c4600000-ca200000 rw-p 00000000 00:00 0 
ca200000-cbf00000 ---p 00000000 00:00 0 
cbf00000-cc100000 rw-p 00000000 00:00 0 
cc100000-cc200000 ---p 00000000 00:00 0 
cc200000-cc300000 rw-p 00000000 00:00 0 
cc300000-cc400000 ---p 00000000 00:00 0 
cc400000-cc500000 rw-p 00000000 00:00 0 
cc500000-cc600000 ---p 00000000 00:00 0 
cc600000-cc700000 rw-p 00000000 00:00 0 
cc700000-100000000 ---p 00000000 00:00 0 
100000000-100980000 rw-p 00000000 00:00 0 
100980000-140000000 ---p 00000000 00:00 0 
563aab516000-563aab517000 r--p 00000000 103:03 591840                    /usr/lib/jvm/java-11-openjdk/bin/java
563aab517000-563aab518000 r-xp 00001000 103:03 591840                    /usr/lib/jvm/java-11-openjdk/bin/java
563aab518000-563aab519000 r--p 00002000 103:03 591840                    /usr/lib/jvm/java-11-openjdk/bin/java
563aab519000-563aab51a000 r--p 00002000 103:03 591840                    /usr/lib/jvm/java-11-openjdk/bin/java
563aab51a000-563aab51b000 rw-p 00003000 103:03 591840                    /usr/lib/jvm/java-11-openjdk/bin/java
563aac8e0000-563aac923000 rw-p 00000000 00:00 0                          [heap]
7f8854000000-7f885409e000 rw-p 00000000 00:00 0 
7f885409e000-7f8858000000 ---p 00000000 00:00 0 
7f885c000000-7f885c022000 rw-p 00000000 00:00 0 
7f885c022000-7f8860000000 ---p 00000000 00:00 0 
7f8860000000-7f8860057000 rw-p 00000000 00:00 0 
7f8860057000-7f8864000000 ---p 00000000 00:00 0 
7f8864000000-7f886404c000 rw-p 00000000 00:00 0 
7f886404c000-7f8868000000 ---p 00000000 00:00 0 
7f8868000000-7f886803d000 rw-p 00000000 00:00 0 
7f886803d000-7f886c000000 ---p 00000000 00:00 0 
7f886edf6000-7f886edfa000 ---p 00000000 00:00 0 
7f886edfa000-7f886eff7000 rw-p 00000000 00:00 0 
7f886eff7000-7f886f0fb000 ---p 00000000 00:00 0 
7f886f0fb000-7f886f1f8000 rw-p 00000000 00:00 0 
7f886f1f8000-7f886f1fc000 ---p 00000000 00:00 0 
7f886f1fc000-7f886f2f9000 rw-p 00000000 00:00 0 
7f886f2f9000-7f886f2fd000 ---p 00000000 00:00 0 
7f886f2fd000-7f886f5fa000 rw-p 00000000 00:00 0 
7f886f5fa000-7f886f7fa000 rw-p 00000000 00:00 0 
7f886f7fa000-7f886f9fa000 rw-p 00000000 00:00 0 
7f886f9fa000-7f886f9fe000 ---p 00000000 00:00 0 
7f886f9fe000-7f886fafb000 rw-p 00000000 00:00 0 
7f886fafb000-7f886faff000 ---p 00000000 00:00 0 
7f886faff000-7f886fbfc000 rw-p 00000000 00:00 0 
7f886fbfc000-7f886fc00000 ---p 00000000 00:00 0 
7f886fc00000-7f886fcfd000 rw-p 00000000 00:00 0 
7f886fcfd000-7f886fd01000 ---p 00000000 00:00 0 
7f886fd01000-7f886fdfe000 rw-p 00000000 00:00 0 
7f886fdfe000-7f886fe02000 ---p 00000000 00:00 0 
7f886fe02000-7f886feff000 rw-p 00000000 00:00 0 
7f886feff000-7f886ff03000 ---p 00000000 00:00 0 
7f886ff03000-7f8870000000 rw-p 00000000 00:00 0 
7f8870000000-7f8870194000 rw-p 00000000 00:00 0 
7f8870194000-7f8874000000 ---p 00000000 00:00 0 
7f8874000000-7f8874067000 rw-p 00000000 00:00 0 
7f8874067000-7f8878000000 ---p 00000000 00:00 0 
7f8878000000-7f8878021000 rw-p 00000000 00:00 0 
7f8878021000-7f887c000000 ---p 00000000 00:00 0 
7f887c000000-7f887c021000 rw-p 00000000 00:00 0 
7f887c021000-7f8880000000 ---p 00000000 00:00 0 
7f8880000000-7f88802de000 rw-p 00000000 00:00 0 
7f88802de000-7f8884000000 ---p 00000000 00:00 0 
7f8884000000-7f888403c000 rw-p 00000000 00:00 0 
7f888403c000-7f8888000000 ---p 00000000 00:00 0 
7f8888000000-7f8888052000 rw-p 00000000 00:00 0 
7f8888052000-7f888c000000 ---p 00000000 00:00 0 
7f888c000000-7f888c0a7000 rw-p 00000000 00:00 0 
7f888c0a7000-7f8890000000 ---p 00000000 00:00 0 
7f8890000000-7f88901c5000 rw-p 00000000 00:00 0 
7f88901c5000-7f8894000000 ---p 00000000 00:00 0 
7f8894000000-7f8895526000 rw-p 00000000 00:00 0 
7f8895526000-7f8898000000 ---p 00000000 00:00 0 
7f8898000000-7f8898057000 rw-p 00000000 00:00 0 
7f8898057000-7f889c000000 ---p 00000000 00:00 0 
7f889c000000-7f889c08a000 rw-p 00000000 00:00 0 
7f889c08a000-7f88a0000000 ---p 00000000 00:00 0 
7f88a0000000-7f88a0021000 rw-p 00000000 00:00 0 
7f88a0021000-7f88a4000000 ---p 00000000 00:00 0 
7f88a4000000-7f88a4021000 rw-p 00000000 00:00 0 
7f88a4021000-7f88a8000000 ---p 00000000 00:00 0 
7f88a8000000-7f88a8021000 rw-p 00000000 00:00 0 
7f88a8021000-7f88ac000000 ---p 00000000 00:00 0 
7f88ac000000-7f88ac5a2000 rw-p 00000000 00:00 0 
7f88ac5a2000-7f88b0000000 ---p 00000000 00:00 0 
7f88b0000000-7f88b0021000 rw-p 00000000 00:00 0 
7f88b0021000-7f88b4000000 ---p 00000000 00:00 0 
7f88b4004000-7f88b4008000 ---p 00000000 00:00 0 
7f88b4008000-7f88b4105000 rw-p 00000000 00:00 0 
7f88b4105000-7f88b4109000 ---p 00000000 00:00 0 
7f88b4109000-7f88b4406000 rw-p 00000000 00:00 0 
7f88b4406000-7f88b4606000 rw-p 00000000 00:00 0 
7f88b4606000-7f88b4806000 rw-p 00000000 00:00 0 
7f88b4806000-7f88b4a06000 rw-p 00000000 00:00 0 
7f88b4a06000-7f88b4c06000 rw-p 00000000 00:00 0 
7f88b4c06000-7f88b4e06000 rw-p 00000000 00:00 0 
7f88b4e06000-7f88b5006000 rw-p 00000000 00:00 0 
7f88b5006000-7f88b500a000 ---p 00000000 00:00 0 
7f88b500a000-7f88b5307000 rw-p 00000000 00:00 0 
7f88b5307000-7f88b530b000 ---p 00000000 00:00 0 
7f88b530b000-7f88b5608000 rw-p 00000000 00:00 0 
7f88b5608000-7f88b5808000 rw-p 00000000 00:00 0 
7f88b5808000-7f88b580c000 ---p 00000000 00:00 0 
7f88b580c000-7f88b5af1000 rw-p 00000000 00:00 0 
7f88b5af1000-7f88b5b09000 ---p 00000000 00:00 0 
7f88b5b09000-7f88b5d09000 rw-p 00000000 00:00 0 
7f88b5d09000-7f88b5f09000 rw-p 00000000 00:00 0 
7f88b5f09000-7f88b6109000 rw-p 00000000 00:00 0 
7f88b6109000-7f88b6309000 rw-p 00000000 00:00 0 
7f88b6309000-7f88b6509000 rw-p 00000000 00:00 0 
7f88b6509000-7f88b650d000 ---p 00000000 00:00 0 
7f88b650d000-7f88b67f6000 rw-p 00000000 00:00 0 
7f88b67f6000-7f88b680a000 ---p 00000000 00:00 0 
7f88b680a000-7f88b6a0a000 rw-p 00000000 00:00 0 
7f88b6a0a000-7f88b6c0a000 rw-p 00000000 00:00 0 
7f88b6c0a000-7f88b6c0e000 ---p 00000000 00:00 0 
7f88b6c0e000-7f88b6d0b000 rw-p 00000000 00:00 0 
7f88b6d0b000-7f88b6d0c000 ---p 00000000 00:00 0 
7f88b6d0c000-7f88b6e0d000 rw-p 00000000 00:00 0 
7f88b6e0d000-7f88b6e0e000 ---p 00000000 00:00 0 
7f88b6e0e000-7f88b710f000 rw-p 00000000 00:00 0 
7f88b710f000-7f88b730f000 rw-p 00000000 00:00 0 
7f88b730f000-7f88b7313000 ---p 00000000 00:00 0 
7f88b7313000-7f88b7410000 rw-p 00000000 00:00 0 
7f88b7410000-7f88b7414000 ---p 00000000 00:00 0 
7f88b7414000-7f88b7711000 rw-p 00000000 00:00 0 
7f88b7711000-7f88b7712000 ---p 00000000 00:00 0 
7f88b7712000-7f88b7813000 rw-p 00000000 00:00 0 
7f88b7813000-7f88b7817000 ---p 00000000 00:00 0 
7f88b7817000-7f88b7914000 rw-p 00000000 00:00 0 
7f88b7914000-7f88b7915000 ---p 00000000 00:00 0 
7f88b7915000-7f88b7a16000 rw-p 00000000 00:00 0 
7f88b7a16000-7f88b7a1a000 ---p 00000000 00:00 0 
7f88b7a1a000-7f88b7b17000 rw-p 00000000 00:00 0 
7f88b7b17000-7f88b7b1b000 ---p 00000000 00:00 0 
7f88b7b1b000-7f88b7c18000 rw-p 00000000 00:00 0 
7f88b7c18000-7f88b7c1c000 ---p 00000000 00:00 0 
7f88b7c1c000-7f88b7d19000 rw-p 00000000 00:00 0 
7f88b7d19000-7f88b8000000 r--p 00000000 103:03 653290                    /usr/lib/locale/locale-archive
7f88b8000000-7f88b8021000 rw-p 00000000 00:00 0 
7f88b8021000-7f88bc000000 ---p 00000000 00:00 0 
7f88bc000000-7f88bc021000 rw-p 00000000 00:00 0 
7f88bc021000-7f88c0000000 ---p 00000000 00:00 0 
7f88c0000000-7f88c0021000 rw-p 00000000 00:00 0 
7f88c0021000-7f88c4000000 ---p 00000000 00:00 0 
7f88c4000000-7f88c4240000 rw-p 00000000 00:00 0 
7f88c4240000-7f88c8000000 ---p 00000000 00:00 0 
7f88c8000000-7f88c8021000 rw-p 00000000 00:00 0 
7f88c8021000-7f88cc000000 ---p 00000000 00:00 0 
7f88cc000000-7f88cc021000 rw-p 00000000 00:00 0 
7f88cc021000-7f88d0000000 ---p 00000000 00:00 0 
7f88d0000000-7f88d0021000 rw-p 00000000 00:00 0 
7f88d0021000-7f88d4000000 ---p 00000000 00:00 0 
7f88d402e000-7f88d4032000 ---p 00000000 00:00 0 
7f88d4032000-7f88d412f000 rw-p 00000000 00:00 0 
7f88d412f000-7f88d4133000 ---p 00000000 00:00 0 
7f88d4133000-7f88d63a0000 rw-p 00000000 00:00 0 
7f88d63a0000-7f88d6414000 ---p 00000000 00:00 0 
7f88d6414000-7f88d641c000 rw-p 00000000 00:00 0 
7f88d641c000-7f88d6420000 ---p 00000000 00:00 0 
7f88d6420000-7f88d6424000 rw-p 00000000 00:00 0 
7f88d6424000-7f88d6428000 ---p 00000000 00:00 0 
7f88d6428000-7f88d642c000 rw-p 00000000 00:00 0 
7f88d642c000-7f88d6430000 ---p 00000000 00:00 0 
7f88d6430000-7f88d6434000 rw-p 00000000 00:00 0 
7f88d6434000-7f88d7118000 ---p 00000000 00:00 0 
7f88d7118000-7f88d7288000 rw-p 00000000 00:00 0 
7f88d7288000-7f88d72fc000 ---p 00000000 00:00 0 
7f88d72fc000-7f88d7304000 rw-p 00000000 00:00 0 
7f88d7304000-7f88d7308000 ---p 00000000 00:00 0 
7f88d7308000-7f88d730c000 rw-p 00000000 00:00 0 
7f88d730c000-7f88d7310000 ---p 00000000 00:00 0 
7f88d7310000-7f88d7314000 rw-p 00000000 00:00 0 
7f88d7314000-7f88d7318000 ---p 00000000 00:00 0 
7f88d7318000-7f88d731c000 rw-p 00000000 00:00 0 
7f88d731c000-7f88d8000000 ---p 00000000 00:00 0 
7f88d8000000-7f88d802d000 rw-p 00000000 00:00 0 
7f88d802d000-7f88dc000000 ---p 00000000 00:00 0 
7f88dc022000-7f88dc04a000 rw-p 00000000 00:00 0 
7f88dc04a000-7f88dc04c000 r--p 00000000 103:03 415419                    /usr/lib/jvm/java-11-openjdk/lib/libmanagement_ext.so
7f88dc04c000-7f88dc04f000 r-xp 00002000 103:03 415419                    /usr/lib/jvm/java-11-openjdk/lib/libmanagement_ext.so
7f88dc04f000-7f88dc050000 r--p 00005000 103:03 415419                    /usr/lib/jvm/java-11-openjdk/lib/libmanagement_ext.so
7f88dc050000-7f88dc051000 ---p 00006000 103:03 415419                    /usr/lib/jvm/java-11-openjdk/lib/libmanagement_ext.so
7f88dc051000-7f88dc052000 r--p 00006000 103:03 415419                    /usr/lib/jvm/java-11-openjdk/lib/libmanagement_ext.so
7f88dc052000-7f88dc053000 rw-p 00007000 103:03 415419                    /usr/lib/jvm/java-11-openjdk/lib/libmanagement_ext.so
7f88dc053000-7f88dc853000 rw-p 00000000 00:00 0 
7f88dc853000-7f88dcac3000 rwxp 00000000 00:00 0 
7f88dcac3000-7f88dcefa000 ---p 00000000 00:00 0 
7f88dcefa000-7f88ddafa000 rwxp 00000000 00:00 0 
7f88ddafa000-7f88eb853000 ---p 00000000 00:00 0 
7f88eb853000-7f88f4000000 r--s 00000000 103:03 415436                    /usr/lib/jvm/java-11-openjdk/lib/modules
7f88f4000000-7f88f47f6000 rw-p 00000000 00:00 0 
7f88f47f6000-7f88f8000000 ---p 00000000 00:00 0 
7f88f8001000-7f88f8002000 r--p 00000000 103:03 418120                    /usr/lib/jvm/java-11-openjdk/lib/libextnet.so
7f88f8002000-7f88f8003000 r-xp 00001000 103:03 418120                    /usr/lib/jvm/java-11-openjdk/lib/libextnet.so
7f88f8003000-7f88f8004000 r--p 00002000 103:03 418120                    /usr/lib/jvm/java-11-openjdk/lib/libextnet.so
7f88f8004000-7f88f8005000 r--p 00002000 103:03 418120                    /usr/lib/jvm/java-11-openjdk/lib/libextnet.so
7f88f8005000-7f88f8006000 rw-p 00003000 103:03 418120                    /usr/lib/jvm/java-11-openjdk/lib/libextnet.so
7f88f8006000-7f88f8037000 rw-p 00000000 00:00 0 
7f88f8037000-7f88f803b000 r--p 00000000 103:03 415415                    /usr/lib/jvm/java-11-openjdk/lib/libnet.so
7f88f803b000-7f88f804b000 r-xp 00004000 103:03 415415                    /usr/lib/jvm/java-11-openjdk/lib/libnet.so
7f88f804b000-7f88f804f000 r--p 00014000 103:03 415415                    /usr/lib/jvm/java-11-openjdk/lib/libnet.so
7f88f804f000-7f88f8050000 r--p 00017000 103:03 415415                    /usr/lib/jvm/java-11-openjdk/lib/libnet.so
7f88f8050000-7f88f8051000 rw-p 00018000 103:03 415415                    /usr/lib/jvm/java-11-openjdk/lib/libnet.so
7f88f8051000-7f88f8058000 r--p 00000000 103:03 415428                    /usr/lib/jvm/java-11-openjdk/lib/libnio.so
7f88f8058000-7f88f805f000 r-xp 00007000 103:03 415428                    /usr/lib/jvm/java-11-openjdk/lib/libnio.so
7f88f805f000-7f88f8062000 r--p 0000e000 103:03 415428                    /usr/lib/jvm/java-11-openjdk/lib/libnio.so
7f88f8062000-7f88f8063000 r--p 00010000 103:03 415428                    /usr/lib/jvm/java-11-openjdk/lib/libnio.so
7f88f8063000-7f88f8064000 rw-p 00011000 103:03 415428                    /usr/lib/jvm/java-11-openjdk/lib/libnio.so
7f88f8064000-7f88f8068000 ---p 00000000 00:00 0 
7f88f8068000-7f88f8165000 rw-p 00000000 00:00 0 
7f88f8165000-7f88f8166000 ---p 00000000 00:00 0 
7f88f8166000-7f88f83ad000 rw-p 00000000 00:00 0 
7f88f83ad000-7f88f83ae000 ---p 00000000 00:00 0 
7f88f83ae000-7f88f84af000 rw-p 00000000 00:00 0 
7f88f84af000-7f88f84b0000 ---p 00000000 00:00 0 
7f88f84b0000-7f88f89b5000 rw-p 00000000 00:00 0 
7f88f89b5000-7f88f89b6000 ---p 00000000 00:00 0 
7f88f89b6000-7f88f8ab7000 rw-p 00000000 00:00 0 
7f88f8ab7000-7f88f8ab8000 ---p 00000000 00:00 0 
7f88f8ab8000-7f88f8c07000 rw-p 00000000 00:00 0 
7f88f8c07000-7f88f8c15000 ---p 00000000 00:00 0 
7f88f8c15000-7f88f8c1a000 rw-p 00000000 00:00 0 
7f88f8c1a000-7f88f8db6000 ---p 00000000 00:00 0 
7f88f8db6000-7f88f8de4000 rw-p 00000000 00:00 0 
7f88f8de4000-7f88f8df2000 ---p 00000000 00:00 0 
7f88f8df2000-7f88f8df7000 rw-p 00000000 00:00 0 
7f88f8df7000-7f88f8f93000 ---p 00000000 00:00 0 
7f88f8f93000-7f88f8fc1000 rw-p 00000000 00:00 0 
7f88f8fc1000-7f88f8fcf000 ---p 00000000 00:00 0 
7f88f8fcf000-7f88f8fd4000 rw-p 00000000 00:00 0 
7f88f8fd4000-7f88f9170000 ---p 00000000 00:00 0 
7f88f9170000-7f88f9574000 rw-p 00000000 00:00 0 
7f88f9574000-7f88f9575000 ---p 00000000 00:00 0 
7f88f9575000-7f88f968e000 rw-p 00000000 00:00 0 
7f88f968e000-7f88f9849000 ---p 00000000 00:00 0 
7f88f9849000-7f88f984e000 rw-p 00000000 00:00 0 
7f88f984e000-7f88f9857000 ---p 00000000 00:00 0 
7f88f9857000-7f88f985a000 r--p 00000000 103:03 541236                    /usr/lib/libnss_files-2.33.so
7f88f985a000-7f88f9861000 r-xp 00003000 103:03 541236                    /usr/lib/libnss_files-2.33.so
7f88f9861000-7f88f9863000 r--p 0000a000 103:03 541236                    /usr/lib/libnss_files-2.33.so
7f88f9863000-7f88f9864000 r--p 0000b000 103:03 541236                    /usr/lib/libnss_files-2.33.so
7f88f9864000-7f88f9865000 rw-p 0000c000 103:03 541236                    /usr/lib/libnss_files-2.33.so
7f88f9865000-7f88f986b000 rw-p 00000000 00:00 0 
7f88f986c000-7f88f986f000 r--p 00000000 103:03 415423                    /usr/lib/jvm/java-11-openjdk/lib/libmanagement.so
7f88f986f000-7f88f9870000 r-xp 00003000 103:03 415423                    /usr/lib/jvm/java-11-openjdk/lib/libmanagement.so
7f88f9870000-7f88f9871000 r--p 00004000 103:03 415423                    /usr/lib/jvm/java-11-openjdk/lib/libmanagement.so
7f88f9871000-7f88f9872000 r--p 00004000 103:03 415423                    /usr/lib/jvm/java-11-openjdk/lib/libmanagement.so
7f88f9872000-7f88f9873000 rw-p 00005000 103:03 415423                    /usr/lib/jvm/java-11-openjdk/lib/libmanagement.so
7f88f9873000-7f88f9875000 r--p 00000000 103:03 415437                    /usr/lib/jvm/java-11-openjdk/lib/libzip.so
7f88f9875000-7f88f9879000 r-xp 00002000 103:03 415437                    /usr/lib/jvm/java-11-openjdk/lib/libzip.so
7f88f9879000-7f88f987b000 r--p 00006000 103:03 415437                    /usr/lib/jvm/java-11-openjdk/lib/libzip.so
7f88f987b000-7f88f987c000 r--p 00007000 103:03 415437                    /usr/lib/jvm/java-11-openjdk/lib/libzip.so
7f88f987c000-7f88f987d000 rw-p 00008000 103:03 415437                    /usr/lib/jvm/java-11-openjdk/lib/libzip.so
7f88f987d000-7f88f9885000 rw-s 00000000 00:2e 880                        /tmp/hsperfdata_artix/14565
7f88f9885000-7f88f9886000 ---p 00000000 00:00 0 
7f88f9886000-7f88f9887000 r--p 00000000 00:00 0 
7f88f9887000-7f88f9895000 r--p 00000000 103:03 418135                    /usr/lib/jvm/java-11-openjdk/lib/libjava.so
7f88f9895000-7f88f98aa000 r-xp 0000e000 103:03 418135                    /usr/lib/jvm/java-11-openjdk/lib/libjava.so
7f88f98aa000-7f88f98b0000 r--p 00023000 103:03 418135                    /usr/lib/jvm/java-11-openjdk/lib/libjava.so
7f88f98b0000-7f88f98b1000 ---p 00029000 103:03 418135                    /usr/lib/jvm/java-11-openjdk/lib/libjava.so
7f88f98b1000-7f88f98b2000 r--p 00029000 103:03 418135                    /usr/lib/jvm/java-11-openjdk/lib/libjava.so
7f88f98b2000-7f88f98b3000 rw-p 0002a000 103:03 418135                    /usr/lib/jvm/java-11-openjdk/lib/libjava.so
7f88f98b3000-7f88f98b4000 rw-p 00000000 00:00 0 
7f88f98b4000-7f88f98b7000 r--p 00000000 103:03 541251                    /usr/lib/librt-2.33.so
7f88f98b7000-7f88f98bb000 r-xp 00003000 103:03 541251                    /usr/lib/librt-2.33.so
7f88f98bb000-7f88f98bd000 r--p 00007000 103:03 541251                    /usr/lib/librt-2.33.so
7f88f98bd000-7f88f98be000 r--p 00008000 103:03 541251                    /usr/lib/librt-2.33.so
7f88f98be000-7f88f98bf000 rw-p 00009000 103:03 541251                    /usr/lib/librt-2.33.so
7f88f98bf000-7f88f98c3000 ---p 00000000 00:00 0 
7f88f98c3000-7f88f99c0000 rw-p 00000000 00:00 0 
7f88f99c0000-7f88f99c3000 r--p 00000000 103:03 680088                    /usr/lib/libgcc_s.so.1
7f88f99c3000-7f88f99d5000 r-xp 00003000 103:03 680088                    /usr/lib/libgcc_s.so.1
7f88f99d5000-7f88f99d8000 r--p 00015000 103:03 680088                    /usr/lib/libgcc_s.so.1
7f88f99d8000-7f88f99d9000 ---p 00018000 103:03 680088                    /usr/lib/libgcc_s.so.1
7f88f99d9000-7f88f99da000 r--p 00018000 103:03 680088                    /usr/lib/libgcc_s.so.1
7f88f99da000-7f88f99db000 rw-p 00019000 103:03 680088                    /usr/lib/libgcc_s.so.1
7f88f99db000-7f88f99ea000 r--p 00000000 103:03 541215                    /usr/lib/libm-2.33.so
7f88f99ea000-7f88f9a85000 r-xp 0000f000 103:03 541215                    /usr/lib/libm-2.33.so
7f88f9a85000-7f88f9b1d000 r--p 000aa000 103:03 541215                    /usr/lib/libm-2.33.so
7f88f9b1d000-7f88f9b1e000 ---p 00142000 103:03 541215                    /usr/lib/libm-2.33.so
7f88f9b1e000-7f88f9b1f000 r--p 00142000 103:03 541215                    /usr/lib/libm-2.33.so
7f88f9b1f000-7f88f9b20000 rw-p 00143000 103:03 541215                    /usr/lib/libm-2.33.so
7f88f9b20000-7f88f9bb9000 r--p 00000000 103:03 677876                    /usr/lib/libstdc++.so.6.0.29
7f88f9bb9000-7f88f9cb9000 r-xp 00099000 103:03 677876                    /usr/lib/libstdc++.so.6.0.29
7f88f9cb9000-7f88f9d25000 r--p 00199000 103:03 677876                    /usr/lib/libstdc++.so.6.0.29
7f88f9d25000-7f88f9d32000 r--p 00204000 103:03 677876                    /usr/lib/libstdc++.so.6.0.29
7f88f9d32000-7f88f9d33000 rw-p 00211000 103:03 677876                    /usr/lib/libstdc++.so.6.0.29
7f88f9d33000-7f88f9d36000 rw-p 00000000 00:00 0 
7f88f9d36000-7f88f9faf000 r--p 00000000 103:03 13024                     /usr/lib/jvm/java-11-openjdk/lib/server/libjvm.so
7f88f9faf000-7f88fac18000 r-xp 00279000 103:03 13024                     /usr/lib/jvm/java-11-openjdk/lib/server/libjvm.so
7f88fac18000-7f88faeea000 r--p 00ee2000 103:03 13024                     /usr/lib/jvm/java-11-openjdk/lib/server/libjvm.so
7f88faeea000-7f88faeeb000 ---p 011b4000 103:03 13024                     /usr/lib/jvm/java-11-openjdk/lib/server/libjvm.so
7f88faeeb000-7f88fafac000 r--p 011b4000 103:03 13024                     /usr/lib/jvm/java-11-openjdk/lib/server/libjvm.so
7f88fafac000-7f88fafe6000 rw-p 01275000 103:03 13024                     /usr/lib/jvm/java-11-openjdk/lib/server/libjvm.so
7f88fafe6000-7f88fb03e000 rw-p 00000000 00:00 0 
7f88fb03e000-7f88fb045000 r--p 00000000 103:03 541243                    /usr/lib/libpthread-2.33.so
7f88fb045000-7f88fb054000 r-xp 00007000 103:03 541243                    /usr/lib/libpthread-2.33.so
7f88fb054000-7f88fb059000 r--p 00016000 103:03 541243                    /usr/lib/libpthread-2.33.so
7f88fb059000-7f88fb05a000 r--p 0001a000 103:03 541243                    /usr/lib/libpthread-2.33.so
7f88fb05a000-7f88fb05b000 rw-p 0001b000 103:03 541243                    /usr/lib/libpthread-2.33.so
7f88fb05b000-7f88fb05f000 rw-p 00000000 00:00 0 
7f88fb05f000-7f88fb061000 r--p 00000000 103:03 541209                    /usr/lib/libdl-2.33.so
7f88fb061000-7f88fb063000 r-xp 00002000 103:03 541209                    /usr/lib/libdl-2.33.so
7f88fb063000-7f88fb064000 r--p 00004000 103:03 541209                    /usr/lib/libdl-2.33.so
7f88fb064000-7f88fb065000 r--p 00004000 103:03 541209                    /usr/lib/libdl-2.33.so
7f88fb065000-7f88fb066000 rw-p 00005000 103:03 541209                    /usr/lib/libdl-2.33.so
7f88fb066000-7f88fb069000 r--p 00000000 103:03 911054                    /usr/lib/libz.so.1.2.11
7f88fb069000-7f88fb077000 r-xp 00003000 103:03 911054                    /usr/lib/libz.so.1.2.11
7f88fb077000-7f88fb07d000 r--p 00011000 103:03 911054                    /usr/lib/libz.so.1.2.11
7f88fb07d000-7f88fb07e000 ---p 00017000 103:03 911054                    /usr/lib/libz.so.1.2.11
7f88fb07e000-7f88fb07f000 r--p 00017000 103:03 911054                    /usr/lib/libz.so.1.2.11
7f88fb07f000-7f88fb080000 rw-p 00018000 103:03 911054                    /usr/lib/libz.so.1.2.11
7f88fb080000-7f88fb0a6000 r--p 00000000 103:03 541201                    /usr/lib/libc-2.33.so
7f88fb0a6000-7f88fb1f2000 r-xp 00026000 103:03 541201                    /usr/lib/libc-2.33.so
7f88fb1f2000-7f88fb23e000 r--p 00172000 103:03 541201                    /usr/lib/libc-2.33.so
7f88fb23e000-7f88fb241000 r--p 001bd000 103:03 541201                    /usr/lib/libc-2.33.so
7f88fb241000-7f88fb244000 rw-p 001c0000 103:03 541201                    /usr/lib/libc-2.33.so
7f88fb244000-7f88fb24d000 rw-p 00000000 00:00 0 
7f88fb24d000-7f88fb24f000 r--p 00000000 103:03 418141                    /usr/lib/jvm/java-11-openjdk/lib/libjimage.so
7f88fb24f000-7f88fb252000 r-xp 00002000 103:03 418141                    /usr/lib/jvm/java-11-openjdk/lib/libjimage.so
7f88fb252000-7f88fb253000 r--p 00005000 103:03 418141                    /usr/lib/jvm/java-11-openjdk/lib/libjimage.so
7f88fb253000-7f88fb254000 ---p 00006000 103:03 418141                    /usr/lib/jvm/java-11-openjdk/lib/libjimage.so
7f88fb254000-7f88fb255000 r--p 00006000 103:03 418141                    /usr/lib/jvm/java-11-openjdk/lib/libjimage.so
7f88fb255000-7f88fb256000 rw-p 00007000 103:03 418141                    /usr/lib/jvm/java-11-openjdk/lib/libjimage.so
7f88fb256000-7f88fb25b000 r--p 00000000 103:03 415439                    /usr/lib/jvm/java-11-openjdk/lib/libverify.so
7f88fb25b000-7f88fb262000 r-xp 00005000 103:03 415439                    /usr/lib/jvm/java-11-openjdk/lib/libverify.so
7f88fb262000-7f88fb264000 r--p 0000c000 103:03 415439                    /usr/lib/jvm/java-11-openjdk/lib/libverify.so
7f88fb264000-7f88fb266000 r--p 0000d000 103:03 415439                    /usr/lib/jvm/java-11-openjdk/lib/libverify.so
7f88fb266000-7f88fb267000 rw-p 0000f000 103:03 415439                    /usr/lib/jvm/java-11-openjdk/lib/libverify.so
7f88fb267000-7f88fb26a000 r--p 00000000 103:03 591721                    /usr/lib/jvm/java-11-openjdk/lib/jli/libjli.so
7f88fb26a000-7f88fb274000 r-xp 00003000 103:03 591721                    /usr/lib/jvm/java-11-openjdk/lib/jli/libjli.so
7f88fb274000-7f88fb277000 r--p 0000d000 103:03 591721                    /usr/lib/jvm/java-11-openjdk/lib/jli/libjli.so
7f88fb277000-7f88fb278000 ---p 00010000 103:03 591721                    /usr/lib/jvm/java-11-openjdk/lib/jli/libjli.so
7f88fb278000-7f88fb279000 r--p 00010000 103:03 591721                    /usr/lib/jvm/java-11-openjdk/lib/jli/libjli.so
7f88fb279000-7f88fb27a000 rw-p 00011000 103:03 591721                    /usr/lib/jvm/java-11-openjdk/lib/jli/libjli.so
7f88fb27a000-7f88fb27c000 rw-p 00000000 00:00 0 
7f88fb27c000-7f88fb27d000 r--p 00000000 103:03 541190                    /usr/lib/ld-2.33.so
7f88fb27d000-7f88fb2a1000 r-xp 00001000 103:03 541190                    /usr/lib/ld-2.33.so
7f88fb2a1000-7f88fb2aa000 r--p 00025000 103:03 541190                    /usr/lib/ld-2.33.so
7f88fb2ab000-7f88fb2ad000 r--p 0002e000 103:03 541190                    /usr/lib/ld-2.33.so
7f88fb2ad000-7f88fb2af000 rw-p 00030000 103:03 541190                    /usr/lib/ld-2.33.so
7ffd0584a000-7ffd0586d000 rw-p 00000000 00:00 0                          [stack]
7ffd0595f000-7ffd05963000 r--p 00000000 00:00 0                          [vvar]
7ffd05963000-7ffd05965000 r-xp 00000000 00:00 0                          [vdso]
ffffffffff600000-ffffffffff601000 --xp 00000000 00:00 0                  [vsyscall]


VM Arguments:
jvm_args: -Xverify:none -XX:TieredStopAtLevel=1 
java_command: com.irdaislakhuafa.kopmart.KopmartApplication
java_class_path (initial): /media/My_Drive/Kelas Terbuka/Projects/kopmart/target/classes:/home/artix/.m2/repository/org/aspectj/aspectjweaver/1.9.7/aspectjweaver-1.9.7.jar:/home/artix/.m2/repository/com/zaxxer/HikariCP/4.0.3/HikariCP-4.0.3.jar:/home/artix/.m2/repository/org/springframework/spring-jdbc/5.3.10/spring-jdbc-5.3.10.jar:/home/artix/.m2/repository/jakarta/transaction/jakarta.transaction-api/1.3.3/jakarta.transaction-api-1.3.3.jar:/home/artix/.m2/repository/jakarta/persistence/jakarta.persistence-api/2.2.3/jakarta.persistence-api-2.2.3.jar:/home/artix/.m2/repository/org/hibernate/hibernate-core/5.4.32.Final/hibernate-core-5.4.32.Final.jar:/home/artix/.m2/repository/org/jboss/logging/jboss-logging/3.4.2.Final/jboss-logging-3.4.2.Final.jar:/home/artix/.m2/repository/org/javassist/javassist/3.27.0-GA/javassist-3.27.0-GA.jar:/home/artix/.m2/repository/net/bytebuddy/byte-buddy/1.10.22/byte-buddy-1.10.22.jar:/home/artix/.m2/repository/antlr/antlr/2.7.7/antlr-2.7.7.jar:/home/artix/.m2/repository/org/jboss/jandex/2.2.3.Final/jandex-2.2.3.Final.jar:/home/artix/.m2/repository/com/fasterxml/classmate/1.5.1/classmate-1.5.1.jar:/home/artix/.m2/repository/org/dom4j/dom4j/2.1.3/dom4j-2.1.3.jar:/home/artix/.m2/repository/org/hibernate/common/hibernate-commons-annotations/5.1.2.Final/hibernate-commons-annotations-5.1.2.Final.jar:/home/artix/.m2/repository/org/glassfish/jaxb/jaxb-runtime/2.3.5/jaxb-runtime-2.3.5.jar:/home/artix/.m2/repository/org/glassfish/jaxb/txw2/2.3.5/txw2-2.3.5.jar:/home/artix/.m2/repository/com/sun/istack/istack-commons-runtime/3.0.12/istack-commons-runtime-3.0.12.jar:/home/artix/.m2/repository/com/sun/activation/jakarta.activation/1.2.2/jakarta.activation-1.2.2.jar:/home/artix/.m2/repository/org/springframework/data/spring-data-jpa/2.5.5/spring-data-jpa-2.5.5.jar:/home/artix/.m2/repository/org/springframework/data/spring-data-commons/2.5.5/spring-data-commons-2.5.5.jar:/home/artix/.m2/repository/org/springframework/spring-orm/5.3.10/spring-orm-5.3.1
Launcher Type: SUN_STANDARD

[Global flags]
     bool BytecodeVerificationLocal                = false                                     {product} {command line}
     bool BytecodeVerificationRemote               = false                                     {product} {command line}
     intx CICompilerCount                          = 3                                         {product} {ergonomic}
     uint ConcGCThreads                            = 1                                         {product} {ergonomic}
     uint G1ConcRefinementThreads                  = 4                                         {product} {ergonomic}
   size_t G1HeapRegionSize                         = 1048576                                   {product} {ergonomic}
    uintx GCDrainStackTargetSize                   = 64                                        {product} {ergonomic}
   size_t InitialHeapSize                          = 62914560                                  {product} {ergonomic}
   size_t MarkStackSize                            = 4194304                                   {product} {ergonomic}
   size_t MaxHeapSize                              = 1000341504                                {product} {ergonomic}
   size_t MaxNewSize                               = 599785472                                 {product} {ergonomic}
   size_t MinHeapDeltaBytes                        = 1048576                                   {product} {ergonomic}
    uintx NonNMethodCodeHeapSize                   = 6973028                                {pd product} {ergonomic}
    uintx NonProfiledCodeHeapSize                  = 244685212                              {pd product} {ergonomic}
    uintx ProfiledCodeHeapSize                     = 0                                      {pd product} {ergonomic}
    uintx ReservedCodeCacheSize                    = 251658240                              {pd product} {ergonomic}
     bool SegmentedCodeCache                       = true                                      {product} {ergonomic}
     intx TieredStopAtLevel                        = 1                                         {product} {command line}
     bool UseCompressedClassPointers               = true                                 {lp64_product} {ergonomic}
     bool UseCompressedOops                        = true                                 {lp64_product} {ergonomic}
     bool UseG1GC                                  = true                                      {product} {ergonomic}

Logging:
Log output configuration:
 #0: stdout all=warning uptime,level,tags
 #1: stderr all=off uptime,level,tags

Environment Variables:
JAVA_HOME=/usr/lib/jvm/default/
PATH=/home/artix/Applications:/opt/lampp:/opt/lampp/bin:/opt/lappstack-7.4.22-0:/opt/lappstack-7.4.22-0/postgresql/bin:/home/artix/Applications:/opt/lampp:/opt/lampp/bin:/opt/lappstack-7.4.22-0:/opt/lappstack-7.4.22-0/postgresql/bin:/usr/local/bin:/usr/local/sbin:/usr/bin:/opt/android-sdk/platform-tools:/opt/android-sdk/tools:/opt/android-sdk/tools/bin:/usr/lib/jvm/default/bin:/usr/bin/site_perl:/usr/bin/vendor_perl:/usr/bin/core_perl:/opt/android-sdk/platform-tools:/opt/android-sdk/tools:/opt/android-sdk/tools/bin:/usr/lib/jvm/default/bin
SHELL=/usr/bin/zsh
DISPLAY=:0.0
LANG=en_US.UTF-8

Signal Handlers:
SIGSEGV: [libjvm.so+0xe68600], sa_mask[0]=11111111011111111101111111111110, sa_flags=SA_RESTART|SA_SIGINFO
SIGBUS: [libjvm.so+0xe68600], sa_mask[0]=11111111011111111101111111111110, sa_flags=SA_RESTART|SA_SIGINFO
SIGFPE: [libjvm.so+0xe68600], sa_mask[0]=11111111011111111101111111111110, sa_flags=SA_RESTART|SA_SIGINFO
SIGPIPE: [libjvm.so+0xc52910], sa_mask[0]=11111111011111111101111111111110, sa_flags=SA_RESTART|SA_SIGINFO
SIGXFSZ: [libjvm.so+0xc52910], sa_mask[0]=11111111011111111101111111111110, sa_flags=SA_RESTART|SA_SIGINFO
SIGILL: [libjvm.so+0xe68600], sa_mask[0]=11111111011111111101111111111110, sa_flags=SA_RESTART|SA_SIGINFO
SIGUSR2: [libjvm.so+0xc52790], sa_mask[0]=00100000000000000000000000000000, sa_flags=SA_RESTART|SA_SIGINFO
SIGHUP: [libjvm.so+0xc52da0], sa_mask[0]=11111111011111111101111111111110, sa_flags=SA_RESTART|SA_SIGINFO
SIGINT: [libjvm.so+0xc52da0], sa_mask[0]=11111111011111111101111111111110, sa_flags=SA_RESTART|SA_SIGINFO
SIGTERM: [libjvm.so+0xc52da0], sa_mask[0]=11111111011111111101111111111110, sa_flags=SA_RESTART|SA_SIGINFO
SIGQUIT: [libjvm.so+0xc52da0], sa_mask[0]=11111111011111111101111111111110, sa_flags=SA_RESTART|SA_SIGINFO


---------------  S Y S T E M  ---------------

OS:LSB_VERSION=1.4
DISTRIB_ID=Artix
DISTRIB_RELEASE=rolling
DISTRIB_DESCRIPTION="Artix Linux"
uname:Linux 5.16.1-artix1-1 #1 SMP PREEMPT Sun, 16 Jan 2022 13:15:01 +0000 x86_64
OS uptime: 0 days 3:23 hours
libc:glibc 2.33 NPTL 2.33 
rlimit (soft/hard): STACK 8192k/infinity , CORE 0k/infinity , NPROC 15167/15167 , NOFILE 4096/4096 , AS infinity/infinity , CPU infinity/infinity , DATA infinity/infinity , FSIZE infinity/infinity , MEMLOCK 8192k/8192k
load average:2.78 3.28 3.06

/proc/meminfo:
MemTotal:        3900384 kB
MemFree:          179796 kB
MemAvailable:     173700 kB
Buffers:               0 kB
Cached:           435944 kB
SwapCached:        59644 kB
Active:           559916 kB
Inactive:        1132512 kB
Active(anon):     460132 kB
Inactive(anon):  1074708 kB
Active(file):      99784 kB
Inactive(file):    57804 kB
Unevictable:       39700 kB
Mlocked:               0 kB
SwapTotal:      12582908 kB
SwapFree:        9439420 kB
Dirty:              1444 kB
Writeback:             0 kB
AnonPages:       1242096 kB
Mapped:           278420 kB
Shmem:            278172 kB
KReclaimable:      76020 kB
Slab:             274700 kB
SReclaimable:      76020 kB
SUnreclaim:       198680 kB
KernelStack:       13256 kB
PageTables:        37560 kB
NFS_Unstable:          0 kB
Bounce:                0 kB
WritebackTmp:          0 kB
CommitLimit:    14533100 kB
Committed_AS:   11274624 kB
VmallocTotal:   34359738367 kB
VmallocUsed:      185760 kB
VmallocChunk:          0 kB
Percpu:             1120 kB
HardwareCorrupted:     0 kB
AnonHugePages:         0 kB
ShmemHugePages:        0 kB
ShmemPmdMapped:        0 kB
FileHugePages:         0 kB
FilePmdMapped:         0 kB
CmaTotal:              0 kB
CmaFree:               0 kB
HugePages_Total:       0
HugePages_Free:        0
HugePages_Rsvd:        0
HugePages_Surp:        0
Hugepagesize:       2048 kB
Hugetlb:               0 kB
DirectMap4k:     1002380 kB
DirectMap2M:     3074048 kB
DirectMap1G:           0 kB

/sys/kernel/mm/transparent_hugepage/enabled:
always [madvise] never
/sys/kernel/mm/transparent_hugepage/defrag (defrag/compaction efforts parameter):
always defer defer+madvise [madvise] never

Process Memory:
Virtual Size: 4651852K (peak: 4702892K)
Resident Set Size: 208624K (peak: 359916K) (anon: 197208K, file: 11400K, shmem: 16K)
Swapped out: 33184K
C-Heap outstanding allocations: 38055K

/proc/sys/kernel/threads-max (system-wide limit on the number of threads):
30334
/proc/sys/vm/max_map_count (maximum number of memory map areas a process may have):
65530
/proc/sys/kernel/pid_max (system-wide limit on number of process identifiers):
32768

container (cgroup) information:
container_type: cgroupv1
cpu_cpuset_cpus: 0-3
cpu_memory_nodes: 0
active_processor_count: 4
cpu_quota: -1
cpu_period: 100000
cpu_shares: -1
memory_limit_in_bytes: -1
memory_and_swap_limit_in_bytes: -1
memory_soft_limit_in_bytes: -1
memory_usage_in_bytes: 1718910976
memory_max_usage_in_bytes: 0

Steal ticks since vm start: 0
Steal ticks percentage since vm start:  0.000

CPU:total 4 (initial active 4) (2 cores per cpu, 2 threads per core) family 6 model 142 stepping 12 microcode 0xea, cmov, cx8, fxsr, mmx, sse, sse2, sse3, ssse3, sse4.1, sse4.2, popcnt, avx, avx2, aes, clmul, erms, 3dnowpref, lzcnt, ht, tsc, tscinvbit, bmi1, bmi2, adx, fma
CPU Model and flags from /proc/cpuinfo:
model name	: Intel(R) Core(TM) i3-8145U CPU @ 2.10GHz
flags		: fpu vme de pse tsc msr pae mce cx8 apic sep mtrr pge mca cmov pat pse36 clflush dts acpi mmx fxsr sse sse2 ss ht tm pbe syscall nx pdpe1gb rdtscp lm constant_tsc art arch_perfmon pebs bts rep_good nopl xtopology nonstop_tsc cpuid aperfmperf pni pclmulqdq dtes64 monitor ds_cpl vmx est tm2 ssse3 sdbg fma cx16 xtpr pdcm pcid sse4_1 sse4_2 x2apic movbe popcnt tsc_deadline_timer aes xsave avx f16c rdrand lahf_lm abm 3dnowprefetch cpuid_fault epb invpcid_single ssbd ibrs ibpb stibp ibrs_enhanced tpr_shadow vnmi flexpriority ept vpid ept_ad fsgsbase tsc_adjust bmi1 avx2 smep bmi2 erms invpcid mpx rdseed adx smap clflushopt intel_pt xsaveopt xsavec xgetbv1 xsaves dtherm ida arat pln pts hwp hwp_notify hwp_act_window hwp_epp md_clear flush_l1d arch_capabilities
Online cpus:
0-3
Offline cpus:

BIOS frequency limitation:
<Not Available>
Frequency switch latency (ns):
0
Available cpu frequencies:
<Not Available>
Current governor:
powersave
Core performance/turbo boost:
<Not Available>

Memory: 4k page, physical 3900384k(179660k free), swap 12582908k(9439420k free)

vm_info: OpenJDK 64-Bit Server VM (11.0.13+8) for linux-amd64 JRE (11.0.13+8), built on Nov 10 2021 17:02:42 by "builduser" with gcc 11.1.0

END.
