#
# A fatal error has been detected by the Java Runtime Environment:
#
#  SIGSEGV (0xb) at pc=0x00007fd8ae35386e, pid=6665, tid=6677
#
# JRE version: OpenJDK Runtime Environment (11.0.13+8) (build 11.0.13+8)
# Java VM: OpenJDK 64-Bit Server VM (11.0.13+8, mixed mode, tiered, compressed oops, g1 gc, linux-amd64)
# Problematic frame:
# V  [libjvm.so+0x7aa86e]
#
# No core dump will be written. Core dumps have been disabled. To enable core dumping, try "ulimit -c unlimited" before starting Java again
#
# If you would like to submit a bug report, please visit:
#   https://bugreport.java.com/bugreport/crash.jsp
#

---------------  S U M M A R Y ------------

Command Line: -Xverify:none -XX:TieredStopAtLevel=1 com.irdaislakhuafa.kopmart.KopmartApplication

Host: Intel(R) Core(TM) i3-8145U CPU @ 2.10GHz, 4 cores, 3G, Artix Linux
Time: Mon Jan 24 16:07:48 2022 WIB elapsed time: 1381.443051 seconds (0d 0h 23m 1s)

---------------  T H R E A D  ---------------

Current thread (0x00007fd8a802f000):  GCTaskThread "GC Thread#0" [stack: 0x00007fd8ad3e9000,0x00007fd8ad4e9000] [id=6677]

Stack: [0x00007fd8ad3e9000,0x00007fd8ad4e9000],  sp=0x00007fd8ad4e7c00,  free space=1019k
Native frames: (J=compiled Java code, A=aot compiled Java code, j=interpreted, Vv=VM code, C=native code)
V  [libjvm.so+0x7aa86e]
V  [libjvm.so+0x7aab83]
V  [libjvm.so+0xe9961f]
V  [libjvm.so+0xdf7a05]
V  [libjvm.so+0xc5cdf9]


siginfo: si_signo: 11 (SIGSEGV), si_code: 1 (SEGV_MAPERR), si_addr: 0x0000000000000060

Register to memory mapping:

RAX=0x0 is NULL
RBX=0x0 is NULL
RCX=0x0000000000000007 is an unknown value
RDX=0x00007fd8922c9c80 points into unknown readable memory: 0x0000000000000000 | 00 00 00 00 00 00 00 00
RSP=0x00007fd8ad4e7c00 points into unknown readable memory: 0x00007fd88822dfa0 | a0 df 22 88 d8 7f 00 00
RBP=0x00007fd8ad4e7cf0 points into unknown readable memory: 0x00007fd8ad4e7d60 | 60 7d 4e ad d8 7f 00 00
RSI=0x00007fd8922c9c80 points into unknown readable memory: 0x0000000000000000 | 00 00 00 00 00 00 00 00
RDI=0x00007fd8922c9c90 points into unknown readable memory: 0x0000000000000000 | 00 00 00 00 00 00 00 00
R8 =0x00007fd8922c9c90 points into unknown readable memory: 0x0000000000000000 | 00 00 00 00 00 00 00 00
R9 =0x00007fd89089da00 points into unknown readable memory: 0x0000000000000006 | 06 00 00 00 00 00 00 00
R10=0x00007fd8ad6bc000 points into unknown readable memory: 0x0100050403020100 | 00 01 02 03 04 05 00 01
R11=0x0000000000000001 is an unknown value
R12=0x00007fd8922c9c90 points into unknown readable memory: 0x0000000000000000 | 00 00 00 00 00 00 00 00
R13=0x00007fd8a8023f50 points into unknown readable memory: 0x00007fd8aed6bc60 | 60 bc d6 ae d8 7f 00 00
R14=0x000055bfda875d20 points into unknown readable memory: 0x0000000300000001 | 01 00 00 00 03 00 00 00
R15=0x0 is NULL


Registers:
RAX=0x0000000000000000, RBX=0x0000000000000000, RCX=0x0000000000000007, RDX=0x00007fd8922c9c80
RSP=0x00007fd8ad4e7c00, RBP=0x00007fd8ad4e7cf0, RSI=0x00007fd8922c9c80, RDI=0x00007fd8922c9c90
R8 =0x00007fd8922c9c90, R9 =0x00007fd89089da00, R10=0x00007fd8ad6bc000, R11=0x0000000000000001
R12=0x00007fd8922c9c90, R13=0x00007fd8a8023f50, R14=0x000055bfda875d20, R15=0x0000000000000000
RIP=0x00007fd8ae35386e, EFLAGS=0x0000000000010206, CSGSFS=0x002b000000000033, ERR=0x0000000000000004
  TRAPNO=0x000000000000000e

Top of Stack: (sp=0x00007fd8ad4e7c00)
0x00007fd8ad4e7c00:   00007fd88822dfa0 00007fd88822dfa8
0x00007fd8ad4e7c10:   0000000900000001 00007fd88822df88
0x00007fd8ad4e7c20:   0000000000000009 00007fd8922c4e90
0x00007fd8ad4e7c30:   0000000000000000 00007fd800000001 

Instructions: (pc=0x00007fd8ae35386e)
0x00007fd8ae35376e:   00 00 00 48 89 d0 f0 4c 0f b1 29 48 39 c2 75 e1
0x00007fd8ae35377e:   48 8d 05 b3 56 b1 00 4c 89 ef 0f b6 30 67 e8 cf
0x00007fd8ae35378e:   60 ed ff 48 8b 85 28 ff ff ff 48 c7 40 10 00 00
0x00007fd8ae35379e:   00 00 48 8b 85 28 ff ff ff 4d 89 e5 48 8d 48 18
0x00007fd8ae3537ae:   48 83 c0 20 48 89 8d 10 ff ff ff 48 89 85 18 ff
0x00007fd8ae3537be:   ff ff 48 8b 85 28 ff ff ff 48 8d 0d d2 24 b1 00
0x00007fd8ae3537ce:   48 8b 40 18 4c 8b 31 48 89 85 38 ff ff ff 4d 85
0x00007fd8ae3537de:   f6 0f 84 28 03 00 00 41 8b 0e 89 8d 48 ff ff ff
0x00007fd8ae3537ee:   48 85 c0 0f 84 2f 03 00 00 49 8b 76 18 31 c0 48
0x00007fd8ae3537fe:   8b 14 c6 48 8b 8d 38 ff ff ff 89 c3 83 ba 40 01
0x00007fd8ae35380e:   00 00 04 75 04 48 8b 49 20 48 39 4a 18 0f 87 e3
0x00007fd8ae35381e:   02 00 00 48 3b 4a 20 0f 83 d9 02 00 00 4c 8b ad
0x00007fd8ae35382e:   38 ff ff ff 48 c7 85 30 ff ff ff 00 00 00 00 4d
0x00007fd8ae35383e:   89 ec 8b 85 30 ff ff ff 4c 63 fb 89 85 24 ff ff
0x00007fd8ae35384e:   ff 3b 9d 48 ff ff ff 74 39 49 8b 46 18 4e 8b 2c
0x00007fd8ae35385e:   f8 eb 18 0f 1f 80 00 00 00 00 48 8b 00 4c 89 e7
0x00007fd8ae35386e:   ff 50 60 84 c0 0f 85 7d 00 00 00 4c 89 e6 4c 89
0x00007fd8ae35387e:   ef 67 e8 9b 02 e8 ff 49 89 c4 48 85 c0 75 db 45
0x00007fd8ae35388e:   31 e4 4c 89 f8 44 8b bd 48 ff ff ff 66 0f 1f 44
0x00007fd8ae35389e:   00 00 48 8d 14 c5 08 00 00 00 44 39 fb 0f 84 62
0x00007fd8ae3538ae:   01 00 00 83 c3 01 44 39 fb 0f 84 56 01 00 00 49
0x00007fd8ae3538be:   8b 46 18 4c 8b 2c 10 4d 85 e4 0f 84 15 01 00 00
0x00007fd8ae3538ce:   66 90 4c 89 e6 4c 89 ef 67 e8 44 02 e8 ff 49 89
0x00007fd8ae3538de:   c4 48 85 c0 0f 84 df 00 00 00 49 8b 04 24 4c 89
0x00007fd8ae3538ee:   e7 ff 50 60 84 c0 74 da 4d 89 e5 49 8b 45 00 4c
0x00007fd8ae3538fe:   89 ef ff 90 88 00 00 00 84 c0 0f 85 16 01 00 00
0x00007fd8ae35390e:   39 9d 48 ff ff ff 0f 84 fe 00 00 00 49 8b 46 18
0x00007fd8ae35391e:   4c 63 fb 4e 8b 24 f8 eb 16 66 0f 1f 84 00 00 00
0x00007fd8ae35392e:   00 00 48 8b 00 4c 89 ef ff 50 60 84 c0 75 bc 4c
0x00007fd8ae35393e:   89 ee 4c 89 e7 67 e8 d7 01 e8 ff 49 89 c5 48 85
0x00007fd8ae35394e:   c0 75 df 45 31 ed 0f 1f 40 00 4e 8d 3c fd 08 00
0x00007fd8ae35395e:   00 00 8b 85 48 ff ff ff 39 d8 0f 84 ea 00 00 00 


Stack slot to memory mapping:
stack at sp + 0 slots: 0x00007fd88822dfa0 points into unknown readable memory: 0x00007fd8922c4e90 | 90 4e 2c 92 d8 7f 00 00
stack at sp + 1 slots: 0x00007fd88822dfa8 points into unknown readable memory: 0x00007fd8922c3510 | 10 35 2c 92 d8 7f 00 00
stack at sp + 2 slots: 0x0000000900000001 is an unknown value
stack at sp + 3 slots: 0x00007fd88822df88 points into unknown readable memory: 0x00007fd88822e6e0 | e0 e6 22 88 d8 7f 00 00
stack at sp + 4 slots: 0x0000000000000009 is an unknown value
stack at sp + 5 slots: 0x00007fd8922c4e90 is at entry_point+-432 in (nmethod*)0x00007fd8922c4e90
stack at sp + 6 slots: 0x0 is NULL
stack at sp + 7 slots: 0x00007fd800000001 is an unknown value


---------------  P R O C E S S  ---------------

Threads class SMR info:
_java_thread_list=0x00007fd82c02d050, length=11, elements={
0x00007fd8a80f6800, 0x00007fd8a80fa800, 0x00007fd8a810f800, 0x00007fd8a8111800,
0x00007fd8a8113800, 0x00007fd8a8115800, 0x00007fd8a81cf800, 0x00007fd8a8017800,
0x00007fd841305000, 0x00007fd83c30f000, 0x00007fd82002d800
}

Java Threads: ( => current thread )
  0x00007fd8a80f6800 JavaThread "Reference Handler" daemon [_thread_blocked, id=6695, stack(0x00007fd88802d000,0x00007fd88812e000)]
  0x00007fd8a80fa800 JavaThread "Finalizer" daemon [_thread_blocked, id=6697, stack(0x00007fd873eff000,0x00007fd874000000)]
  0x00007fd8a810f800 JavaThread "Signal Dispatcher" daemon [_thread_blocked, id=6698, stack(0x00007fd873b17000,0x00007fd873c18000)]
  0x00007fd8a8111800 JavaThread "Service Thread" daemon [_thread_blocked, id=6699, stack(0x00007fd873a16000,0x00007fd873b17000)]
  0x00007fd8a8113800 JavaThread "C1 CompilerThread0" daemon [_thread_blocked, id=6700, stack(0x00007fd873915000,0x00007fd873a16000)]
  0x00007fd8a8115800 JavaThread "Sweeper thread" daemon [_thread_blocked, id=6701, stack(0x00007fd873814000,0x00007fd873915000)]
  0x00007fd8a81cf800 JavaThread "Common-Cleaner" daemon [_thread_blocked, id=6708, stack(0x00007fd873611000,0x00007fd873712000)]
  0x00007fd8a8017800 JavaThread "DestroyJavaVM" [_thread_blocked, id=6667, stack(0x00007fd8ad732000,0x00007fd8ad833000)]
  0x00007fd841305000 JavaThread "File Watcher" daemon [_thread_blocked, id=31979, stack(0x00007fd8174f8000,0x00007fd8175f9000)]
  0x00007fd83c30f000 JavaThread "File Watcher" daemon [_thread_blocked, id=2734, stack(0x00007fd817dfe000,0x00007fd817eff000)]
  0x00007fd82002d800 JavaThread "Thread-131" [_thread_blocked, id=19439, stack(0x00007fd870101000,0x00007fd870202000)]

Other Threads:
  0x00007fd8a80ee800 VMThread "VM Thread" [stack: 0x00007fd888130000,0x00007fd888230000] [id=6694]
  0x00007fd8a81c6000 WatcherThread [stack: 0x00007fd873714000,0x00007fd873814000] [id=6707]
=>0x00007fd8a802f000 GCTaskThread "GC Thread#0" [stack: 0x00007fd8ad3e9000,0x00007fd8ad4e9000] [id=6677]
  0x00007fd878001000 GCTaskThread "GC Thread#1" [stack: 0x00007fd873511000,0x00007fd873611000] [id=6797]
  0x00007fd878004800 GCTaskThread "GC Thread#2" [stack: 0x00007fd872c0d000,0x00007fd872d0d000] [id=6846]
  0x00007fd878005800 GCTaskThread "GC Thread#3" [stack: 0x00007fd872b0b000,0x00007fd872c0b000] [id=6847]
  0x00007fd8a8049800 ConcurrentGCThread "G1 Main Marker" [stack: 0x00007fd8ac92c000,0x00007fd8aca2c000] [id=6678]
  0x00007fd8a804b800 ConcurrentGCThread "G1 Conc#0" [stack: 0x00007fd8ac82a000,0x00007fd8ac92a000] [id=6688]
  0x00007fd8a808d000 ConcurrentGCThread "G1 Refine#0" [stack: 0x00007fd8ac324000,0x00007fd8ac424000] [id=6689]
  0x00007fd880001800 ConcurrentGCThread "G1 Refine#1" [stack: 0x00007fd817afc000,0x00007fd817bfc000] [id=7567]
  0x00007fd8a808f000 ConcurrentGCThread "G1 Young RemSet Sampling" [stack: 0x00007fd8ac222000,0x00007fd8ac322000] [id=6690]

Threads with active compile tasks:

VM state:at safepoint (normal execution)

VM Mutex/Monitor currently owned by a thread:  ([mutex/lock_event])
[0x00007fd8a80141e0] Threads_lock - owner thread: 0x00007fd8a80ee800
[0x00007fd8a80149c0] Heap_lock - owner thread: 0x00007fd82002d800

Heap address: 0x00000000c4600000, size: 954 MB, Compressed Oops mode: 32-bit
Narrow klass base: 0x0000000000000000, Narrow klass shift: 3
Compressed class space size: 1073741824 Address: 0x0000000100000000

Heap:
 garbage-first heap   total 112640K, used 52382K [0x00000000c4600000, 0x0000000100000000)
  region size 1024K, 8 young (8192K), 1 survivors (1024K)
 Metaspace       used 76249K, capacity 80154K, committed 80464K, reserved 1118208K
  class space    used 9416K, capacity 10781K, committed 10912K, reserved 1048576K
Heap Regions: E=young(eden), S=young(survivor), O=old, HS=humongous(starts), HC=humongous(continues), CS=collection set, F=free, A=archive, TAMS=top-at-mark-start (previous, next)
|   0|0x00000000c4600000, 0x00000000c4700000, 0x00000000c4700000|100%|HS|  |TAMS 0x00000000c4600000, 0x00000000c4600000| Untracked 
|   1|0x00000000c4700000, 0x00000000c47ffff8, 0x00000000c4800000| 99%| O|  |TAMS 0x00000000c4700000, 0x00000000c4700000| Untracked 
|   2|0x00000000c4800000, 0x00000000c4900000, 0x00000000c4900000|100%| O|  |TAMS 0x00000000c4800000, 0x00000000c4800000| Untracked 
|   3|0x00000000c4900000, 0x00000000c49fffe8, 0x00000000c4a00000| 99%| O|  |TAMS 0x00000000c4900000, 0x00000000c4900000| Untracked 
|   4|0x00000000c4a00000, 0x00000000c4afffb8, 0x00000000c4b00000| 99%| O|  |TAMS 0x00000000c4a00000, 0x00000000c4a00000| Untracked 
|   5|0x00000000c4b00000, 0x00000000c4c00000, 0x00000000c4c00000|100%| O|  |TAMS 0x00000000c4b00000, 0x00000000c4b00000| Untracked 
|   6|0x00000000c4c00000, 0x00000000c4cfffe0, 0x00000000c4d00000| 99%| O|  |TAMS 0x00000000c4c00000, 0x00000000c4c00000| Untracked 
|   7|0x00000000c4d00000, 0x00000000c4e00000, 0x00000000c4e00000|100%| O|  |TAMS 0x00000000c4d00000, 0x00000000c4d00000| Untracked 
|   8|0x00000000c4e00000, 0x00000000c4efffb8, 0x00000000c4f00000| 99%| O|  |TAMS 0x00000000c4e00000, 0x00000000c4e00000| Untracked 
|   9|0x00000000c4f00000, 0x00000000c4ffffe0, 0x00000000c5000000| 99%| O|  |TAMS 0x00000000c4f00000, 0x00000000c4f00000| Untracked 
|  10|0x00000000c5000000, 0x00000000c50ffff0, 0x00000000c5100000| 99%| O|  |TAMS 0x00000000c5000000, 0x00000000c5000000| Untracked 
|  11|0x00000000c5100000, 0x00000000c51fffb8, 0x00000000c5200000| 99%| O|  |TAMS 0x00000000c5100000, 0x00000000c5100000| Untracked 
|  12|0x00000000c5200000, 0x00000000c5300000, 0x00000000c5300000|100%| O|  |TAMS 0x00000000c5200000, 0x00000000c5200000| Untracked 
|  13|0x00000000c5300000, 0x00000000c53ff590, 0x00000000c5400000| 99%| O|  |TAMS 0x00000000c5300000, 0x00000000c5300000| Untracked 
|  14|0x00000000c5400000, 0x00000000c54ffff0, 0x00000000c5500000| 99%| O|  |TAMS 0x00000000c5400000, 0x00000000c5400000| Untracked 
|  15|0x00000000c5500000, 0x00000000c5600000, 0x00000000c5600000|100%| O|  |TAMS 0x00000000c5500000, 0x00000000c5500000| Untracked 
|  16|0x00000000c5600000, 0x00000000c5700000, 0x00000000c5700000|100%| O|  |TAMS 0x00000000c5600000, 0x00000000c5600000| Untracked 
|  17|0x00000000c5700000, 0x00000000c57fffe0, 0x00000000c5800000| 99%| O|  |TAMS 0x00000000c5700000, 0x00000000c5700000| Untracked 
|  18|0x00000000c5800000, 0x00000000c58fffc8, 0x00000000c5900000| 99%| O|  |TAMS 0x00000000c5800000, 0x00000000c5800000| Untracked 
|  19|0x00000000c5900000, 0x00000000c59ffff0, 0x00000000c5a00000| 99%| O|  |TAMS 0x00000000c5900000, 0x00000000c5900000| Untracked 
|  20|0x00000000c5a00000, 0x00000000c5afffc0, 0x00000000c5b00000| 99%| O|  |TAMS 0x00000000c5a00000, 0x00000000c5a00000| Untracked 
|  21|0x00000000c5b00000, 0x00000000c5bfffe8, 0x00000000c5c00000| 99%| O|  |TAMS 0x00000000c5b00000, 0x00000000c5b00000| Untracked 
|  22|0x00000000c5c00000, 0x00000000c5ccf968, 0x00000000c5d00000| 81%| O|  |TAMS 0x00000000c5c00000, 0x00000000c5c00000| Untracked 
|  23|0x00000000c5d00000, 0x00000000c5dfffe0, 0x00000000c5e00000| 99%| O|  |TAMS 0x00000000c5d00000, 0x00000000c5d00000| Untracked 
|  24|0x00000000c5e00000, 0x00000000c5efff68, 0x00000000c5f00000| 99%| O|  |TAMS 0x00000000c5e00000, 0x00000000c5e00000| Untracked 
|  25|0x00000000c5f00000, 0x00000000c5fffff8, 0x00000000c6000000| 99%| O|  |TAMS 0x00000000c5f00000, 0x00000000c5f00000| Untracked 
|  26|0x00000000c6000000, 0x00000000c60fffb8, 0x00000000c6100000| 99%| O|  |TAMS 0x00000000c6000000, 0x00000000c6000000| Untracked 
|  27|0x00000000c6100000, 0x00000000c61fffe8, 0x00000000c6200000| 99%| O|  |TAMS 0x00000000c6100000, 0x00000000c6100000| Untracked 
|  28|0x00000000c6200000, 0x00000000c6300000, 0x00000000c6300000|100%| O|  |TAMS 0x00000000c6200000, 0x00000000c6200000| Untracked 
|  29|0x00000000c6300000, 0x00000000c6400000, 0x00000000c6400000|100%| O|  |TAMS 0x00000000c6300000, 0x00000000c6300000| Untracked 
|  30|0x00000000c6400000, 0x00000000c64ffff0, 0x00000000c6500000| 99%| O|  |TAMS 0x00000000c6400000, 0x00000000c6400000| Untracked 
|  31|0x00000000c6500000, 0x00000000c652a5f0, 0x00000000c6600000| 16%| O|  |TAMS 0x00000000c6500000, 0x00000000c6500000| Untracked 
|  32|0x00000000c6600000, 0x00000000c6600000, 0x00000000c6700000|  0%| F|  |TAMS 0x00000000c6600000, 0x00000000c6600000| Untracked 
|  33|0x00000000c6700000, 0x00000000c6767fc8, 0x00000000c6800000| 40%| O|  |TAMS 0x00000000c6700000, 0x00000000c6700000| Untracked 
|  34|0x00000000c6800000, 0x00000000c6900000, 0x00000000c6900000|100%| O|  |TAMS 0x00000000c6800000, 0x00000000c6800000| Untracked 
|  35|0x00000000c6900000, 0x00000000c6a00000, 0x00000000c6a00000|100%| O|  |TAMS 0x00000000c6900000, 0x00000000c6900000| Untracked 
|  36|0x00000000c6a00000, 0x00000000c6b00000, 0x00000000c6b00000|100%| O|  |TAMS 0x00000000c6a00000, 0x00000000c6a00000| Untracked 
|  37|0x00000000c6b00000, 0x00000000c6c00000, 0x00000000c6c00000|100%| O|  |TAMS 0x00000000c6b00000, 0x00000000c6b00000| Untracked 
|  38|0x00000000c6c00000, 0x00000000c6d00000, 0x00000000c6d00000|100%| O|  |TAMS 0x00000000c6c00000, 0x00000000c6c00000| Untracked 
|  39|0x00000000c6d00000, 0x00000000c6e00000, 0x00000000c6e00000|100%| O|  |TAMS 0x00000000c6d00000, 0x00000000c6d00000| Untracked 
|  40|0x00000000c6e00000, 0x00000000c6f00000, 0x00000000c6f00000|100%| O|  |TAMS 0x00000000c6e00000, 0x00000000c6e00000| Untracked 
|  41|0x00000000c6f00000, 0x00000000c7000000, 0x00000000c7000000|100%| O|  |TAMS 0x00000000c6f00000, 0x00000000c6f00000| Untracked 
|  42|0x00000000c7000000, 0x00000000c7100000, 0x00000000c7100000|100%| O|  |TAMS 0x00000000c7000000, 0x00000000c7000000| Untracked 
|  43|0x00000000c7100000, 0x00000000c7200000, 0x00000000c7200000|100%| O|  |TAMS 0x00000000c7100000, 0x00000000c7100000| Untracked 
|  44|0x00000000c7200000, 0x00000000c7300000, 0x00000000c7300000|100%| O|  |TAMS 0x00000000c7200000, 0x00000000c7200000| Untracked 
|  45|0x00000000c7300000, 0x00000000c7400000, 0x00000000c7400000|100%| O|  |TAMS 0x00000000c7300000, 0x00000000c7300000| Untracked 
|  46|0x00000000c7400000, 0x00000000c746be00, 0x00000000c7500000| 42%| O|  |TAMS 0x00000000c7400000, 0x00000000c7400000| Untracked 
|  47|0x00000000c7500000, 0x00000000c7500000, 0x00000000c7600000|  0%| F|  |TAMS 0x00000000c7500000, 0x00000000c7500000| Untracked 
|  48|0x00000000c7600000, 0x00000000c7600000, 0x00000000c7700000|  0%| F|  |TAMS 0x00000000c7600000, 0x00000000c7600000| Untracked 
|  49|0x00000000c7700000, 0x00000000c7700000, 0x00000000c7800000|  0%| F|  |TAMS 0x00000000c7700000, 0x00000000c7700000| Untracked 
|  50|0x00000000c7800000, 0x00000000c7800000, 0x00000000c7900000|  0%| F|  |TAMS 0x00000000c7800000, 0x00000000c7800000| Untracked 
|  51|0x00000000c7900000, 0x00000000c7900000, 0x00000000c7a00000|  0%| F|  |TAMS 0x00000000c7900000, 0x00000000c7900000| Untracked 
|  52|0x00000000c7a00000, 0x00000000c7a00000, 0x00000000c7b00000|  0%| F|  |TAMS 0x00000000c7a00000, 0x00000000c7a00000| Untracked 
|  53|0x00000000c7b00000, 0x00000000c7b00000, 0x00000000c7c00000|  0%| F|  |TAMS 0x00000000c7b00000, 0x00000000c7b00000| Untracked 
|  54|0x00000000c7c00000, 0x00000000c7c00000, 0x00000000c7d00000|  0%| F|  |TAMS 0x00000000c7c00000, 0x00000000c7c00000| Untracked 
|  55|0x00000000c7d00000, 0x00000000c7d00000, 0x00000000c7e00000|  0%| F|  |TAMS 0x00000000c7d00000, 0x00000000c7d00000| Untracked 
|  56|0x00000000c7e00000, 0x00000000c7e00000, 0x00000000c7f00000|  0%| F|  |TAMS 0x00000000c7e00000, 0x00000000c7e00000| Untracked 
|  57|0x00000000c7f00000, 0x00000000c7f00000, 0x00000000c8000000|  0%| F|  |TAMS 0x00000000c7f00000, 0x00000000c7f00000| Untracked 
|  58|0x00000000c8000000, 0x00000000c8000000, 0x00000000c8100000|  0%| F|  |TAMS 0x00000000c8000000, 0x00000000c8000000| Untracked 
|  59|0x00000000c8100000, 0x00000000c8100000, 0x00000000c8200000|  0%| F|  |TAMS 0x00000000c8100000, 0x00000000c8100000| Untracked 
|  60|0x00000000c8200000, 0x00000000c8200000, 0x00000000c8300000|  0%| F|  |TAMS 0x00000000c8200000, 0x00000000c8200000| Untracked 
|  61|0x00000000c8300000, 0x00000000c8300000, 0x00000000c8400000|  0%| F|  |TAMS 0x00000000c8300000, 0x00000000c8300000| Untracked 
|  62|0x00000000c8400000, 0x00000000c8400000, 0x00000000c8500000|  0%| F|  |TAMS 0x00000000c8400000, 0x00000000c8400000| Untracked 
|  63|0x00000000c8500000, 0x00000000c8500000, 0x00000000c8600000|  0%| F|  |TAMS 0x00000000c8500000, 0x00000000c8500000| Untracked 
|  64|0x00000000c8600000, 0x00000000c8600000, 0x00000000c8700000|  0%| F|  |TAMS 0x00000000c8600000, 0x00000000c8600000| Untracked 
|  65|0x00000000c8700000, 0x00000000c8700000, 0x00000000c8800000|  0%| F|  |TAMS 0x00000000c8700000, 0x00000000c8700000| Untracked 
|  66|0x00000000c8800000, 0x00000000c8800000, 0x00000000c8900000|  0%| F|  |TAMS 0x00000000c8800000, 0x00000000c8800000| Untracked 
|  67|0x00000000c8900000, 0x00000000c8900000, 0x00000000c8a00000|  0%| F|  |TAMS 0x00000000c8900000, 0x00000000c8900000| Untracked 
|  68|0x00000000c8a00000, 0x00000000c8ae38f0, 0x00000000c8b00000| 88%| S|  |TAMS 0x00000000c8a00000, 0x00000000c8a00000| Complete 
|  69|0x00000000c8b00000, 0x00000000c8b00000, 0x00000000c8c00000|  0%| F|  |TAMS 0x00000000c8b00000, 0x00000000c8b00000| Untracked 
|  70|0x00000000c8c00000, 0x00000000c8c00000, 0x00000000c8d00000|  0%| F|  |TAMS 0x00000000c8c00000, 0x00000000c8c00000| Untracked 
|  71|0x00000000c8d00000, 0x00000000c8d00000, 0x00000000c8e00000|  0%| F|  |TAMS 0x00000000c8d00000, 0x00000000c8d00000| Untracked 
|  72|0x00000000c8e00000, 0x00000000c8e00000, 0x00000000c8f00000|  0%| F|  |TAMS 0x00000000c8e00000, 0x00000000c8e00000| Untracked 
|  73|0x00000000c8f00000, 0x00000000c8f00000, 0x00000000c9000000|  0%| F|  |TAMS 0x00000000c8f00000, 0x00000000c8f00000| Untracked 
|  74|0x00000000c9000000, 0x00000000c9000000, 0x00000000c9100000|  0%| F|  |TAMS 0x00000000c9000000, 0x00000000c9000000| Untracked 
|  75|0x00000000c9100000, 0x00000000c9100000, 0x00000000c9200000|  0%| F|  |TAMS 0x00000000c9100000, 0x00000000c9100000| Untracked 
|  76|0x00000000c9200000, 0x00000000c9200000, 0x00000000c9300000|  0%| F|  |TAMS 0x00000000c9200000, 0x00000000c9200000| Untracked 
|  77|0x00000000c9300000, 0x00000000c9300000, 0x00000000c9400000|  0%| F|  |TAMS 0x00000000c9300000, 0x00000000c9300000| Untracked 
|  78|0x00000000c9400000, 0x00000000c9400000, 0x00000000c9500000|  0%| F|  |TAMS 0x00000000c9400000, 0x00000000c9400000| Untracked 
|  79|0x00000000c9500000, 0x00000000c9500000, 0x00000000c9600000|  0%| F|  |TAMS 0x00000000c9500000, 0x00000000c9500000| Untracked 
|  80|0x00000000c9600000, 0x00000000c9600000, 0x00000000c9700000|  0%| F|  |TAMS 0x00000000c9600000, 0x00000000c9600000| Untracked 
|  81|0x00000000c9700000, 0x00000000c9700000, 0x00000000c9800000|  0%| F|  |TAMS 0x00000000c9700000, 0x00000000c9700000| Untracked 
|  82|0x00000000c9800000, 0x00000000c9800000, 0x00000000c9900000|  0%| F|  |TAMS 0x00000000c9800000, 0x00000000c9800000| Untracked 
|  83|0x00000000c9900000, 0x00000000c9900000, 0x00000000c9a00000|  0%| F|  |TAMS 0x00000000c9900000, 0x00000000c9900000| Untracked 
|  84|0x00000000c9a00000, 0x00000000c9a00000, 0x00000000c9b00000|  0%| F|  |TAMS 0x00000000c9a00000, 0x00000000c9a00000| Untracked 
|  85|0x00000000c9b00000, 0x00000000c9b00000, 0x00000000c9c00000|  0%| F|  |TAMS 0x00000000c9b00000, 0x00000000c9b00000| Untracked 
|  86|0x00000000c9c00000, 0x00000000c9c00000, 0x00000000c9d00000|  0%| F|  |TAMS 0x00000000c9c00000, 0x00000000c9c00000| Untracked 
|  87|0x00000000c9d00000, 0x00000000c9d00000, 0x00000000c9e00000|  0%| F|  |TAMS 0x00000000c9d00000, 0x00000000c9d00000| Untracked 
|  88|0x00000000c9e00000, 0x00000000c9e00000, 0x00000000c9f00000|  0%| F|  |TAMS 0x00000000c9e00000, 0x00000000c9e00000| Untracked 
|  89|0x00000000c9f00000, 0x00000000c9f00000, 0x00000000ca000000|  0%| F|  |TAMS 0x00000000c9f00000, 0x00000000c9f00000| Untracked 
|  90|0x00000000ca000000, 0x00000000ca000000, 0x00000000ca100000|  0%| F|  |TAMS 0x00000000ca000000, 0x00000000ca000000| Untracked 
|  91|0x00000000ca100000, 0x00000000ca100000, 0x00000000ca200000|  0%| F|  |TAMS 0x00000000ca100000, 0x00000000ca100000| Untracked 
|  92|0x00000000ca200000, 0x00000000ca200000, 0x00000000ca300000|  0%| F|  |TAMS 0x00000000ca200000, 0x00000000ca200000| Untracked 
|  93|0x00000000ca300000, 0x00000000ca300000, 0x00000000ca400000|  0%| F|  |TAMS 0x00000000ca300000, 0x00000000ca300000| Untracked 
|  94|0x00000000ca400000, 0x00000000ca400000, 0x00000000ca500000|  0%| F|  |TAMS 0x00000000ca400000, 0x00000000ca400000| Untracked 
|  95|0x00000000ca500000, 0x00000000ca500000, 0x00000000ca600000|  0%| F|  |TAMS 0x00000000ca500000, 0x00000000ca500000| Untracked 
|  96|0x00000000ca600000, 0x00000000ca600000, 0x00000000ca700000|  0%| F|  |TAMS 0x00000000ca600000, 0x00000000ca600000| Untracked 
|  97|0x00000000ca700000, 0x00000000ca700000, 0x00000000ca800000|  0%| F|  |TAMS 0x00000000ca700000, 0x00000000ca700000| Untracked 
|  98|0x00000000ca800000, 0x00000000ca800000, 0x00000000ca900000|  0%| F|  |TAMS 0x00000000ca800000, 0x00000000ca800000| Untracked 
|  99|0x00000000ca900000, 0x00000000ca900000, 0x00000000caa00000|  0%| F|  |TAMS 0x00000000ca900000, 0x00000000ca900000| Untracked 
| 100|0x00000000caa00000, 0x00000000caa00000, 0x00000000cab00000|  0%| F|  |TAMS 0x00000000caa00000, 0x00000000caa00000| Untracked 
| 101|0x00000000cab00000, 0x00000000cab00000, 0x00000000cac00000|  0%| F|  |TAMS 0x00000000cab00000, 0x00000000cab00000| Untracked 
| 102|0x00000000cac00000, 0x00000000cac00000, 0x00000000cad00000|  0%| F|  |TAMS 0x00000000cac00000, 0x00000000cac00000| Untracked 
| 103|0x00000000cad00000, 0x00000000cad77218, 0x00000000cae00000| 46%| E|  |TAMS 0x00000000cad00000, 0x00000000cad00000| Complete 
| 104|0x00000000cae00000, 0x00000000caf00000, 0x00000000caf00000|100%| E|  |TAMS 0x00000000cae00000, 0x00000000cae00000| Complete 
| 105|0x00000000caf00000, 0x00000000cb000000, 0x00000000cb000000|100%| E|  |TAMS 0x00000000caf00000, 0x00000000caf00000| Complete 
| 106|0x00000000cb000000, 0x00000000cb100000, 0x00000000cb100000|100%| E|  |TAMS 0x00000000cb000000, 0x00000000cb000000| Complete 
| 107|0x00000000cb100000, 0x00000000cb200000, 0x00000000cb200000|100%| E|  |TAMS 0x00000000cb100000, 0x00000000cb100000| Complete 
| 108|0x00000000cb200000, 0x00000000cb300000, 0x00000000cb300000|100%| E|  |TAMS 0x00000000cb200000, 0x00000000cb200000| Complete 
| 109|0x00000000cb300000, 0x00000000cb400000, 0x00000000cb400000|100%| E|  |TAMS 0x00000000cb300000, 0x00000000cb300000| Complete 

Card table byte_map: [0x00007fd8acc29000,0x00007fd8ace06000] _byte_map_base: 0x00007fd8ac606000

Marking Bits (Prev, Next): (CMBitMap*) 0x00007fd8a8044c78, (CMBitMap*) 0x00007fd8a8044cb0
 Prev Bits: [0x00007fd88b118000, 0x00007fd88c000000)
 Next Bits: [0x00007fd88a230000, 0x00007fd88b118000)

Polling page: 0x00007fd8ad6f8000

Metaspace:

Usage:
  Non-class:     67.75 MB capacity,    65.27 MB ( 96%) used,     2.19 MB (  3%) free+waste,   295.56 KB ( <1%) overhead. 
      Class:     10.53 MB capacity,     9.20 MB ( 87%) used,     1.19 MB ( 11%) free+waste,   144.38 KB (  1%) overhead. 
       Both:     78.28 MB capacity,    74.46 MB ( 95%) used,     3.38 MB (  4%) free+waste,   439.94 KB ( <1%) overhead. 

Virtual space:
  Non-class space:       68.00 MB reserved,      67.92 MB (>99%) committed 
      Class space:        1.00 GB reserved,      10.66 MB (  1%) committed 
             Both:        1.07 GB reserved,      78.58 MB (  7%) committed 

Chunk freelists:
   Non-Class:  99.00 KB
       Class:  35.00 KB
        Both:  134.00 KB

MaxMetaspaceSize: unlimited
CompressedClassSpaceSize: 1.00 GB
Initial GC threshold: 20.80 MB
Current GC threshold: 130.34 MB
CDS: off

CodeHeap 'non-profiled nmethods': size=238948Kb used=22370Kb max_used=22370Kb free=216578Kb
 bounds [0x00007fd890efa000, 0x00007fd8924da000, 0x00007fd89f853000]
CodeHeap 'non-nmethods': size=6812Kb used=1287Kb max_used=1287Kb free=5524Kb
 bounds [0x00007fd890853000, 0x00007fd890ac3000, 0x00007fd890efa000]
 total_blobs=14065 nmethods=13480 adapters=512
 compilation: enabled
              stopped_count=0, restarted_count=0
 full_count=0

Compilation events (20 events):
Event: 1334.177 Thread 0x00007fd8a8113800 13479       1       org.springframework.context.SmartLifecycle::isAutoStartup (2 bytes)
Event: 1334.177 Thread 0x00007fd8a8113800 nmethod 13479 0x00007fd8924cff10 code [0x00007fd8924d00c0, 0x00007fd8924d0170]
Event: 1334.182 Thread 0x00007fd8a8113800 13481       1       java.util.AbstractMap$1$1::hasNext (10 bytes)
Event: 1334.182 Thread 0x00007fd8a8113800 nmethod 13481 0x00007fd8924d0210 code [0x00007fd8924d03c0, 0x00007fd8924d04a0]
Event: 1334.182 Thread 0x00007fd8a8113800 13480       1       org.springframework.util.ConcurrentReferenceHashMap$Entry::access$000 (5 bytes)
Event: 1334.183 Thread 0x00007fd8a8113800 nmethod 13480 0x00007fd8924d0510 code [0x00007fd8924d06c0, 0x00007fd8924d0750]
Event: 1334.184 Thread 0x00007fd8a8113800 13482       1       org.springframework.boot.context.event.ApplicationReadyEvent::getApplicationContext (5 bytes)
Event: 1334.184 Thread 0x00007fd8a8113800 nmethod 13482 0x00007fd8924d0810 code [0x00007fd8924d09c0, 0x00007fd8924d0a70]
Event: 1334.185 Thread 0x00007fd8a8113800 13483       1       org.springframework.boot.autoconfigure.logging.ConditionEvaluationReportLoggingListener$ConditionEvaluationReportListener::supportsEventType (35 bytes)
Event: 1334.185 Thread 0x00007fd8a8113800 nmethod 13483 0x00007fd8924d0b10 code [0x00007fd8924d0ce0, 0x00007fd8924d0e60]
Event: 1363.551 Thread 0x00007fd8a8113800 13484       1       ch.qos.logback.classic.Logger::filterAndLog_1 (68 bytes)
Event: 1363.556 Thread 0x00007fd8a8113800 nmethod 13484 0x00007fd8924d0f90 code [0x00007fd8924d11a0, 0x00007fd8924d16d0]
Event: 1363.556 Thread 0x00007fd8a8113800 13485       1       ch.qos.logback.classic.LoggerContext::getTurboFilterChainDecision_1 (38 bytes)
Event: 1363.558 Thread 0x00007fd8a8113800 nmethod 13485 0x00007fd8924d1910 code [0x00007fd8924d1ae0, 0x00007fd8924d1d60]
Event: 1381.221 Thread 0x00007fd8a8113800 13486       1       org.springframework.context.support.DefaultLifecycleProcessor::access$000 (5 bytes)
Event: 1381.230 Thread 0x00007fd8a8113800 nmethod 13486 0x00007fd8924d1f10 code [0x00007fd8924d20c0, 0x00007fd8924d2150]
Event: 1381.257 Thread 0x00007fd8a8113800 13487       1       java.util.concurrent.CountDownLatch$Sync::tryAcquireShared (13 bytes)
Event: 1381.257 Thread 0x00007fd8a8113800 nmethod 13487 0x00007fd8924d2210 code [0x00007fd8924d23c0, 0x00007fd8924d2490]
Event: 1381.264 Thread 0x00007fd8a8113800 13488       1       java.util.Collections$SetFromMap::clear (10 bytes)
Event: 1381.264 Thread 0x00007fd8a8113800 nmethod 13488 0x00007fd8924d2510 code [0x00007fd8924d26c0, 0x00007fd8924d27a0]

GC Heap History (20 events):
Event: 1252.686 GC heap after
{Heap after GC invocations=236 (full 30):
 garbage-first heap   total 112640K, used 41470K [0x00000000c4600000, 0x0000000100000000)
  region size 1024K, 6 young (6144K), 6 survivors (6144K)
 Metaspace       used 75851K, capacity 79696K, committed 80080K, reserved 1118208K
  class space    used 9384K, capacity 10737K, committed 10784K, reserved 1048576K
}
Event: 1252.743 GC heap before
{Heap before GC invocations=236 (full 30):
 garbage-first heap   total 112640K, used 82430K [0x00000000c4600000, 0x0000000100000000)
  region size 1024K, 46 young (47104K), 6 survivors (6144K)
 Metaspace       used 75851K, capacity 79696K, committed 80080K, reserved 1118208K
  class space    used 9384K, capacity 10737K, committed 10784K, reserved 1048576K
}
Event: 1252.765 GC heap after
{Heap after GC invocations=237 (full 30):
 garbage-first heap   total 112640K, used 44372K [0x00000000c4600000, 0x0000000100000000)
  region size 1024K, 6 young (6144K), 6 survivors (6144K)
 Metaspace       used 75851K, capacity 79696K, committed 80080K, reserved 1118208K
  class space    used 9384K, capacity 10737K, committed 10784K, reserved 1048576K
}
Event: 1270.170 GC heap before
{Heap before GC invocations=237 (full 30):
 garbage-first heap   total 112640K, used 82260K [0x00000000c4600000, 0x0000000100000000)
  region size 1024K, 44 young (45056K), 6 survivors (6144K)
 Metaspace       used 75905K, capacity 79766K, committed 80080K, reserved 1118208K
  class space    used 9387K, capacity 10738K, committed 10784K, reserved 1048576K
}
Event: 1270.187 GC heap after
{Heap after GC invocations=238 (full 30):
 garbage-first heap   total 112640K, used 39603K [0x00000000c4600000, 0x0000000100000000)
  region size 1024K, 2 young (2048K), 2 survivors (2048K)
 Metaspace       used 75905K, capacity 79766K, committed 80080K, reserved 1118208K
  class space    used 9387K, capacity 10738K, committed 10784K, reserved 1048576K
}
Event: 1324.838 GC heap before
{Heap before GC invocations=238 (full 30):
 garbage-first heap   total 112640K, used 82611K [0x00000000c4600000, 0x0000000100000000)
  region size 1024K, 44 young (45056K), 2 survivors (2048K)
 Metaspace       used 75905K, capacity 79766K, committed 80080K, reserved 1118208K
  class space    used 9387K, capacity 10738K, committed 10784K, reserved 1048576K
}
Event: 1324.865 GC heap after
{Heap after GC invocations=239 (full 30):
 garbage-first heap   total 112640K, used 39109K [0x00000000c4600000, 0x0000000100000000)
  region size 1024K, 1 young (1024K), 1 survivors (1024K)
 Metaspace       used 75905K, capacity 79766K, committed 80080K, reserved 1118208K
  class space    used 9387K, capacity 10738K, committed 10784K, reserved 1048576K
}
Event: 1332.367 GC heap before
{Heap before GC invocations=239 (full 30):
 garbage-first heap   total 112640K, used 46277K [0x00000000c4600000, 0x0000000100000000)
  region size 1024K, 9 young (9216K), 1 survivors (1024K)
 Metaspace       used 75907K, capacity 79772K, committed 80080K, reserved 1118208K
  class space    used 9388K, capacity 10740K, committed 10784K, reserved 1048576K
}
Event: 1332.748 GC heap after
{Heap after GC invocations=240 (full 31):
 garbage-first heap   total 112640K, used 32132K [0x00000000c4600000, 0x0000000100000000)
  region size 1024K, 0 young (0K), 0 survivors (0K)
 Metaspace       used 75905K, capacity 79766K, committed 80080K, reserved 1118208K
  class space    used 9387K, capacity 10738K, committed 10784K, reserved 1048576K
}
Event: 1333.272 GC heap before
{Heap before GC invocations=240 (full 31):
 garbage-first heap   total 112640K, used 81284K [0x00000000c4600000, 0x0000000100000000)
  region size 1024K, 49 young (50176K), 0 survivors (0K)
 Metaspace       used 76006K, capacity 79950K, committed 80208K, reserved 1118208K
  class space    used 9400K, capacity 10778K, committed 10912K, reserved 1048576K
}
Event: 1333.311 GC heap after
{Heap after GC invocations=241 (full 31):
 garbage-first heap   total 112640K, used 34673K [0x00000000c4600000, 0x0000000100000000)
  region size 1024K, 3 young (3072K), 3 survivors (3072K)
 Metaspace       used 76006K, capacity 79950K, committed 80208K, reserved 1118208K
  class space    used 9400K, capacity 10778K, committed 10912K, reserved 1048576K
}
Event: 1333.762 GC heap before
{Heap before GC invocations=241 (full 31):
 garbage-first heap   total 112640K, used 82801K [0x00000000c4600000, 0x0000000100000000)
  region size 1024K, 51 young (52224K), 3 survivors (3072K)
 Metaspace       used 76140K, capacity 80078K, committed 80464K, reserved 1118208K
  class space    used 9409K, capacity 10778K, committed 10912K, reserved 1048576K
}
Event: 1333.769 GC heap after
{Heap after GC invocations=242 (full 31):
 garbage-first heap   total 112640K, used 36331K [0x00000000c4600000, 0x0000000100000000)
  region size 1024K, 5 young (5120K), 5 survivors (5120K)
 Metaspace       used 76140K, capacity 80078K, committed 80464K, reserved 1118208K
  class space    used 9409K, capacity 10778K, committed 10912K, reserved 1048576K
}
Event: 1333.959 GC heap before
{Heap before GC invocations=242 (full 31):
 garbage-first heap   total 112640K, used 85483K [0x00000000c4600000, 0x0000000100000000)
  region size 1024K, 53 young (54272K), 5 survivors (5120K)
 Metaspace       used 76193K, capacity 80078K, committed 80464K, reserved 1118208K
  class space    used 9412K, capacity 10778K, committed 10912K, reserved 1048576K
}
Event: 1333.994 GC heap after
{Heap after GC invocations=243 (full 31):
 garbage-first heap   total 112640K, used 45359K [0x00000000c4600000, 0x0000000100000000)
  region size 1024K, 7 young (7168K), 7 survivors (7168K)
 Metaspace       used 76193K, capacity 80078K, committed 80464K, reserved 1118208K
  class space    used 9412K, capacity 10778K, committed 10912K, reserved 1048576K
}
Event: 1334.101 GC heap before
{Heap before GC invocations=243 (full 31):
 garbage-first heap   total 112640K, used 85295K [0x00000000c4600000, 0x0000000100000000)
  region size 1024K, 46 young (47104K), 7 survivors (7168K)
 Metaspace       used 76193K, capacity 80078K, committed 80464K, reserved 1118208K
  class space    used 9412K, capacity 10778K, committed 10912K, reserved 1048576K
}
Event: 1334.114 GC heap after
{Heap after GC invocations=244 (full 31):
 garbage-first heap   total 112640K, used 45875K [0x00000000c4600000, 0x0000000100000000)
  region size 1024K, 1 young (1024K), 1 survivors (1024K)
 Metaspace       used 76193K, capacity 80078K, committed 80464K, reserved 1118208K
  class space    used 9412K, capacity 10778K, committed 10912K, reserved 1048576K
}
Event: 1375.339 GC heap before
{Heap before GC invocations=244 (full 31):
 garbage-first heap   total 112640K, used 86835K [0x00000000c4600000, 0x0000000100000000)
  region size 1024K, 41 young (41984K), 1 survivors (1024K)
 Metaspace       used 76247K, capacity 80148K, committed 80464K, reserved 1118208K
  class space    used 9415K, capacity 10779K, committed 10912K, reserved 1048576K
}
Event: 1375.365 GC heap after
{Heap after GC invocations=245 (full 31):
 garbage-first heap   total 112640K, used 45762K [0x00000000c4600000, 0x0000000100000000)
  region size 1024K, 1 young (1024K), 1 survivors (1024K)
 Metaspace       used 76247K, capacity 80148K, committed 80464K, reserved 1118208K
  class space    used 9415K, capacity 10779K, committed 10912K, reserved 1048576K
}
Event: 1381.281 GC heap before
{Heap before GC invocations=245 (full 31):
 garbage-first heap   total 112640K, used 51906K [0x00000000c4600000, 0x0000000100000000)
  region size 1024K, 8 young (8192K), 1 survivors (1024K)
 Metaspace       used 76249K, capacity 80154K, committed 80464K, reserved 1118208K
  class space    used 9416K, capacity 10781K, committed 10912K, reserved 1048576K
}

Deoptimization events (6 events):
Event: 2.817 Thread 0x00007fd84c002000 DEOPT PACKING pc=0x00007fd8911c41cc sp=0x00007fd87320a9b0
Event: 2.817 Thread 0x00007fd84c002000 DEOPT UNPACKING pc=0x00007fd89089d64a sp=0x00007fd873209f38 mode 0
Event: 5.972 Thread 0x00007fd84c002000 DEOPT PACKING pc=0x00007fd891198a55 sp=0x00007fd87320aca0
Event: 5.972 Thread 0x00007fd84c002000 DEOPT UNPACKING pc=0x00007fd89089d64a sp=0x00007fd87320a1c8 mode 3
Event: 49.573 Thread 0x00007fd80800e800 DEOPT PACKING pc=0x00007fd890fa323c sp=0x00007fd873209550
Event: 49.573 Thread 0x00007fd80800e800 DEOPT UNPACKING pc=0x00007fd89089d64a sp=0x00007fd873208a88 mode 0

Classes redefined (0 events):
No events

Internal exceptions (20 events):
Event: 1332.343 Thread 0x00007fd81802c800 Exception <a 'java/lang/InterruptedException'{0x00000000cac00840}: sleep interrupted> (0x00000000cac00840) thrown at [src/hotspot/share/prims/jvm.cpp, line 3125]
Event: 1332.780 Thread 0x00007fd83c165000 Exception <a 'java/io/FileNotFoundException'{0x00000000cb2b5300}> (0x00000000cb2b5300) thrown at [src/hotspot/share/prims/jni.cpp, line 616]
Event: 1333.204 Thread 0x00007fd83c165000 Exception <a 'java/lang/NoClassDefFoundError'{0x00000000c9332798}: org/flywaydb/core/Flyway> (0x00000000c9332798) thrown at [src/hotspot/share/oops/constantPool.cpp, line 775]
Event: 1333.204 Thread 0x00007fd83c165000 Exception <a 'java/lang/NoClassDefFoundError'{0x00000000c9332ac0}: liquibase/integration/spring/SpringLiquibase> (0x00000000c9332ac0) thrown at [src/hotspot/share/oops/constantPool.cpp, line 775]
Event: 1333.210 Thread 0x00007fd83c165000 Exception <a 'java/lang/NoClassDefFoundError'{0x00000000c93951c0}: org/jooq/DSLContext> (0x00000000c93951c0) thrown at [src/hotspot/share/oops/constantPool.cpp, line 775]
Event: 1333.210 Thread 0x00007fd83c165000 Exception <a 'java/lang/NoClassDefFoundError'{0x00000000c93a1730}: org/springframework/batch/core/repository/JobRepository> (0x00000000c93a1730) thrown at [src/hotspot/share/oops/constantPool.cpp, line 775]
Event: 1333.210 Thread 0x00007fd83c165000 Exception <a 'java/lang/NoClassDefFoundError'{0x00000000c93a1a68}: org/quartz/Scheduler> (0x00000000c93a1a68) thrown at [src/hotspot/share/oops/constantPool.cpp, line 775]
Event: 1333.210 Thread 0x00007fd83c165000 Exception <a 'java/lang/NoClassDefFoundError'{0x00000000c93a1da0}: org/springframework/session/jdbc/JdbcIndexedSessionRepository> (0x00000000c93a1da0) thrown at [src/hotspot/share/oops/constantPool.cpp, line 775]
Event: 1333.349 Thread 0x00007fd83c165000 Exception <a 'java/io/FileNotFoundException'{0x00000000c988f990}> (0x00000000c988f990) thrown at [src/hotspot/share/prims/jni.cpp, line 616]
Event: 1333.365 Thread 0x00007fd83c165000 Exception <a 'java/io/FileNotFoundException'{0x00000000c964b7d8}> (0x00000000c964b7d8) thrown at [src/hotspot/share/prims/jni.cpp, line 616]
Event: 1333.756 Thread 0x00007fd83c165000 Exception <a 'java/lang/ClassNotFoundException'{0x00000000c8578fb0}: java/lang/ObjectCustomizer> (0x00000000c8578fb0) thrown at [src/hotspot/share/classfile/systemDictionary.cpp, line 231]
Event: 1333.756 Thread 0x00007fd83c165000 Exception <a 'java/lang/ClassNotFoundException'{0x00000000c858e010}: com/irdaislakhuafa/kopmart/models/entities/CategoryCustomizer> (0x00000000c858e010) thrown at [src/hotspot/share/classfile/systemDictionary.cpp, line 231]
Event: 1333.806 Thread 0x00007fd83c165000 Exception <a 'java/lang/ClassNotFoundException'{0x00000000caea3b50}: java/lang/ObjectCustomizer> (0x00000000caea3b50) thrown at [src/hotspot/share/classfile/systemDictionary.cpp, line 231]
Event: 1333.806 Thread 0x00007fd83c165000 Exception <a 'java/lang/ClassNotFoundException'{0x00000000caeb8860}: com/irdaislakhuafa/kopmart/models/entities/ProductCustomizer> (0x00000000caeb8860) thrown at [src/hotspot/share/classfile/systemDictionary.cpp, line 231]
Event: 1334.091 Thread 0x00007fd83c165000 Exception <a 'java/lang/ClassNotFoundException'{0x00000000c8f49680}: java/lang/ObjectCustomizer> (0x00000000c8f49680) thrown at [src/hotspot/share/classfile/systemDictionary.cpp, line 231]
Event: 1334.091 Thread 0x00007fd83c165000 Exception <a 'java/lang/ClassNotFoundException'{0x00000000c8f5da78}: com/irdaislakhuafa/kopmart/models/entities/KeranjangCustomizer> (0x00000000c8f5da78) thrown at [src/hotspot/share/classfile/systemDictionary.cpp, line 231]
Event: 1334.122 Thread 0x00007fd83c165000 Exception <a 'java/lang/ClassNotFoundException'{0x00000000cb2314d8}: java/lang/ObjectCustomizer> (0x00000000cb2314d8) thrown at [src/hotspot/share/classfile/systemDictionary.cpp, line 231]
Event: 1334.122 Thread 0x00007fd83c165000 Exception <a 'java/lang/ClassNotFoundException'{0x00000000cb244c00}: com/irdaislakhuafa/kopmart/models/entities/UserCustomizer> (0x00000000cb244c00) thrown at [src/hotspot/share/classfile/systemDictionary.cpp, line 231]
Event: 1334.167 Thread 0x00007fd83c165000 Exception <a 'java/net/BindException'{0x00000000cade0508}> (0x00000000cade0508) thrown at [src/hotspot/share/prims/jni.cpp, line 616]
Event: 1381.259 Thread 0x00007fd840035800 Exception <a 'java/lang/InterruptedException'{0x00000000caeeb078}: sleep interrupted> (0x00000000caeeb078) thrown at [src/hotspot/share/prims/jvm.cpp, line 3125]

Events (20 events):
Event: 1381.261 Executing VM operation: RevokeBias done
Event: 1381.265 Executing VM operation: RevokeBias
Event: 1381.265 Executing VM operation: RevokeBias done
Event: 1381.265 Executing VM operation: RevokeBias
Event: 1381.265 Executing VM operation: RevokeBias done
Event: 1381.268 Executing VM operation: RevokeBias
Event: 1381.269 Executing VM operation: RevokeBias done
Event: 1381.269 Executing VM operation: RevokeBias
Event: 1381.269 Executing VM operation: RevokeBias done
Event: 1381.269 Executing VM operation: RevokeBias
Event: 1381.270 Executing VM operation: RevokeBias done
Event: 1381.271 Executing VM operation: RevokeBias
Event: 1381.272 Executing VM operation: RevokeBias done
Event: 1381.273 Thread 0x00007fd828055800 Thread added: 0x00007fd828055800
Event: 1381.275 Thread 0x00007fd8403cc800 Thread exited: 0x00007fd8403cc800
Event: 1381.275 Protecting memory [0x00007fd8162f4000,0x00007fd8162f8000] with protection modes 0
Event: 1381.275 Executing VM operation: RevokeBias
Event: 1381.275 Executing VM operation: RevokeBias done
Event: 1381.277 Thread 0x00007fd828055800 Thread exited: 0x00007fd828055800
Event: 1381.278 Executing VM operation: G1CollectFull


Dynamic libraries:
c4600000-cb400000 rw-p 00000000 00:00 0 
cb400000-100000000 ---p 00000000 00:00 0 
100000000-100aa8000 rw-p 00000000 00:00 0 
100aa8000-140000000 ---p 00000000 00:00 0 
55bfd88e7000-55bfd88e8000 r--p 00000000 103:03 591840                    /usr/lib/jvm/java-11-openjdk/bin/java
55bfd88e8000-55bfd88e9000 r-xp 00001000 103:03 591840                    /usr/lib/jvm/java-11-openjdk/bin/java
55bfd88e9000-55bfd88ea000 r--p 00002000 103:03 591840                    /usr/lib/jvm/java-11-openjdk/bin/java
55bfd88ea000-55bfd88eb000 r--p 00002000 103:03 591840                    /usr/lib/jvm/java-11-openjdk/bin/java
55bfd88eb000-55bfd88ec000 rw-p 00003000 103:03 591840                    /usr/lib/jvm/java-11-openjdk/bin/java
55bfda871000-55bfda94b000 rw-p 00000000 00:00 0                          [heap]
7fd808000000-7fd8080e1000 rw-p 00000000 00:00 0 
7fd8080e1000-7fd80c000000 ---p 00000000 00:00 0 
7fd810000000-7fd810092000 rw-p 00000000 00:00 0 
7fd810092000-7fd814000000 ---p 00000000 00:00 0 
7fd8160f4000-7fd8162f4000 rw-p 00000000 00:00 0 
7fd8162f4000-7fd8162f8000 ---p 00000000 00:00 0 
7fd8162f8000-7fd8163f5000 rw-p 00000000 00:00 0 
7fd8163f5000-7fd8163f9000 ---p 00000000 00:00 0 
7fd8163f9000-7fd8164f6000 rw-p 00000000 00:00 0 
7fd8164f6000-7fd8164fa000 ---p 00000000 00:00 0 
7fd8164fa000-7fd8167f7000 rw-p 00000000 00:00 0 
7fd8167f7000-7fd8169f7000 rw-p 00000000 00:00 0 
7fd8169f7000-7fd816bf7000 rw-p 00000000 00:00 0 
7fd816bf7000-7fd816df7000 rw-p 00000000 00:00 0 
7fd816df7000-7fd816ff7000 rw-p 00000000 00:00 0 
7fd816ff7000-7fd816ffb000 ---p 00000000 00:00 0 
7fd816ffb000-7fd8172f8000 rw-p 00000000 00:00 0 
7fd8172f8000-7fd8174f8000 rw-p 00000000 00:00 0 
7fd8174f8000-7fd8174fc000 ---p 00000000 00:00 0 
7fd8174fc000-7fd8175f9000 rw-p 00000000 00:00 0 
7fd8175f9000-7fd8175fd000 ---p 00000000 00:00 0 
7fd8175fd000-7fd8178fa000 rw-p 00000000 00:00 0 
7fd8178fa000-7fd817afa000 rw-p 00000000 00:00 0 
7fd817afa000-7fd817afb000 ---p 00000000 00:00 0 
7fd817afb000-7fd817bfc000 rw-p 00000000 00:00 0 
7fd817bfc000-7fd817c00000 ---p 00000000 00:00 0 
7fd817c00000-7fd817cfd000 rw-p 00000000 00:00 0 
7fd817cfd000-7fd817d01000 ---p 00000000 00:00 0 
7fd817d01000-7fd817dfe000 rw-p 00000000 00:00 0 
7fd817dfe000-7fd817e02000 ---p 00000000 00:00 0 
7fd817e02000-7fd817eff000 rw-p 00000000 00:00 0 
7fd817eff000-7fd817f03000 ---p 00000000 00:00 0 
7fd817f03000-7fd818000000 rw-p 00000000 00:00 0 
7fd818000000-7fd8180e9000 rw-p 00000000 00:00 0 
7fd8180e9000-7fd81c000000 ---p 00000000 00:00 0 
7fd81c000000-7fd81c286000 rw-p 00000000 00:00 0 
7fd81c286000-7fd820000000 ---p 00000000 00:00 0 
7fd820000000-7fd8200b7000 rw-p 00000000 00:00 0 
7fd8200b7000-7fd824000000 ---p 00000000 00:00 0 
7fd824000000-7fd8240f1000 rw-p 00000000 00:00 0 
7fd8240f1000-7fd828000000 ---p 00000000 00:00 0 
7fd828000000-7fd8280e9000 rw-p 00000000 00:00 0 
7fd8280e9000-7fd82c000000 ---p 00000000 00:00 0 
7fd82c000000-7fd82c284000 rw-p 00000000 00:00 0 
7fd82c284000-7fd830000000 ---p 00000000 00:00 0 
7fd830000000-7fd830188000 rw-p 00000000 00:00 0 
7fd830188000-7fd834000000 ---p 00000000 00:00 0 
7fd834000000-7fd834103000 rw-p 00000000 00:00 0 
7fd834103000-7fd838000000 ---p 00000000 00:00 0 
7fd838000000-7fd83805b000 rw-p 00000000 00:00 0 
7fd83805b000-7fd83c000000 ---p 00000000 00:00 0 
7fd83c000000-7fd83c3a9000 rw-p 00000000 00:00 0 
7fd83c3a9000-7fd840000000 ---p 00000000 00:00 0 
7fd840000000-7fd84139a000 rw-p 00000000 00:00 0 
7fd84139a000-7fd844000000 ---p 00000000 00:00 0 
7fd844000000-7fd8440aa000 rw-p 00000000 00:00 0 
7fd8440aa000-7fd848000000 ---p 00000000 00:00 0 
7fd848000000-7fd848076000 rw-p 00000000 00:00 0 
7fd848076000-7fd84c000000 ---p 00000000 00:00 0 
7fd84c000000-7fd84c0a9000 rw-p 00000000 00:00 0 
7fd84c0a9000-7fd850000000 ---p 00000000 00:00 0 
7fd850000000-7fd850069000 rw-p 00000000 00:00 0 
7fd850069000-7fd854000000 ---p 00000000 00:00 0 
7fd854000000-7fd85404e000 rw-p 00000000 00:00 0 
7fd85404e000-7fd858000000 ---p 00000000 00:00 0 
7fd858000000-7fd858afc000 rw-p 00000000 00:00 0 
7fd858afc000-7fd85c000000 ---p 00000000 00:00 0 
7fd85c000000-7fd85c04f000 rw-p 00000000 00:00 0 
7fd85c04f000-7fd860000000 ---p 00000000 00:00 0 
7fd860000000-7fd860054000 rw-p 00000000 00:00 0 
7fd860054000-7fd864000000 ---p 00000000 00:00 0 
7fd864000000-7fd86409e000 rw-p 00000000 00:00 0 
7fd86409e000-7fd868000000 ---p 00000000 00:00 0 
7fd868000000-7fd868059000 rw-p 00000000 00:00 0 
7fd868059000-7fd86c000000 ---p 00000000 00:00 0 
7fd86c000000-7fd86c05f000 rw-p 00000000 00:00 0 
7fd86c05f000-7fd870004000 ---p 00000000 00:00 0 
7fd870004000-7fd870101000 rw-p 00000000 00:00 0 
7fd870101000-7fd870105000 ---p 00000000 00:00 0 
7fd870105000-7fd870202000 rw-p 00000000 00:00 0 
7fd870202000-7fd870206000 ---p 00000000 00:00 0 
7fd870206000-7fd870303000 rw-p 00000000 00:00 0 
7fd870303000-7fd870307000 ---p 00000000 00:00 0 
7fd870307000-7fd870604000 rw-p 00000000 00:00 0 
7fd870604000-7fd870804000 rw-p 00000000 00:00 0 
7fd870804000-7fd870a04000 rw-p 00000000 00:00 0 
7fd870a04000-7fd870c04000 rw-p 00000000 00:00 0 
7fd870c04000-7fd870e04000 rw-p 00000000 00:00 0 
7fd870e04000-7fd871004000 rw-p 00000000 00:00 0 
7fd871004000-7fd871008000 ---p 00000000 00:00 0 
7fd871008000-7fd871105000 rw-p 00000000 00:00 0 
7fd871105000-7fd871109000 ---p 00000000 00:00 0 
7fd871109000-7fd871406000 rw-p 00000000 00:00 0 
7fd871406000-7fd871606000 rw-p 00000000 00:00 0 
7fd871606000-7fd871806000 rw-p 00000000 00:00 0 
7fd871806000-7fd87180a000 ---p 00000000 00:00 0 
7fd87180a000-7fd871b07000 rw-p 00000000 00:00 0 
7fd871b07000-7fd871d07000 rw-p 00000000 00:00 0 
7fd871d07000-7fd871f07000 rw-p 00000000 00:00 0 
7fd871f07000-7fd872107000 rw-p 00000000 00:00 0 
7fd872107000-7fd872307000 rw-p 00000000 00:00 0 
7fd872307000-7fd87230b000 ---p 00000000 00:00 0 
7fd87230b000-7fd8725f4000 rw-p 00000000 00:00 0 
7fd8725f4000-7fd872608000 ---p 00000000 00:00 0 
7fd872608000-7fd872808000 rw-p 00000000 00:00 0 
7fd872808000-7fd872a08000 rw-p 00000000 00:00 0 
7fd872a08000-7fd872a0c000 ---p 00000000 00:00 0 
7fd872a0c000-7fd872b09000 rw-p 00000000 00:00 0 
7fd872b09000-7fd872b0a000 ---p 00000000 00:00 0 
7fd872b0a000-7fd872c0b000 rw-p 00000000 00:00 0 
7fd872c0b000-7fd872c0c000 ---p 00000000 00:00 0 
7fd872c0c000-7fd872f0d000 rw-p 00000000 00:00 0 
7fd872f0d000-7fd87310d000 rw-p 00000000 00:00 0 
7fd87310d000-7fd873111000 ---p 00000000 00:00 0 
7fd873111000-7fd87320e000 rw-p 00000000 00:00 0 
7fd87320e000-7fd873212000 ---p 00000000 00:00 0 
7fd873212000-7fd87350f000 rw-p 00000000 00:00 0 
7fd87350f000-7fd873510000 ---p 00000000 00:00 0 
7fd873510000-7fd873611000 rw-p 00000000 00:00 0 
7fd873611000-7fd873615000 ---p 00000000 00:00 0 
7fd873615000-7fd873712000 rw-p 00000000 00:00 0 
7fd873712000-7fd873713000 ---p 00000000 00:00 0 
7fd873713000-7fd873814000 rw-p 00000000 00:00 0 
7fd873814000-7fd873818000 ---p 00000000 00:00 0 
7fd873818000-7fd873915000 rw-p 00000000 00:00 0 
7fd873915000-7fd873919000 ---p 00000000 00:00 0 
7fd873919000-7fd873a16000 rw-p 00000000 00:00 0 
7fd873a16000-7fd873a1a000 ---p 00000000 00:00 0 
7fd873a1a000-7fd873b17000 rw-p 00000000 00:00 0 
7fd873b17000-7fd873b1b000 ---p 00000000 00:00 0 
7fd873b1b000-7fd873c18000 rw-p 00000000 00:00 0 
7fd873c18000-7fd873eff000 r--p 00000000 103:03 653290                    /usr/lib/locale/locale-archive
7fd873eff000-7fd873f03000 ---p 00000000 00:00 0 
7fd873f03000-7fd874000000 rw-p 00000000 00:00 0 
7fd874000000-7fd874031000 rw-p 00000000 00:00 0 
7fd874031000-7fd878000000 ---p 00000000 00:00 0 
7fd878000000-7fd878b8a000 rw-p 00000000 00:00 0 
7fd878b8a000-7fd87c000000 ---p 00000000 00:00 0 
7fd87c000000-7fd87c0a8000 rw-p 00000000 00:00 0 
7fd87c0a8000-7fd880000000 ---p 00000000 00:00 0 
7fd880000000-7fd880089000 rw-p 00000000 00:00 0 
7fd880089000-7fd884000000 ---p 00000000 00:00 0 
7fd884000000-7fd884056000 rw-p 00000000 00:00 0 
7fd884056000-7fd888000000 ---p 00000000 00:00 0 
7fd88802d000-7fd888031000 ---p 00000000 00:00 0 
7fd888031000-7fd88812e000 rw-p 00000000 00:00 0 
7fd88812e000-7fd88812f000 ---p 00000000 00:00 0 
7fd88812f000-7fd88a3e8000 rw-p 00000000 00:00 0 
7fd88a3e8000-7fd88b118000 ---p 00000000 00:00 0 
7fd88b118000-7fd88b2d0000 rw-p 00000000 00:00 0 
7fd88b2d0000-7fd88c000000 ---p 00000000 00:00 0 
7fd88c000000-7fd88c0c4000 rw-p 00000000 00:00 0 
7fd88c0c4000-7fd890000000 ---p 00000000 00:00 0 
7fd890053000-7fd890853000 rw-p 00000000 00:00 0 
7fd890853000-7fd890ac3000 rwxp 00000000 00:00 0 
7fd890ac3000-7fd890efa000 ---p 00000000 00:00 0 
7fd890efa000-7fd8924da000 rwxp 00000000 00:00 0 
7fd8924da000-7fd89f853000 ---p 00000000 00:00 0 
7fd89f853000-7fd8a8000000 r--s 00000000 103:03 415436                    /usr/lib/jvm/java-11-openjdk/lib/modules
7fd8a8000000-7fd8a87c6000 rw-p 00000000 00:00 0 
7fd8a87c6000-7fd8ac000000 ---p 00000000 00:00 0 
7fd8ac046000-7fd8ac06e000 rw-p 00000000 00:00 0 
7fd8ac06e000-7fd8ac06f000 r--p 00000000 103:03 418120                    /usr/lib/jvm/java-11-openjdk/lib/libextnet.so
7fd8ac06f000-7fd8ac070000 r-xp 00001000 103:03 418120                    /usr/lib/jvm/java-11-openjdk/lib/libextnet.so
7fd8ac070000-7fd8ac071000 r--p 00002000 103:03 418120                    /usr/lib/jvm/java-11-openjdk/lib/libextnet.so
7fd8ac071000-7fd8ac072000 r--p 00002000 103:03 418120                    /usr/lib/jvm/java-11-openjdk/lib/libextnet.so
7fd8ac072000-7fd8ac073000 rw-p 00003000 103:03 418120                    /usr/lib/jvm/java-11-openjdk/lib/libextnet.so
7fd8ac073000-7fd8ac075000 r--p 00000000 103:03 415419                    /usr/lib/jvm/java-11-openjdk/lib/libmanagement_ext.so
7fd8ac075000-7fd8ac078000 r-xp 00002000 103:03 415419                    /usr/lib/jvm/java-11-openjdk/lib/libmanagement_ext.so
7fd8ac078000-7fd8ac079000 r--p 00005000 103:03 415419                    /usr/lib/jvm/java-11-openjdk/lib/libmanagement_ext.so
7fd8ac079000-7fd8ac07a000 ---p 00006000 103:03 415419                    /usr/lib/jvm/java-11-openjdk/lib/libmanagement_ext.so
7fd8ac07a000-7fd8ac07b000 r--p 00006000 103:03 415419                    /usr/lib/jvm/java-11-openjdk/lib/libmanagement_ext.so
7fd8ac07b000-7fd8ac07c000 rw-p 00007000 103:03 415419                    /usr/lib/jvm/java-11-openjdk/lib/libmanagement_ext.so
7fd8ac07c000-7fd8ac0ad000 rw-p 00000000 00:00 0 
7fd8ac0ad000-7fd8ac0b1000 r--p 00000000 103:03 415415                    /usr/lib/jvm/java-11-openjdk/lib/libnet.so
7fd8ac0b1000-7fd8ac0c1000 r-xp 00004000 103:03 415415                    /usr/lib/jvm/java-11-openjdk/lib/libnet.so
7fd8ac0c1000-7fd8ac0c5000 r--p 00014000 103:03 415415                    /usr/lib/jvm/java-11-openjdk/lib/libnet.so
7fd8ac0c5000-7fd8ac0c6000 r--p 00017000 103:03 415415                    /usr/lib/jvm/java-11-openjdk/lib/libnet.so
7fd8ac0c6000-7fd8ac0c7000 rw-p 00018000 103:03 415415                    /usr/lib/jvm/java-11-openjdk/lib/libnet.so
7fd8ac0c7000-7fd8ac0ce000 r--p 00000000 103:03 415428                    /usr/lib/jvm/java-11-openjdk/lib/libnio.so
7fd8ac0ce000-7fd8ac0d5000 r-xp 00007000 103:03 415428                    /usr/lib/jvm/java-11-openjdk/lib/libnio.so
7fd8ac0d5000-7fd8ac0d8000 r--p 0000e000 103:03 415428                    /usr/lib/jvm/java-11-openjdk/lib/libnio.so
7fd8ac0d8000-7fd8ac0d9000 r--p 00010000 103:03 415428                    /usr/lib/jvm/java-11-openjdk/lib/libnio.so
7fd8ac0d9000-7fd8ac0da000 rw-p 00011000 103:03 415428                    /usr/lib/jvm/java-11-openjdk/lib/libnio.so
7fd8ac0da000-7fd8ac220000 rw-p 00000000 00:00 0 
7fd8ac220000-7fd8ac221000 ---p 00000000 00:00 0 
7fd8ac221000-7fd8ac322000 rw-p 00000000 00:00 0 
7fd8ac322000-7fd8ac323000 ---p 00000000 00:00 0 
7fd8ac323000-7fd8ac828000 rw-p 00000000 00:00 0 
7fd8ac828000-7fd8ac829000 ---p 00000000 00:00 0 
7fd8ac829000-7fd8ac92a000 rw-p 00000000 00:00 0 
7fd8ac92a000-7fd8ac92b000 ---p 00000000 00:00 0 
7fd8ac92b000-7fd8aca83000 rw-p 00000000 00:00 0 
7fd8aca83000-7fd8acc29000 ---p 00000000 00:00 0 
7fd8acc29000-7fd8acc60000 rw-p 00000000 00:00 0 
7fd8acc60000-7fd8ace06000 ---p 00000000 00:00 0 
7fd8ace06000-7fd8ace3d000 rw-p 00000000 00:00 0 
7fd8ace3d000-7fd8acfe3000 ---p 00000000 00:00 0 
7fd8acfe3000-7fd8ad3e7000 rw-p 00000000 00:00 0 
7fd8ad3e7000-7fd8ad3e8000 ---p 00000000 00:00 0 
7fd8ad3e8000-7fd8ad515000 rw-p 00000000 00:00 0 
7fd8ad515000-7fd8ad6bc000 ---p 00000000 00:00 0 
7fd8ad6bc000-7fd8ad6c1000 rw-p 00000000 00:00 0 
7fd8ad6c1000-7fd8ad6ca000 ---p 00000000 00:00 0 
7fd8ad6ca000-7fd8ad6cd000 r--p 00000000 103:03 541236                    /usr/lib/libnss_files-2.33.so
7fd8ad6cd000-7fd8ad6d4000 r-xp 00003000 103:03 541236                    /usr/lib/libnss_files-2.33.so
7fd8ad6d4000-7fd8ad6d6000 r--p 0000a000 103:03 541236                    /usr/lib/libnss_files-2.33.so
7fd8ad6d6000-7fd8ad6d7000 r--p 0000b000 103:03 541236                    /usr/lib/libnss_files-2.33.so
7fd8ad6d7000-7fd8ad6d8000 rw-p 0000c000 103:03 541236                    /usr/lib/libnss_files-2.33.so
7fd8ad6d8000-7fd8ad6de000 rw-p 00000000 00:00 0 
7fd8ad6df000-7fd8ad6e2000 r--p 00000000 103:03 415423                    /usr/lib/jvm/java-11-openjdk/lib/libmanagement.so
7fd8ad6e2000-7fd8ad6e3000 r-xp 00003000 103:03 415423                    /usr/lib/jvm/java-11-openjdk/lib/libmanagement.so
7fd8ad6e3000-7fd8ad6e4000 r--p 00004000 103:03 415423                    /usr/lib/jvm/java-11-openjdk/lib/libmanagement.so
7fd8ad6e4000-7fd8ad6e5000 r--p 00004000 103:03 415423                    /usr/lib/jvm/java-11-openjdk/lib/libmanagement.so
7fd8ad6e5000-7fd8ad6e6000 rw-p 00005000 103:03 415423                    /usr/lib/jvm/java-11-openjdk/lib/libmanagement.so
7fd8ad6e6000-7fd8ad6e8000 r--p 00000000 103:03 415437                    /usr/lib/jvm/java-11-openjdk/lib/libzip.so
7fd8ad6e8000-7fd8ad6ec000 r-xp 00002000 103:03 415437                    /usr/lib/jvm/java-11-openjdk/lib/libzip.so
7fd8ad6ec000-7fd8ad6ee000 r--p 00006000 103:03 415437                    /usr/lib/jvm/java-11-openjdk/lib/libzip.so
7fd8ad6ee000-7fd8ad6ef000 r--p 00007000 103:03 415437                    /usr/lib/jvm/java-11-openjdk/lib/libzip.so
7fd8ad6ef000-7fd8ad6f0000 rw-p 00008000 103:03 415437                    /usr/lib/jvm/java-11-openjdk/lib/libzip.so
7fd8ad6f0000-7fd8ad6f8000 rw-s 00000000 00:2e 1211                       /tmp/hsperfdata_artix/6665
7fd8ad6f8000-7fd8ad6f9000 ---p 00000000 00:00 0 
7fd8ad6f9000-7fd8ad6fa000 r--p 00000000 00:00 0 
7fd8ad6fa000-7fd8ad708000 r--p 00000000 103:03 418135                    /usr/lib/jvm/java-11-openjdk/lib/libjava.so
7fd8ad708000-7fd8ad71d000 r-xp 0000e000 103:03 418135                    /usr/lib/jvm/java-11-openjdk/lib/libjava.so
7fd8ad71d000-7fd8ad723000 r--p 00023000 103:03 418135                    /usr/lib/jvm/java-11-openjdk/lib/libjava.so
7fd8ad723000-7fd8ad724000 ---p 00029000 103:03 418135                    /usr/lib/jvm/java-11-openjdk/lib/libjava.so
7fd8ad724000-7fd8ad725000 r--p 00029000 103:03 418135                    /usr/lib/jvm/java-11-openjdk/lib/libjava.so
7fd8ad725000-7fd8ad726000 rw-p 0002a000 103:03 418135                    /usr/lib/jvm/java-11-openjdk/lib/libjava.so
7fd8ad726000-7fd8ad727000 rw-p 00000000 00:00 0 
7fd8ad727000-7fd8ad72a000 r--p 00000000 103:03 541251                    /usr/lib/librt-2.33.so
7fd8ad72a000-7fd8ad72e000 r-xp 00003000 103:03 541251                    /usr/lib/librt-2.33.so
7fd8ad72e000-7fd8ad730000 r--p 00007000 103:03 541251                    /usr/lib/librt-2.33.so
7fd8ad730000-7fd8ad731000 r--p 00008000 103:03 541251                    /usr/lib/librt-2.33.so
7fd8ad731000-7fd8ad732000 rw-p 00009000 103:03 541251                    /usr/lib/librt-2.33.so
7fd8ad732000-7fd8ad736000 ---p 00000000 00:00 0 
7fd8ad736000-7fd8ad833000 rw-p 00000000 00:00 0 
7fd8ad833000-7fd8ad836000 r--p 00000000 103:03 680088                    /usr/lib/libgcc_s.so.1
7fd8ad836000-7fd8ad848000 r-xp 00003000 103:03 680088                    /usr/lib/libgcc_s.so.1
7fd8ad848000-7fd8ad84b000 r--p 00015000 103:03 680088                    /usr/lib/libgcc_s.so.1
7fd8ad84b000-7fd8ad84c000 ---p 00018000 103:03 680088                    /usr/lib/libgcc_s.so.1
7fd8ad84c000-7fd8ad84d000 r--p 00018000 103:03 680088                    /usr/lib/libgcc_s.so.1
7fd8ad84d000-7fd8ad84e000 rw-p 00019000 103:03 680088                    /usr/lib/libgcc_s.so.1
7fd8ad84e000-7fd8ad85d000 r--p 00000000 103:03 541215                    /usr/lib/libm-2.33.so
7fd8ad85d000-7fd8ad8f8000 r-xp 0000f000 103:03 541215                    /usr/lib/libm-2.33.so
7fd8ad8f8000-7fd8ad990000 r--p 000aa000 103:03 541215                    /usr/lib/libm-2.33.so
7fd8ad990000-7fd8ad991000 ---p 00142000 103:03 541215                    /usr/lib/libm-2.33.so
7fd8ad991000-7fd8ad992000 r--p 00142000 103:03 541215                    /usr/lib/libm-2.33.so
7fd8ad992000-7fd8ad993000 rw-p 00143000 103:03 541215                    /usr/lib/libm-2.33.so
7fd8ad993000-7fd8ada2c000 r--p 00000000 103:03 677876                    /usr/lib/libstdc++.so.6.0.29
7fd8ada2c000-7fd8adb2c000 r-xp 00099000 103:03 677876                    /usr/lib/libstdc++.so.6.0.29
7fd8adb2c000-7fd8adb98000 r--p 00199000 103:03 677876                    /usr/lib/libstdc++.so.6.0.29
7fd8adb98000-7fd8adba5000 r--p 00204000 103:03 677876                    /usr/lib/libstdc++.so.6.0.29
7fd8adba5000-7fd8adba6000 rw-p 00211000 103:03 677876                    /usr/lib/libstdc++.so.6.0.29
7fd8adba6000-7fd8adba9000 rw-p 00000000 00:00 0 
7fd8adba9000-7fd8ade22000 r--p 00000000 103:03 13024                     /usr/lib/jvm/java-11-openjdk/lib/server/libjvm.so
7fd8ade22000-7fd8aea8b000 r-xp 00279000 103:03 13024                     /usr/lib/jvm/java-11-openjdk/lib/server/libjvm.so
7fd8aea8b000-7fd8aed5d000 r--p 00ee2000 103:03 13024                     /usr/lib/jvm/java-11-openjdk/lib/server/libjvm.so
7fd8aed5d000-7fd8aed5e000 ---p 011b4000 103:03 13024                     /usr/lib/jvm/java-11-openjdk/lib/server/libjvm.so
7fd8aed5e000-7fd8aee1f000 r--p 011b4000 103:03 13024                     /usr/lib/jvm/java-11-openjdk/lib/server/libjvm.so
7fd8aee1f000-7fd8aee59000 rw-p 01275000 103:03 13024                     /usr/lib/jvm/java-11-openjdk/lib/server/libjvm.so
7fd8aee59000-7fd8aeeb1000 rw-p 00000000 00:00 0 
7fd8aeeb1000-7fd8aeeb8000 r--p 00000000 103:03 541243                    /usr/lib/libpthread-2.33.so
7fd8aeeb8000-7fd8aeec7000 r-xp 00007000 103:03 541243                    /usr/lib/libpthread-2.33.so
7fd8aeec7000-7fd8aeecc000 r--p 00016000 103:03 541243                    /usr/lib/libpthread-2.33.so
7fd8aeecc000-7fd8aeecd000 r--p 0001a000 103:03 541243                    /usr/lib/libpthread-2.33.so
7fd8aeecd000-7fd8aeece000 rw-p 0001b000 103:03 541243                    /usr/lib/libpthread-2.33.so
7fd8aeece000-7fd8aeed2000 rw-p 00000000 00:00 0 
7fd8aeed2000-7fd8aeed4000 r--p 00000000 103:03 541209                    /usr/lib/libdl-2.33.so
7fd8aeed4000-7fd8aeed6000 r-xp 00002000 103:03 541209                    /usr/lib/libdl-2.33.so
7fd8aeed6000-7fd8aeed7000 r--p 00004000 103:03 541209                    /usr/lib/libdl-2.33.so
7fd8aeed7000-7fd8aeed8000 r--p 00004000 103:03 541209                    /usr/lib/libdl-2.33.so
7fd8aeed8000-7fd8aeed9000 rw-p 00005000 103:03 541209                    /usr/lib/libdl-2.33.so
7fd8aeed9000-7fd8aeedc000 r--p 00000000 103:03 911054                    /usr/lib/libz.so.1.2.11
7fd8aeedc000-7fd8aeeea000 r-xp 00003000 103:03 911054                    /usr/lib/libz.so.1.2.11
7fd8aeeea000-7fd8aeef0000 r--p 00011000 103:03 911054                    /usr/lib/libz.so.1.2.11
7fd8aeef0000-7fd8aeef1000 ---p 00017000 103:03 911054                    /usr/lib/libz.so.1.2.11
7fd8aeef1000-7fd8aeef2000 r--p 00017000 103:03 911054                    /usr/lib/libz.so.1.2.11
7fd8aeef2000-7fd8aeef3000 rw-p 00018000 103:03 911054                    /usr/lib/libz.so.1.2.11
7fd8aeef3000-7fd8aef19000 r--p 00000000 103:03 541201                    /usr/lib/libc-2.33.so
7fd8aef19000-7fd8af065000 r-xp 00026000 103:03 541201                    /usr/lib/libc-2.33.so
7fd8af065000-7fd8af0b1000 r--p 00172000 103:03 541201                    /usr/lib/libc-2.33.so
7fd8af0b1000-7fd8af0b4000 r--p 001bd000 103:03 541201                    /usr/lib/libc-2.33.so
7fd8af0b4000-7fd8af0b7000 rw-p 001c0000 103:03 541201                    /usr/lib/libc-2.33.so
7fd8af0b7000-7fd8af0c0000 rw-p 00000000 00:00 0 
7fd8af0c0000-7fd8af0c2000 r--p 00000000 103:03 418141                    /usr/lib/jvm/java-11-openjdk/lib/libjimage.so
7fd8af0c2000-7fd8af0c5000 r-xp 00002000 103:03 418141                    /usr/lib/jvm/java-11-openjdk/lib/libjimage.so
7fd8af0c5000-7fd8af0c6000 r--p 00005000 103:03 418141                    /usr/lib/jvm/java-11-openjdk/lib/libjimage.so
7fd8af0c6000-7fd8af0c7000 ---p 00006000 103:03 418141                    /usr/lib/jvm/java-11-openjdk/lib/libjimage.so
7fd8af0c7000-7fd8af0c8000 r--p 00006000 103:03 418141                    /usr/lib/jvm/java-11-openjdk/lib/libjimage.so
7fd8af0c8000-7fd8af0c9000 rw-p 00007000 103:03 418141                    /usr/lib/jvm/java-11-openjdk/lib/libjimage.so
7fd8af0c9000-7fd8af0ce000 r--p 00000000 103:03 415439                    /usr/lib/jvm/java-11-openjdk/lib/libverify.so
7fd8af0ce000-7fd8af0d5000 r-xp 00005000 103:03 415439                    /usr/lib/jvm/java-11-openjdk/lib/libverify.so
7fd8af0d5000-7fd8af0d7000 r--p 0000c000 103:03 415439                    /usr/lib/jvm/java-11-openjdk/lib/libverify.so
7fd8af0d7000-7fd8af0d9000 r--p 0000d000 103:03 415439                    /usr/lib/jvm/java-11-openjdk/lib/libverify.so
7fd8af0d9000-7fd8af0da000 rw-p 0000f000 103:03 415439                    /usr/lib/jvm/java-11-openjdk/lib/libverify.so
7fd8af0da000-7fd8af0dd000 r--p 00000000 103:03 591721                    /usr/lib/jvm/java-11-openjdk/lib/jli/libjli.so
7fd8af0dd000-7fd8af0e7000 r-xp 00003000 103:03 591721                    /usr/lib/jvm/java-11-openjdk/lib/jli/libjli.so
7fd8af0e7000-7fd8af0ea000 r--p 0000d000 103:03 591721                    /usr/lib/jvm/java-11-openjdk/lib/jli/libjli.so
7fd8af0ea000-7fd8af0eb000 ---p 00010000 103:03 591721                    /usr/lib/jvm/java-11-openjdk/lib/jli/libjli.so
7fd8af0eb000-7fd8af0ec000 r--p 00010000 103:03 591721                    /usr/lib/jvm/java-11-openjdk/lib/jli/libjli.so
7fd8af0ec000-7fd8af0ed000 rw-p 00011000 103:03 591721                    /usr/lib/jvm/java-11-openjdk/lib/jli/libjli.so
7fd8af0ed000-7fd8af0ef000 rw-p 00000000 00:00 0 
7fd8af0ef000-7fd8af0f0000 r--p 00000000 103:03 541190                    /usr/lib/ld-2.33.so
7fd8af0f0000-7fd8af114000 r-xp 00001000 103:03 541190                    /usr/lib/ld-2.33.so
7fd8af114000-7fd8af11d000 r--p 00025000 103:03 541190                    /usr/lib/ld-2.33.so
7fd8af11e000-7fd8af120000 r--p 0002e000 103:03 541190                    /usr/lib/ld-2.33.so
7fd8af120000-7fd8af122000 rw-p 00030000 103:03 541190                    /usr/lib/ld-2.33.so
7fff292bd000-7fff292e0000 rw-p 00000000 00:00 0                          [stack]
7fff2934b000-7fff2934f000 r--p 00000000 00:00 0                          [vvar]
7fff2934f000-7fff29351000 r-xp 00000000 00:00 0                          [vdso]
ffffffffff600000-ffffffffff601000 --xp 00000000 00:00 0                  [vsyscall]


VM Arguments:
jvm_args: -Xverify:none -XX:TieredStopAtLevel=1 
java_command: com.irdaislakhuafa.kopmart.KopmartApplication
java_class_path (initial): /media/My_Drive/Kelas Terbuka/Projects/kopmart/target/classes:/home/artix/.m2/repository/org/springframework/spring-aop/5.3.10/spring-aop-5.3.10.jar:/home/artix/.m2/repository/org/aspectj/aspectjweaver/1.9.7/aspectjweaver-1.9.7.jar:/home/artix/.m2/repository/com/zaxxer/HikariCP/4.0.3/HikariCP-4.0.3.jar:/home/artix/.m2/repository/org/springframework/spring-jdbc/5.3.10/spring-jdbc-5.3.10.jar:/home/artix/.m2/repository/jakarta/transaction/jakarta.transaction-api/1.3.3/jakarta.transaction-api-1.3.3.jar:/home/artix/.m2/repository/jakarta/persistence/jakarta.persistence-api/2.2.3/jakarta.persistence-api-2.2.3.jar:/home/artix/.m2/repository/org/hibernate/hibernate-core/5.4.32.Final/hibernate-core-5.4.32.Final.jar:/home/artix/.m2/repository/org/jboss/logging/jboss-logging/3.4.2.Final/jboss-logging-3.4.2.Final.jar:/home/artix/.m2/repository/org/javassist/javassist/3.27.0-GA/javassist-3.27.0-GA.jar:/home/artix/.m2/repository/net/bytebuddy/byte-buddy/1.10.22/byte-buddy-1.10.22.jar:/home/artix/.m2/repository/antlr/antlr/2.7.7/antlr-2.7.7.jar:/home/artix/.m2/repository/org/jboss/jandex/2.2.3.Final/jandex-2.2.3.Final.jar:/home/artix/.m2/repository/com/fasterxml/classmate/1.5.1/classmate-1.5.1.jar:/home/artix/.m2/repository/org/dom4j/dom4j/2.1.3/dom4j-2.1.3.jar:/home/artix/.m2/repository/org/hibernate/common/hibernate-commons-annotations/5.1.2.Final/hibernate-commons-annotations-5.1.2.Final.jar:/home/artix/.m2/repository/org/glassfish/jaxb/jaxb-runtime/2.3.5/jaxb-runtime-2.3.5.jar:/home/artix/.m2/repository/org/glassfish/jaxb/txw2/2.3.5/txw2-2.3.5.jar:/home/artix/.m2/repository/com/sun/istack/istack-commons-runtime/3.0.12/istack-commons-runtime-3.0.12.jar:/home/artix/.m2/repository/com/sun/activation/jakarta.activation/1.2.2/jakarta.activation-1.2.2.jar:/home/artix/.m2/repository/org/springframework/data/spring-data-jpa/2.5.5/spring-data-jpa-2.5.5.jar:/home/artix/.m2/repository/org/springframework/data/spring-data-commons/2.5.5/spring-data-commons-2.5.
Launcher Type: SUN_STANDARD

[Global flags]
     bool BytecodeVerificationLocal                = false                                     {product} {command line}
     bool BytecodeVerificationRemote               = false                                     {product} {command line}
     intx CICompilerCount                          = 3                                         {product} {ergonomic}
     uint ConcGCThreads                            = 1                                         {product} {ergonomic}
     uint G1ConcRefinementThreads                  = 4                                         {product} {ergonomic}
   size_t G1HeapRegionSize                         = 1048576                                   {product} {ergonomic}
    uintx GCDrainStackTargetSize                   = 64                                        {product} {ergonomic}
   size_t InitialHeapSize                          = 62914560                                  {product} {ergonomic}
   size_t MarkStackSize                            = 4194304                                   {product} {ergonomic}
   size_t MaxHeapSize                              = 1000341504                                {product} {ergonomic}
   size_t MaxNewSize                               = 599785472                                 {product} {ergonomic}
   size_t MinHeapDeltaBytes                        = 1048576                                   {product} {ergonomic}
    uintx NonNMethodCodeHeapSize                   = 6973028                                {pd product} {ergonomic}
    uintx NonProfiledCodeHeapSize                  = 244685212                              {pd product} {ergonomic}
    uintx ProfiledCodeHeapSize                     = 0                                      {pd product} {ergonomic}
    uintx ReservedCodeCacheSize                    = 251658240                              {pd product} {ergonomic}
     bool SegmentedCodeCache                       = true                                      {product} {ergonomic}
     intx TieredStopAtLevel                        = 1                                         {product} {command line}
     bool UseCompressedClassPointers               = true                                 {lp64_product} {ergonomic}
     bool UseCompressedOops                        = true                                 {lp64_product} {ergonomic}
     bool UseG1GC                                  = true                                      {product} {ergonomic}

Logging:
Log output configuration:
 #0: stdout all=warning uptime,level,tags
 #1: stderr all=off uptime,level,tags

Environment Variables:
JAVA_HOME=/usr/lib/jvm/default/
PATH=/home/artix/Applications:/opt/lampp:/opt/lampp/bin:/opt/lappstack-7.4.22-0:/opt/lappstack-7.4.22-0/postgresql/bin:/home/artix/Applications:/opt/lampp:/opt/lampp/bin:/opt/lappstack-7.4.22-0:/opt/lappstack-7.4.22-0/postgresql/bin:/usr/local/bin:/usr/local/sbin:/usr/bin:/opt/android-sdk/platform-tools:/opt/android-sdk/tools:/opt/android-sdk/tools/bin:/usr/lib/jvm/default/bin:/usr/bin/site_perl:/usr/bin/vendor_perl:/usr/bin/core_perl:/opt/android-sdk/platform-tools:/opt/android-sdk/tools:/opt/android-sdk/tools/bin:/usr/lib/jvm/default/bin
SHELL=/usr/bin/zsh
DISPLAY=:0.0
LANG=en_US.UTF-8

Signal Handlers:
SIGSEGV: [libjvm.so+0xe68600], sa_mask[0]=11111111011111111101111111111110, sa_flags=SA_RESTART|SA_SIGINFO
SIGBUS: [libjvm.so+0xe68600], sa_mask[0]=11111111011111111101111111111110, sa_flags=SA_RESTART|SA_SIGINFO
SIGFPE: [libjvm.so+0xe68600], sa_mask[0]=11111111011111111101111111111110, sa_flags=SA_RESTART|SA_SIGINFO
SIGPIPE: [libjvm.so+0xc52910], sa_mask[0]=11111111011111111101111111111110, sa_flags=SA_RESTART|SA_SIGINFO
SIGXFSZ: [libjvm.so+0xc52910], sa_mask[0]=11111111011111111101111111111110, sa_flags=SA_RESTART|SA_SIGINFO
SIGILL: [libjvm.so+0xe68600], sa_mask[0]=11111111011111111101111111111110, sa_flags=SA_RESTART|SA_SIGINFO
SIGUSR2: [libjvm.so+0xc52790], sa_mask[0]=00100000000000000000000000000000, sa_flags=SA_RESTART|SA_SIGINFO
SIGHUP: [libjvm.so+0xc52da0], sa_mask[0]=11111111011111111101111111111110, sa_flags=SA_RESTART|SA_SIGINFO
SIGINT: [libjvm.so+0xc52da0], sa_mask[0]=11111111011111111101111111111110, sa_flags=SA_RESTART|SA_SIGINFO
SIGTERM: [libjvm.so+0xc52da0], sa_mask[0]=11111111011111111101111111111110, sa_flags=SA_RESTART|SA_SIGINFO
SIGQUIT: [libjvm.so+0xc52da0], sa_mask[0]=11111111011111111101111111111110, sa_flags=SA_RESTART|SA_SIGINFO


---------------  S Y S T E M  ---------------

OS:LSB_VERSION=1.4
DISTRIB_ID=Artix
DISTRIB_RELEASE=rolling
DISTRIB_DESCRIPTION="Artix Linux"
uname:Linux 5.16.1-artix1-1 #1 SMP PREEMPT Sun, 16 Jan 2022 13:15:01 +0000 x86_64
OS uptime: 0 days 2:33 hours
libc:glibc 2.33 NPTL 2.33 
rlimit (soft/hard): STACK 8192k/infinity , CORE 0k/infinity , NPROC 15167/15167 , NOFILE 4096/4096 , AS infinity/infinity , CPU infinity/infinity , DATA infinity/infinity , FSIZE infinity/infinity , MEMLOCK 8192k/8192k
load average:2.04 2.67 2.74

/proc/meminfo:
MemTotal:        3900376 kB
MemFree:           96136 kB
MemAvailable:      76288 kB
Buffers:               0 kB
Cached:           289372 kB
SwapCached:         3968 kB
Active:           373588 kB
Inactive:         913344 kB
Active(anon):     286312 kB
Inactive(anon):   869960 kB
Active(file):      87276 kB
Inactive(file):    43384 kB
Unevictable:        8680 kB
Mlocked:               0 kB
SwapTotal:      12582908 kB
SwapFree:        7081672 kB
Dirty:               132 kB
Writeback:             0 kB
AnonPages:       1004760 kB
Mapped:           152504 kB
Shmem:            158448 kB
KReclaimable:      75764 kB
Slab:             228936 kB
SReclaimable:      75764 kB
SUnreclaim:       153172 kB
KernelStack:       16184 kB
PageTables:        45536 kB
NFS_Unstable:          0 kB
Bounce:                0 kB
WritebackTmp:          0 kB
CommitLimit:    14533096 kB
Committed_AS:   13613560 kB
VmallocTotal:   34359738367 kB
VmallocUsed:      190936 kB
VmallocChunk:          0 kB
Percpu:             1120 kB
HardwareCorrupted:     0 kB
AnonHugePages:         0 kB
ShmemHugePages:        0 kB
ShmemPmdMapped:        0 kB
FileHugePages:         0 kB
FilePmdMapped:         0 kB
CmaTotal:              0 kB
CmaFree:               0 kB
HugePages_Total:       0
HugePages_Free:        0
HugePages_Rsvd:        0
HugePages_Surp:        0
Hugepagesize:       2048 kB
Hugetlb:               0 kB
DirectMap4k:      469900 kB
DirectMap2M:     3606528 kB
DirectMap1G:           0 kB

/sys/kernel/mm/transparent_hugepage/enabled:
always [madvise] never
/sys/kernel/mm/transparent_hugepage/defrag (defrag/compaction efforts parameter):
always defer defer+madvise [madvise] never

Process Memory:
Virtual Size: 4663736K (peak: 4698796K)
Resident Set Size: 136980K (peak: 250832K) (anon: 127840K, file: 9124K, shmem: 16K)
Swapped out: 159788K
C-Heap outstanding allocations: 47048K

/proc/sys/kernel/threads-max (system-wide limit on the number of threads):
30334
/proc/sys/vm/max_map_count (maximum number of memory map areas a process may have):
65530
/proc/sys/kernel/pid_max (system-wide limit on number of process identifiers):
32768

container (cgroup) information:
container_type: cgroupv1
cpu_cpuset_cpus: 0-3
cpu_memory_nodes: 0
active_processor_count: 4
cpu_quota: -1
cpu_period: 100000
cpu_shares: -1
memory_limit_in_bytes: -1
memory_and_swap_limit_in_bytes: -1
memory_soft_limit_in_bytes: -1
memory_usage_in_bytes: 1324912640
memory_max_usage_in_bytes: 0

Steal ticks since vm start: 0
Steal ticks percentage since vm start:  0.000

CPU:total 4 (initial active 4) (2 cores per cpu, 2 threads per core) family 6 model 142 stepping 12 microcode 0xea, cmov, cx8, fxsr, mmx, sse, sse2, sse3, ssse3, sse4.1, sse4.2, popcnt, avx, avx2, aes, clmul, erms, 3dnowpref, lzcnt, ht, tsc, tscinvbit, bmi1, bmi2, adx, fma
CPU Model and flags from /proc/cpuinfo:
model name	: Intel(R) Core(TM) i3-8145U CPU @ 2.10GHz
flags		: fpu vme de pse tsc msr pae mce cx8 apic sep mtrr pge mca cmov pat pse36 clflush dts acpi mmx fxsr sse sse2 ss ht tm pbe syscall nx pdpe1gb rdtscp lm constant_tsc art arch_perfmon pebs bts rep_good nopl xtopology nonstop_tsc cpuid aperfmperf pni pclmulqdq dtes64 monitor ds_cpl vmx est tm2 ssse3 sdbg fma cx16 xtpr pdcm pcid sse4_1 sse4_2 x2apic movbe popcnt tsc_deadline_timer aes xsave avx f16c rdrand lahf_lm abm 3dnowprefetch cpuid_fault epb invpcid_single ssbd ibrs ibpb stibp ibrs_enhanced tpr_shadow vnmi flexpriority ept vpid ept_ad fsgsbase tsc_adjust bmi1 avx2 smep bmi2 erms invpcid mpx rdseed adx smap clflushopt intel_pt xsaveopt xsavec xgetbv1 xsaves dtherm ida arat pln pts hwp hwp_notify hwp_act_window hwp_epp md_clear flush_l1d arch_capabilities
Online cpus:
0-3
Offline cpus:

BIOS frequency limitation:
<Not Available>
Frequency switch latency (ns):
0
Available cpu frequencies:
<Not Available>
Current governor:
powersave
Core performance/turbo boost:
<Not Available>

Memory: 4k page, physical 3900376k(96136k free), swap 12582908k(7081672k free)

vm_info: OpenJDK 64-Bit Server VM (11.0.13+8) for linux-amd64 JRE (11.0.13+8), built on Nov 10 2021 17:02:42 by "builduser" with gcc 11.1.0

END.
